
===========================================================================
Caching Murphi Release 5.5.0
Finite-state Concurrent System Compiler.

Caching Murphi Release 5.5.0 is based on Murphi release 3.1.
Caching Murphi Release 5.5.0 :
Copyright (C) 2009 - 2012 by Sapienza University of Rome.
Murphi Release 3.1 :
Copyright (C) 1992 - 1999 by the Board of Trustees of
Leland Stanford Junior University.
===========================================================================
Call with the -l flag or read the license file for terms
and conditions of use.
Run this program with "-h" for the list of options.
Bugs, questions, and comments should be directed to
"melatti@di.uniroma1.it".

CMurphi compiler last compiled date: Nov 20 2022
===========================================================================
Remote Lock Release
Home Lock Release
Remote Lock Acquire
Home Lock Acquire

-------begin: declare part!-------
  mu_LockOwnerppp0mu_h0qqqppp0mu_l0qqq.mu_State is declared as enum type
  mu_Homesppp0mu_h0qqq.mu_LDirppp0mu_l0qqq.mu_State is declared as enum type
-------end: declare part!---------

invariant in string format: 
  (assert (=> (= mu_LockOwnerppp0mu_h0qqqppp0mu_l0qqq.mu_State mu_Valid) (not (= mu_Homesppp0mu_h0qqq.mu_LDirppp0mu_l0qqq.mu_State mu_Locked))))

--transfering input string to Z3 format... 
--transfer successfully! 

Z3 give a goal state successfully!

Code generated in file ./benchmarks/murphi_protocols/ldash.cpp
