This program should be regarded as a DEBUGGING aid, not as a 
certifier of correctness.
Call with the -l flag or read the license file for terms
and conditions of use.
Run this program with "-h" for the list of options.

Bugs, questions, and comments should be directed to
"melatti@di.uniroma1.it".

CMurphi compiler last modified date: Jan  8 2023
Include files last modified date:    Jul 23 2021
==========================================================================

==========================================================================
Caching Murphi Release 5.5.0
Finite-state Concurrent System Verifier.

Caching Murphi Release 5.5.0 is based on various versions of Murphi.
Caching Murphi Release 5.5.0 :
Copyright (C) 2009-2012 by Sapienza University of Rome.
Murphi release 3.1 :
Copyright (C) 1992 - 1999 by the Board of Trustees of
Leland Stanford Junior University.

==========================================================================

Protocol: ./TL_states/TL-C_v4.3.1

Algorithm:
	Verification by depth first search.
	with symmetry algorithm 3 -- Heuristic Small Memory Normalization
	with permutation trial limit 10.

Memory usage:

	* The size of each state is 1768 bits (rounded up to 224 bytes).
	* The memory allocated for the hash table and state queue is
	  52428 Mbytes.
	  With two words of overhead per state, the maximum size of
	  the state space is 225209623 states.
	   * Use option "-k" or "-m" to increase this, if necessary.
	* Capacity in queue for depth-first search: 22520962 states.
	   * Change the constant gPercentActiveStates in mu_prolog.inc
	     to increase this, if necessary.

Warning: No trace will not be printed in the case of protocol errors!
         Check the options if you want to have error traces.

Progress Report:

	100000 states explored in 23.19s, with 395752 rules fired and 71578 states in the queue.
	200000 states explored in 25.65s, with 779943 rules fired and 144760 states in the queue.
	300000 states explored in 28.26s, with 1184505 rules fired and 216140 states in the queue.
	400000 states explored in 30.91s, with 1596538 rules fired and 286871 states in the queue.
	500000 states explored in 33.35s, with 1980544 rules fired and 359547 states in the queue.
	600000 states explored in 35.96s, with 2387367 rules fired and 430414 states in the queue.
	700000 states explored in 38.61s, with 2798105 rules fired and 500865 states in the queue.
	800000 states explored in 41.26s, with 3211371 rules fired and 570686 states in the queue.
	900000 states explored in 43.82s, with 3609185 rules fired and 642699 states in the queue.
	1000000 states explored in 46.46s, with 4018839 rules fired and 713456 states in the queue.
	1100000 states explored in 49.06s, with 4424333 rules fired and 784612 states in the queue.
	1200000 states explored in 51.54s, with 4808568 rules fired and 858082 states in the queue.
	1300000 states explored in 54.22s, with 5225451 rules fired and 927932 states in the queue.
	1400000 states explored in 56.83s, with 5630322 rules fired and 999231 states in the queue.
	1500000 states explored in 59.45s, with 6033680 rules fired and 1070917 states in the queue.
	1600000 states explored in 62.07s, with 6441650 rules fired and 1141783 states in the queue.
	1700000 states explored in 64.81s, with 6868878 rules fired and 1210420 states in the queue.
	1800000 states explored in 67.73s, with 7319774 rules fired and 1276382 states in the queue.
	1900000 states explored in 70.50s, with 7748393 rules fired and 1345413 states in the queue.
	2000000 states explored in 73.35s, with 8189832 rules fired and 1412777 states in the queue.
	2100000 states explored in 76.10s, with 8616760 rules fired and 1481973 states in the queue.
	2200000 states explored in 78.98s, with 9062286 rules fired and 1548763 states in the queue.
	2300000 states explored in 81.77s, with 9493153 rules fired and 1617660 states in the queue.
	2400000 states explored in 84.57s, with 9924453 rules fired and 1685867 states in the queue.
	2500000 states explored in 87.29s, with 10343214 rules fired and 1756462 states in the queue.
	2600000 states explored in 90.13s, with 10785211 rules fired and 1824078 states in the queue.
	2700000 states explored in 93.12s, with 11244690 rules fired and 1889995 states in the queue.
	2800000 states explored in 95.97s, with 11681991 rules fired and 1957985 states in the queue.
	2900000 states explored in 98.69s, with 12102184 rules fired and 2027943 states in the queue.
	3000000 states explored in 101.47s, with 12529481 rules fired and 2096866 states in the queue.
	3100000 states explored in 104.26s, with 12962629 rules fired and 2164808 states in the queue.
	3200000 states explored in 107.26s, with 13423062 rules fired and 2230215 states in the queue.
	3300000 states explored in 110.02s, with 13848761 rules fired and 2299983 states in the queue.
	3400000 states explored in 113.13s, with 14328149 rules fired and 2362860 states in the queue.
	3500000 states explored in 116.27s, with 14809252 rules fired and 2425475 states in the queue.
	3600000 states explored in 119.17s, with 15263121 rules fired and 2491633 states in the queue.
	3700000 states explored in 122.08s, with 15714272 rules fired and 2557799 states in the queue.
	3800000 states explored in 124.94s, with 16154009 rules fired and 2625809 states in the queue.
	3900000 states explored in 127.93s, with 16614270 rules fired and 2690933 states in the queue.
	4000000 states explored in 130.81s, with 17057009 rules fired and 2758515 states in the queue.
	4100000 states explored in 133.94s, with 17534094 rules fired and 2821600 states in the queue.
	4200000 states explored in 137.07s, with 18008851 rules fired and 2885492 states in the queue.
	4300000 states explored in 140.16s, with 18482424 rules fired and 2949717 states in the queue.
	4400000 states explored in 143.23s, with 18953138 rules fired and 3014326 states in the queue.
	4500000 states explored in 146.26s, with 19415760 rules fired and 3079603 states in the queue.
	4600000 states explored in 149.34s, with 19886971 rules fired and 3143757 states in the queue.
	4700000 states explored in 152.26s, with 20334579 rules fired and 3210311 states in the queue.
	4800000 states explored in 155.24s, with 20799060 rules fired and 3274641 states in the queue.
	4900000 states explored in 158.11s, with 21239324 rules fired and 3343180 states in the queue.
	5000000 states explored in 161.03s, with 21687911 rules fired and 3409726 states in the queue.
	5100000 states explored in 164.27s, with 22189724 rules fired and 3469849 states in the queue.
	5200000 states explored in 167.31s, with 22656648 rules fired and 3534872 states in the queue.
	5300000 states explored in 170.24s, with 23109788 rules fired and 3601459 states in the queue.
	5400000 states explored in 173.33s, with 23586041 rules fired and 3665381 states in the queue.
	5500000 states explored in 176.35s, with 24057663 rules fired and 3729955 states in the queue.
	5600000 states explored in 179.36s, with 24524940 rules fired and 3795358 states in the queue.
	5700000 states explored in 182.43s, with 25005287 rules fired and 3859335 states in the queue.
	5800000 states explored in 185.51s, with 25473624 rules fired and 3923792 states in the queue.
	5900000 states explored in 188.69s, with 25960205 rules fired and 3985478 states in the queue.
	6000000 states explored in 191.69s, with 26420836 rules fired and 4051079 states in the queue.
	6100000 states explored in 195.04s, with 26935660 rules fired and 4110255 states in the queue.
	6200000 states explored in 198.20s, with 27415598 rules fired and 4174441 states in the queue.
	6300000 states explored in 201.16s, with 27871180 rules fired and 4241343 states in the queue.
	6400000 states explored in 204.25s, with 28342756 rules fired and 4305841 states in the queue.
	6500000 states explored in 207.51s, with 28839972 rules fired and 4366749 states in the queue.
	6600000 states explored in 210.71s, with 29333927 rules fired and 4428778 states in the queue.
	6700000 states explored in 213.81s, with 29812117 rules fired and 4492590 states in the queue.
	6800000 states explored in 216.84s, with 30278268 rules fired and 4558042 states in the queue.
	6900000 states explored in 219.93s, with 30747466 rules fired and 4622633 states in the queue.
	7000000 states explored in 223.11s, with 31241778 rules fired and 4684287 states in the queue.
	7100000 states explored in 226.26s, with 31731189 rules fired and 4746288 states in the queue.
	7200000 states explored in 229.38s, with 32214200 rules fired and 4808891 states in the queue.
	7300000 states explored in 232.54s, with 32701749 rules fired and 4870505 states in the queue.
	7400000 states explored in 235.56s, with 33167269 rules fired and 4934881 states in the queue.
	7500000 states explored in 238.83s, with 33675848 rules fired and 4995817 states in the queue.
	7600000 states explored in 242.09s, with 34170077 rules fired and 5057309 states in the queue.
	7700000 states explored in 245.03s, with 34627992 rules fired and 5123260 states in the queue.
	7800000 states explored in 248.04s, with 35090715 rules fired and 5189217 states in the queue.
	7900000 states explored in 251.08s, with 35561083 rules fired and 5254103 states in the queue.
	8000000 states explored in 254.40s, with 36070548 rules fired and 5314623 states in the queue.
	8100000 states explored in 257.69s, with 36574700 rules fired and 5375666 states in the queue.
	8200000 states explored in 260.77s, with 37051201 rules fired and 5439682 states in the queue.
	8300000 states explored in 263.93s, with 37534031 rules fired and 5503149 states in the queue.
	8400000 states explored in 266.99s, with 38012535 rules fired and 5567349 states in the queue.
	8500000 states explored in 269.99s, with 38485813 rules fired and 5633039 states in the queue.
	8600000 states explored in 273.14s, with 38976731 rules fired and 5695998 states in the queue.
	8700000 states explored in 276.35s, with 39462462 rules fired and 5759124 states in the queue.
	8800000 states explored in 279.43s, with 39932497 rules fired and 5824025 states in the queue.
	8900000 states explored in 282.65s, with 40428301 rules fired and 5886034 states in the queue.
	9000000 states explored in 285.79s, with 40912694 rules fired and 5948974 states in the queue.
	9100000 states explored in 288.96s, with 41398658 rules fired and 6011454 states in the queue.
	9200000 states explored in 292.31s, with 41906439 rules fired and 6072151 states in the queue.
	9300000 states explored in 295.40s, with 42382442 rules fired and 6135927 states in the queue.
	9400000 states explored in 298.61s, with 42874275 rules fired and 6198098 states in the queue.
	9500000 states explored in 302.07s, with 43401455 rules fired and 6256137 states in the queue.
	9600000 states explored in 305.18s, with 43877960 rules fired and 6319894 states in the queue.
	9700000 states explored in 308.44s, with 44375792 rules fired and 6381585 states in the queue.
	9800000 states explored in 311.75s, with 44884565 rules fired and 6442038 states in the queue.
	9900000 states explored in 314.90s, with 45361576 rules fired and 6505843 states in the queue.
	10000000 states explored in 318.23s, with 45872601 rules fired and 6566271 states in the queue.
	10100000 states explored in 321.36s, with 46358704 rules fired and 6629723 states in the queue.
	10200000 states explored in 324.55s, with 46855171 rules fired and 6691697 states in the queue.
	10300000 states explored in 327.76s, with 47348212 rules fired and 6754573 states in the queue.
	10400000 states explored in 331.07s, with 47852044 rules fired and 6816288 states in the queue.
	10500000 states explored in 334.28s, with 48344270 rules fired and 6878839 states in the queue.
	10600000 states explored in 337.59s, with 48850783 rules fired and 6939293 states in the queue.
	10700000 states explored in 340.63s, with 49323000 rules fired and 7004250 states in the queue.
	10800000 states explored in 343.86s, with 49817302 rules fired and 7066866 states in the queue.
	10900000 states explored in 347.14s, with 50314625 rules fired and 7129177 states in the queue.
	11000000 states explored in 350.63s, with 50850141 rules fired and 7187662 states in the queue.
	11100000 states explored in 353.87s, with 51355621 rules fired and 7248693 states in the queue.
	11200000 states explored in 357.15s, with 51861858 rules fired and 7309514 states in the queue.
	11300000 states explored in 360.42s, with 52361011 rules fired and 7372411 states in the queue.
	11400000 states explored in 363.68s, with 52864019 rules fired and 7433838 states in the queue.
	11500000 states explored in 366.87s, with 53351039 rules fired and 7497118 states in the queue.
	11600000 states explored in 370.01s, with 53835939 rules fired and 7560774 states in the queue.
	11700000 states explored in 373.35s, with 54346493 rules fired and 7621644 states in the queue.
	11800000 states explored in 376.55s, with 54836135 rules fired and 7685015 states in the queue.
	11900000 states explored in 379.92s, with 55353263 rules fired and 7745185 states in the queue.
	12000000 states explored in 383.14s, with 55850176 rules fired and 7808133 states in the queue.
	12100000 states explored in 386.30s, with 56332236 rules fired and 7871739 states in the queue.
	12200000 states explored in 389.46s, with 56821634 rules fired and 7935002 states in the queue.
	12300000 states explored in 392.80s, with 57334395 rules fired and 7995303 states in the queue.
	12400000 states explored in 395.95s, with 57813950 rules fired and 8060158 states in the queue.
	12500000 states explored in 399.19s, with 58314608 rules fired and 8121591 states in the queue.
	12600000 states explored in 402.48s, with 58818687 rules fired and 8182885 states in the queue.
	12700000 states explored in 405.57s, with 59293286 rules fired and 8247600 states in the queue.
	12800000 states explored in 408.61s, with 59760121 rules fired and 8313220 states in the queue.
	12900000 states explored in 411.90s, with 60256003 rules fired and 8374897 states in the queue.
	13000000 states explored in 415.09s, with 60744086 rules fired and 8438224 states in the queue.
	13100000 states explored in 418.21s, with 61227123 rules fired and 8501729 states in the queue.
	13200000 states explored in 421.45s, with 61724207 rules fired and 8564541 states in the queue.
	13300000 states explored in 424.59s, with 62213812 rules fired and 8628330 states in the queue.
	13400000 states explored in 428.07s, with 62751973 rules fired and 8686211 states in the queue.
	13500000 states explored in 431.26s, with 63233546 rules fired and 8750757 states in the queue.
	13600000 states explored in 434.58s, with 63740456 rules fired and 8811956 states in the queue.
	13700000 states explored in 437.76s, with 64224786 rules fired and 8875853 states in the queue.
	13800000 states explored in 441.02s, with 64726368 rules fired and 8938020 states in the queue.
	13900000 states explored in 444.41s, with 65240377 rules fired and 8997813 states in the queue.
	14000000 states explored in 447.74s, with 65755286 rules fired and 9057507 states in the queue.
	14100000 states explored in 450.96s, with 66246902 rules fired and 9119637 states in the queue.
	14200000 states explored in 454.12s, with 66736221 rules fired and 9183344 states in the queue.
	14300000 states explored in 457.25s, with 67211125 rules fired and 9248803 states in the queue.
	14400000 states explored in 460.66s, with 67738974 rules fired and 9306846 states in the queue.
	14500000 states explored in 463.86s, with 68221892 rules fired and 9371189 states in the queue.
	14600000 states explored in 467.01s, with 68707328 rules fired and 9434228 states in the queue.
	14700000 states explored in 470.37s, with 69217772 rules fired and 9494976 states in the queue.
	14800000 states explored in 473.71s, with 69727055 rules fired and 9555543 states in the queue.
	14900000 states explored in 476.93s, with 70215193 rules fired and 9619267 states in the queue.
	15000000 states explored in 480.04s, with 70700165 rules fired and 9683079 states in the queue.
	15100000 states explored in 483.00s, with 71155196 rules fired and 9751532 states in the queue.
	15200000 states explored in 486.21s, with 71644331 rules fired and 9815181 states in the queue.
	15300000 states explored in 489.30s, with 72115879 rules fired and 9881080 states in the queue.
	15400000 states explored in 492.51s, with 72610006 rules fired and 9945275 states in the queue.
	15500000 states explored in 495.81s, with 73115223 rules fired and 10005903 states in the queue.
	15600000 states explored in 499.07s, with 73614158 rules fired and 10067166 states in the queue.
	15700000 states explored in 502.27s, with 74111882 rules fired and 10129068 states in the queue.
	15800000 states explored in 505.59s, with 74622965 rules fired and 10190121 states in the queue.
	15900000 states explored in 508.89s, with 75131686 rules fired and 10252119 states in the queue.
	16000000 states explored in 512.11s, with 75629521 rules fired and 10314517 states in the queue.
	16100000 states explored in 515.36s, with 76132308 rules fired and 10375448 states in the queue.
	16200000 states explored in 518.67s, with 76642607 rules fired and 10436066 states in the queue.
	16300000 states explored in 521.77s, with 77118544 rules fired and 10502275 states in the queue.
	16400000 states explored in 525.16s, with 77634137 rules fired and 10562764 states in the queue.
	16500000 states explored in 528.42s, with 78134340 rules fired and 10625448 states in the queue.
	16600000 states explored in 531.57s, with 78621949 rules fired and 10689926 states in the queue.
	16700000 states explored in 534.88s, with 79123451 rules fired and 10751671 states in the queue.
	16800000 states explored in 538.14s, with 79622114 rules fired and 10814171 states in the queue.
	16900000 states explored in 541.16s, with 80089429 rules fired and 10880167 states in the queue.
	17000000 states explored in 544.43s, with 80582874 rules fired and 10943193 states in the queue.
	17100000 states explored in 547.56s, with 81068716 rules fired and 11008209 states in the queue.
	17200000 states explored in 550.97s, with 81585286 rules fired and 11068786 states in the queue.
	17300000 states explored in 554.26s, with 82098562 rules fired and 11130874 states in the queue.
	17400000 states explored in 557.51s, with 82599671 rules fired and 11192874 states in the queue.
	17500000 states explored in 560.83s, with 83101688 rules fired and 11254094 states in the queue.
	17600000 states explored in 564.19s, with 83620474 rules fired and 11314091 states in the queue.
	17700000 states explored in 567.40s, with 84105431 rules fired and 11378088 states in the queue.
	17800000 states explored in 570.59s, with 84594292 rules fired and 11441778 states in the queue.
	17900000 states explored in 573.62s, with 85060218 rules fired and 11508074 states in the queue.
	18000000 states explored in 577.02s, with 85581701 rules fired and 11568789 states in the queue.
	18100000 states explored in 580.20s, with 86071886 rules fired and 11632514 states in the queue.
	18200000 states explored in 583.55s, with 86581053 rules fired and 11693398 states in the queue.
	18300000 states explored in 586.75s, with 87071029 rules fired and 11757660 states in the queue.
	18400000 states explored in 590.05s, with 87573224 rules fired and 11820679 states in the queue.
	18500000 states explored in 593.38s, with 88078481 rules fired and 11882558 states in the queue.
	18600000 states explored in 596.82s, with 88607294 rules fired and 11941604 states in the queue.
	18700000 states explored in 600.28s, with 89136873 rules fired and 12000655 states in the queue.
	18800000 states explored in 603.65s, with 89650899 rules fired and 12062087 states in the queue.
	18900000 states explored in 606.85s, with 90145534 rules fired and 12124909 states in the queue.
	19000000 states explored in 610.34s, with 90675842 rules fired and 12182972 states in the queue.
	19100000 states explored in 613.69s, with 91188969 rules fired and 12243988 states in the queue.
	19200000 states explored in 617.07s, with 91707287 rules fired and 12303859 states in the queue.
	19300000 states explored in 620.43s, with 92218949 rules fired and 12365176 states in the queue.
	19400000 states explored in 624.08s, with 92772784 rules fired and 12421535 states in the queue.
	19500000 states explored in 627.14s, with 93242689 rules fired and 12487242 states in the queue.
	19600000 states explored in 630.56s, with 93766369 rules fired and 12547566 states in the queue.
	19700000 states explored in 633.79s, with 94264704 rules fired and 12610170 states in the queue.
	19800000 states explored in 637.22s, with 94780613 rules fired and 12670657 states in the queue.
	19900000 states explored in 640.88s, with 95330571 rules fired and 12726938 states in the queue.
	20000000 states explored in 644.36s, with 95860519 rules fired and 12785939 states in the queue.
	20100000 states explored in 647.78s, with 96382357 rules fired and 12845643 states in the queue.
	20200000 states explored in 651.32s, with 96919566 rules fired and 12903738 states in the queue.
	20300000 states explored in 654.72s, with 97440027 rules fired and 12963999 states in the queue.
	20400000 states explored in 657.96s, with 97940951 rules fired and 13026434 states in the queue.
	20500000 states explored in 661.35s, with 98449604 rules fired and 13088220 states in the queue.
	20600000 states explored in 664.67s, with 98961992 rules fired and 13149344 states in the queue.
	20700000 states explored in 667.83s, with 99439038 rules fired and 13214242 states in the queue.
	20800000 states explored in 671.02s, with 99937929 rules fired and 13277023 states in the queue.
	20900000 states explored in 674.25s, with 100429719 rules fired and 13339669 states in the queue.
	21000000 states explored in 677.43s, with 100909618 rules fired and 13404800 states in the queue.
	21100000 states explored in 680.89s, with 101439711 rules fired and 13464314 states in the queue.
	21200000 states explored in 684.18s, with 101935375 rules fired and 13527065 states in the queue.
	21300000 states explored in 687.59s, with 102453170 rules fired and 13587641 states in the queue.
	21400000 states explored in 690.86s, with 102951879 rules fired and 13650601 states in the queue.
	21500000 states explored in 694.16s, with 103459145 rules fired and 13711945 states in the queue.
	21600000 states explored in 697.28s, with 103943685 rules fired and 13777308 states in the queue.
	21700000 states explored in 700.62s, with 104453270 rules fired and 13837706 states in the queue.
	21800000 states explored in 703.80s, with 104939924 rules fired and 13901601 states in the queue.
	21900000 states explored in 707.18s, with 105458178 rules fired and 13962423 states in the queue.
	22000000 states explored in 710.58s, with 105978406 rules fired and 14022501 states in the queue.
	22100000 states explored in 713.77s, with 106472145 rules fired and 14085841 states in the queue.
	22200000 states explored in 717.21s, with 106987472 rules fired and 14146226 states in the queue.
	22300000 states explored in 720.54s, with 107491887 rules fired and 14208438 states in the queue.
	22400000 states explored in 723.81s, with 107987921 rules fired and 14271068 states in the queue.
	22500000 states explored in 727.31s, with 108521385 rules fired and 14328772 states in the queue.
	22600000 states explored in 730.66s, with 109030925 rules fired and 14389823 states in the queue.
	22700000 states explored in 734.13s, with 109555732 rules fired and 14449623 states in the queue.
	22800000 states explored in 737.68s, with 110087195 rules fired and 14507111 states in the queue.
	22900000 states explored in 741.23s, with 110622817 rules fired and 14566035 states in the queue.
	23000000 states explored in 744.72s, with 111153186 rules fired and 14625069 states in the queue.
	23100000 states explored in 747.98s, with 111648591 rules fired and 14688479 states in the queue.
	23200000 states explored in 751.30s, with 112156368 rules fired and 14751109 states in the queue.
	23300000 states explored in 754.69s, with 112668285 rules fired and 14810968 states in the queue.
	23400000 states explored in 758.08s, with 113184231 rules fired and 14871109 states in the queue.

==========================================================================

Result:

	Invariant "test_reachable_state_58" failed.

State Space Explored:

	23436801 states, 113392601 rules fired in 759.46s.

Analysis of State Space:

	There are rules that are never fired.
	If you are running with symmetry, this may be why.  Otherwise,
	please run this program with "-pr" for the rules information.
