This program should be regarded as a DEBUGGING aid, not as a 
certifier of correctness.
Call with the -l flag or read the license file for terms
and conditions of use.
Run this program with "-h" for the list of options.

Bugs, questions, and comments should be directed to
"melatti@di.uniroma1.it".

CMurphi compiler last modified date: Nov 26 2022
Include files last modified date:    Jul 23 2021
==========================================================================

==========================================================================
Caching Murphi Release 5.5.0
Finite-state Concurrent System Verifier.

Caching Murphi Release 5.5.0 is based on various versions of Murphi.
Caching Murphi Release 5.5.0 :
Copyright (C) 2009-2012 by Sapienza University of Rome.
Murphi release 3.1 :
Copyright (C) 1992 - 1999 by the Board of Trustees of
Leland Stanford Junior University.

==========================================================================

Protocol: ./benchmarks/murphi_protocols/flash_node2

Algorithm:
	Verification by breadth first search.
	with symmetry algorithm 3 -- Heuristic Small Memory Normalization
	with permutation trial limit 10.

Memory usage:

	* The size of each state is 328 bits (rounded up to 48 bytes).
	* The memory allocated for the hash table and state queue is
	  5242 Mbytes.
	  With two words of overhead per state, the maximum size of
	  the state space is 80908657 states.
	   * Use option "-k" or "-m" to increase this, if necessary.
	* Capacity in queue for breadth-first search: 8090865 states.
	   * Change the constant gPercentActiveStates in mu_prolog.inc
	     to increase this, if necessary.

Warning: No trace will not be printed in the case of protocol errors!
         Check the options if you want to have error traces.
==========================================================================

You are using breath-first search algorithm:

------------- Show Goalstate: ------------------
Sta.Proc[1].ProcCmd:NODE_None
Sta.Proc[1].InvMarked:false
Sta.Proc[1].CacheState:CACHE_E
Sta.Proc[2].ProcCmd:NODE_None
Sta.Proc[2].InvMarked:false
Sta.Proc[2].CacheState:CACHE_S
Sta.HomeProc.ProcCmd:NODE_None
Sta.HomeProc.InvMarked:false
Sta.HomeProc.CacheState:CACHE_I
Sta.Dir.Pending:false
Sta.Dir.Local:false
Sta.Dir.Dirty:false
Sta.Dir.HeadVld:false
Sta.Dir.HeadPtr:Undefined
Sta.Dir.ShrVld:false
Sta.Dir.ShrSet[1]:false
Sta.Dir.ShrSet[2]:false
Sta.Dir.InvSet[1]:false
Sta.Dir.InvSet[2]:false
Sta.UniMsg[1].Cmd:UNI_None
Sta.UniMsg[1].Proc:Undefined
Sta.UniMsg[1].HomeProc:false
Sta.UniMsg[2].Cmd:UNI_None
Sta.UniMsg[2].Proc:Undefined
Sta.UniMsg[2].HomeProc:false
Sta.HomeUniMsg.Cmd:UNI_None
Sta.HomeUniMsg.Proc:Undefined
Sta.HomeUniMsg.HomeProc:false
Sta.InvMsg[1].Cmd:INV_None
Sta.InvMsg[2].Cmd:INV_None
Sta.RpMsg[1].Cmd:RP_None
Sta.RpMsg[2].Cmd:RP_None
Sta.WbMsg.Cmd:WB_None
Sta.WbMsg.Proc:Undefined
Sta.ShWbMsg.Cmd:SHWB_None
Sta.ShWbMsg.Proc:Undefined
Sta.NakcMsg.Cmd:NAKC_None
Sta.PendReqSrc:Undefined
Sta.HomePendReqSrc:false
Sta.Collecting:false
Sta.FwdCmd:UNI_None

------------- Show Initstate: ------------------
Sta.Proc[1].ProcCmd:NODE_None
Sta.Proc[1].InvMarked:false
Sta.Proc[1].CacheState:CACHE_I
Sta.Proc[2].ProcCmd:NODE_None
Sta.Proc[2].InvMarked:false
Sta.Proc[2].CacheState:CACHE_I
Sta.HomeProc.ProcCmd:NODE_None
Sta.HomeProc.InvMarked:false
Sta.HomeProc.CacheState:CACHE_I
Sta.Dir.Pending:false
Sta.Dir.Local:false
Sta.Dir.Dirty:false
Sta.Dir.HeadVld:false
Sta.Dir.HeadPtr:Undefined
Sta.Dir.ShrVld:false
Sta.Dir.ShrSet[1]:false
Sta.Dir.ShrSet[2]:false
Sta.Dir.InvSet[1]:false
Sta.Dir.InvSet[2]:false
Sta.UniMsg[1].Cmd:UNI_None
Sta.UniMsg[1].Proc:Undefined
Sta.UniMsg[1].HomeProc:false
Sta.UniMsg[2].Cmd:UNI_None
Sta.UniMsg[2].Proc:Undefined
Sta.UniMsg[2].HomeProc:false
Sta.HomeUniMsg.Cmd:UNI_None
Sta.HomeUniMsg.Proc:Undefined
Sta.HomeUniMsg.HomeProc:false
Sta.InvMsg[1].Cmd:INV_None
Sta.InvMsg[2].Cmd:INV_None
Sta.RpMsg[1].Cmd:RP_None
Sta.RpMsg[2].Cmd:RP_None
Sta.WbMsg.Cmd:WB_None
Sta.WbMsg.Proc:Undefined
Sta.ShWbMsg.Cmd:SHWB_None
Sta.ShWbMsg.Proc:Undefined
Sta.NakcMsg.Cmd:NAKC_None
Sta.PendReqSrc:Undefined
Sta.HomePendReqSrc:false
Sta.Collecting:false
Sta.FwdCmd:UNI_None

------------- Show a heuristic value: ------------------
20

==========================================================================

Result:

	Invariant "test_proprity, j:2, i:1" failed.

State Space Explored:

	359 states, 720 rules fired in 1.35s.

Analysis of State Space:

	There are rules that are never fired.
	If you are running with symmetry, this may be why.  Otherwise,
	please run this program with "-pr" for the rules information.
