This program should be regarded as a DEBUGGING aid, not as a 
certifier of correctness.
Call with the -l flag or read the license file for terms
and conditions of use.
Run this program with "-h" for the list of options.

Bugs, questions, and comments should be directed to
"melatti@di.uniroma1.it".

CMurphi compiler last modified date: Nov 26 2022
Include files last modified date:    Jul 23 2021
==========================================================================

==========================================================================
Caching Murphi Release 5.5.0
Finite-state Concurrent System Verifier.

Caching Murphi Release 5.5.0 is based on various versions of Murphi.
Caching Murphi Release 5.5.0 :
Copyright (C) 2009-2012 by Sapienza University of Rome.
Murphi release 3.1 :
Copyright (C) 1992 - 1999 by the Board of Trustees of
Leland Stanford Junior University.

==========================================================================

Protocol: ./benchmarks/murphi_protocols/german2004_node2

Algorithm:
	Verification by breadth first search.
	with symmetry algorithm 3 -- Heuristic Small Memory Normalization
	with permutation trial limit 10.

Memory usage:

	* The size of each state is 4208 bits (rounded up to 528 bytes).
	* The memory allocated for the hash table and state queue is
	  5242 Mbytes.
	  With two words of overhead per state, the maximum size of
	  the state space is 9623503 states.
	   * Use option "-k" or "-m" to increase this, if necessary.
	* Capacity in queue for breadth-first search: 962350 states.
	   * Change the constant gPercentActiveStates in mu_prolog.inc
	     to increase this, if necessary.

Warning: No trace will not be printed in the case of protocol errors!
         Check the options if you want to have error traces.
==========================================================================

You are using breath-first search algorithm:

------------- Show Goalstate: ------------------
node[0].memory[0].values[0]:false
node[0].memory[0].values[1]:false
node[0].memory[0].values[2]:false
node[0].memory[0].values[3]:false
node[0].memory[1].values[0]:false
node[0].memory[1].values[1]:false
node[0].memory[1].values[2]:false
node[0].memory[1].values[3]:false
node[0].memory[2].values[0]:false
node[0].memory[2].values[1]:false
node[0].memory[2].values[2]:false
node[0].memory[2].values[3]:false
node[0].memory[3].values[0]:false
node[0].memory[3].values[1]:false
node[0].memory[3].values[2]:false
node[0].memory[3].values[3]:false
node[0].cache[0].state:cache_invalid
node[0].cache[0].data.values[0]:false
node[0].cache[0].data.values[1]:false
node[0].cache[0].data.values[2]:false
node[0].cache[0].data.values[3]:false
node[0].cache[1].state:cache_invalid
node[0].cache[1].data.values[0]:false
node[0].cache[1].data.values[1]:false
node[0].cache[1].data.values[2]:false
node[0].cache[1].data.values[3]:false
node[0].cache[2].state:cache_invalid
node[0].cache[2].data.values[0]:false
node[0].cache[2].data.values[1]:false
node[0].cache[2].data.values[2]:false
node[0].cache[2].data.values[3]:false
node[0].cache[3].state:cache_invalid
node[0].cache[3].data.values[0]:false
node[0].cache[3].data.values[1]:false
node[0].cache[3].data.values[2]:false
node[0].cache[3].data.values[3]:false
node[0].directory[0][0]:cache_invalid
node[0].directory[0][1]:cache_invalid
node[0].directory[0][2]:cache_invalid
node[0].directory[1][0]:cache_invalid
node[0].directory[1][1]:cache_invalid
node[0].directory[1][2]:cache_invalid
node[0].directory[2][0]:cache_invalid
node[0].directory[2][1]:cache_invalid
node[0].directory[2][2]:cache_invalid
node[0].directory[3][0]:cache_invalid
node[0].directory[3][1]:cache_invalid
node[0].directory[3][2]:cache_invalid
node[0].local_requests[0]:false
node[0].local_requests[1]:false
node[0].local_requests[2]:false
node[0].local_requests[3]:false
node[0].home_requests[0].source:0
node[0].home_requests[0].op:op_invalid
node[0].home_requests[0].data.values[0]:false
node[0].home_requests[0].data.values[1]:false
node[0].home_requests[0].data.values[2]:false
node[0].home_requests[0].data.values[3]:false
node[0].home_requests[0].invalidate_list[0]:false
node[0].home_requests[0].invalidate_list[1]:false
node[0].home_requests[0].invalidate_list[2]:false
node[0].home_requests[0].status:inactive
node[0].home_requests[1].source:0
node[0].home_requests[1].op:op_invalid
node[0].home_requests[1].data.values[0]:false
node[0].home_requests[1].data.values[1]:false
node[0].home_requests[1].data.values[2]:false
node[0].home_requests[1].data.values[3]:false
node[0].home_requests[1].invalidate_list[0]:false
node[0].home_requests[1].invalidate_list[1]:false
node[0].home_requests[1].invalidate_list[2]:false
node[0].home_requests[1].status:inactive
node[0].home_requests[2].source:0
node[0].home_requests[2].op:op_invalid
node[0].home_requests[2].data.values[0]:false
node[0].home_requests[2].data.values[1]:false
node[0].home_requests[2].data.values[2]:false
node[0].home_requests[2].data.values[3]:false
node[0].home_requests[2].invalidate_list[0]:false
node[0].home_requests[2].invalidate_list[1]:false
node[0].home_requests[2].invalidate_list[2]:false
node[0].home_requests[2].status:inactive
node[0].home_requests[3].source:0
node[0].home_requests[3].op:op_invalid
node[0].home_requests[3].data.values[0]:false
node[0].home_requests[3].data.values[1]:false
node[0].home_requests[3].data.values[2]:false
node[0].home_requests[3].data.values[3]:false
node[0].home_requests[3].invalidate_list[0]:false
node[0].home_requests[3].invalidate_list[1]:false
node[0].home_requests[3].invalidate_list[2]:false
node[0].home_requests[3].status:inactive
node[0].remote_requests[0].home:0
node[0].remote_requests[0].op:op_invalid
node[0].remote_requests[0].data.values[0]:false
node[0].remote_requests[0].data.values[1]:false
node[0].remote_requests[0].data.values[2]:false
node[0].remote_requests[0].data.values[3]:false
node[0].remote_requests[0].status:inactive
node[0].remote_requests[1].home:0
node[0].remote_requests[1].op:op_invalid
node[0].remote_requests[1].data.values[0]:false
node[0].remote_requests[1].data.values[1]:false
node[0].remote_requests[1].data.values[2]:false
node[0].remote_requests[1].data.values[3]:false
node[0].remote_requests[1].status:inactive
node[0].remote_requests[2].home:0
node[0].remote_requests[2].op:op_invalid
node[0].remote_requests[2].data.values[0]:false
node[0].remote_requests[2].data.values[1]:false
node[0].remote_requests[2].data.values[2]:false
node[0].remote_requests[2].data.values[3]:false
node[0].remote_requests[2].status:inactive
node[0].remote_requests[3].home:0
node[0].remote_requests[3].op:op_invalid
node[0].remote_requests[3].data.values[0]:false
node[0].remote_requests[3].data.values[1]:false
node[0].remote_requests[3].data.values[2]:false
node[0].remote_requests[3].data.values[3]:false
node[0].remote_requests[3].status:inactive
node[0].inchan[1].msg.source:0
node[0].inchan[1].msg.dest:0
node[0].inchan[1].msg.op:op_invalid
node[0].inchan[1].msg.addr:0
node[0].inchan[1].msg.data.values[0]:false
node[0].inchan[1].msg.data.values[1]:false
node[0].inchan[1].msg.data.values[2]:false
node[0].inchan[1].msg.data.values[3]:false
node[0].inchan[1].valid:false
node[0].inchan[2].msg.source:0
node[0].inchan[2].msg.dest:0
node[0].inchan[2].msg.op:op_invalid
node[0].inchan[2].msg.addr:0
node[0].inchan[2].msg.data.values[0]:false
node[0].inchan[2].msg.data.values[1]:false
node[0].inchan[2].msg.data.values[2]:false
node[0].inchan[2].msg.data.values[3]:false
node[0].inchan[2].valid:false
node[0].inchan[3].msg.source:0
node[0].inchan[3].msg.dest:0
node[0].inchan[3].msg.op:op_invalid
node[0].inchan[3].msg.addr:0
node[0].inchan[3].msg.data.values[0]:false
node[0].inchan[3].msg.data.values[1]:false
node[0].inchan[3].msg.data.values[2]:false
node[0].inchan[3].msg.data.values[3]:false
node[0].inchan[3].valid:false
node[0].outchan[1].msg.source:0
node[0].outchan[1].msg.dest:0
node[0].outchan[1].msg.op:op_invalid
node[0].outchan[1].msg.addr:0
node[0].outchan[1].msg.data.values[0]:false
node[0].outchan[1].msg.data.values[1]:false
node[0].outchan[1].msg.data.values[2]:false
node[0].outchan[1].msg.data.values[3]:false
node[0].outchan[1].valid:false
node[0].outchan[2].msg.source:0
node[0].outchan[2].msg.dest:0
node[0].outchan[2].msg.op:op_invalid
node[0].outchan[2].msg.addr:0
node[0].outchan[2].msg.data.values[0]:false
node[0].outchan[2].msg.data.values[1]:false
node[0].outchan[2].msg.data.values[2]:false
node[0].outchan[2].msg.data.values[3]:false
node[0].outchan[2].valid:false
node[0].outchan[3].msg.source:0
node[0].outchan[3].msg.dest:0
node[0].outchan[3].msg.op:op_invalid
node[0].outchan[3].msg.addr:0
node[0].outchan[3].msg.data.values[0]:false
node[0].outchan[3].msg.data.values[1]:false
node[0].outchan[3].msg.data.values[2]:false
node[0].outchan[3].msg.data.values[3]:false
node[0].outchan[3].valid:false
node[1].memory[0].values[0]:false
node[1].memory[0].values[1]:false
node[1].memory[0].values[2]:false
node[1].memory[0].values[3]:false
node[1].memory[1].values[0]:false
node[1].memory[1].values[1]:false
node[1].memory[1].values[2]:false
node[1].memory[1].values[3]:false
node[1].memory[2].values[0]:false
node[1].memory[2].values[1]:false
node[1].memory[2].values[2]:false
node[1].memory[2].values[3]:false
node[1].memory[3].values[0]:false
node[1].memory[3].values[1]:false
node[1].memory[3].values[2]:false
node[1].memory[3].values[3]:false
node[1].cache[0].state:cache_invalid
node[1].cache[0].data.values[0]:false
node[1].cache[0].data.values[1]:false
node[1].cache[0].data.values[2]:false
node[1].cache[0].data.values[3]:false
node[1].cache[1].state:cache_shared
node[1].cache[1].data.values[0]:false
node[1].cache[1].data.values[1]:false
node[1].cache[1].data.values[2]:false
node[1].cache[1].data.values[3]:false
node[1].cache[2].state:cache_invalid
node[1].cache[2].data.values[0]:false
node[1].cache[2].data.values[1]:false
node[1].cache[2].data.values[2]:false
node[1].cache[2].data.values[3]:false
node[1].cache[3].state:cache_invalid
node[1].cache[3].data.values[0]:false
node[1].cache[3].data.values[1]:false
node[1].cache[3].data.values[2]:false
node[1].cache[3].data.values[3]:false
node[1].directory[0][0]:cache_invalid
node[1].directory[0][1]:cache_invalid
node[1].directory[0][2]:cache_invalid
node[1].directory[1][0]:cache_invalid
node[1].directory[1][1]:cache_invalid
node[1].directory[1][2]:cache_invalid
node[1].directory[2][0]:cache_invalid
node[1].directory[2][1]:cache_invalid
node[1].directory[2][2]:cache_invalid
node[1].directory[3][0]:cache_invalid
node[1].directory[3][1]:cache_invalid
node[1].directory[3][2]:cache_invalid
node[1].local_requests[0]:false
node[1].local_requests[1]:false
node[1].local_requests[2]:false
node[1].local_requests[3]:false
node[1].home_requests[0].source:0
node[1].home_requests[0].op:op_invalid
node[1].home_requests[0].data.values[0]:false
node[1].home_requests[0].data.values[1]:false
node[1].home_requests[0].data.values[2]:false
node[1].home_requests[0].data.values[3]:false
node[1].home_requests[0].invalidate_list[0]:false
node[1].home_requests[0].invalidate_list[1]:false
node[1].home_requests[0].invalidate_list[2]:false
node[1].home_requests[0].status:inactive
node[1].home_requests[1].source:0
node[1].home_requests[1].op:op_invalid
node[1].home_requests[1].data.values[0]:false
node[1].home_requests[1].data.values[1]:false
node[1].home_requests[1].data.values[2]:false
node[1].home_requests[1].data.values[3]:false
node[1].home_requests[1].invalidate_list[0]:false
node[1].home_requests[1].invalidate_list[1]:false
node[1].home_requests[1].invalidate_list[2]:false
node[1].home_requests[1].status:inactive
node[1].home_requests[2].source:0
node[1].home_requests[2].op:op_invalid
node[1].home_requests[2].data.values[0]:false
node[1].home_requests[2].data.values[1]:false
node[1].home_requests[2].data.values[2]:false
node[1].home_requests[2].data.values[3]:false
node[1].home_requests[2].invalidate_list[0]:false
node[1].home_requests[2].invalidate_list[1]:false
node[1].home_requests[2].invalidate_list[2]:false
node[1].home_requests[2].status:inactive
node[1].home_requests[3].source:0
node[1].home_requests[3].op:op_invalid
node[1].home_requests[3].data.values[0]:false
node[1].home_requests[3].data.values[1]:false
node[1].home_requests[3].data.values[2]:false
node[1].home_requests[3].data.values[3]:false
node[1].home_requests[3].invalidate_list[0]:false
node[1].home_requests[3].invalidate_list[1]:false
node[1].home_requests[3].invalidate_list[2]:false
node[1].home_requests[3].status:inactive
node[1].remote_requests[0].home:0
node[1].remote_requests[0].op:op_invalid
node[1].remote_requests[0].data.values[0]:false
node[1].remote_requests[0].data.values[1]:false
node[1].remote_requests[0].data.values[2]:false
node[1].remote_requests[0].data.values[3]:false
node[1].remote_requests[0].status:inactive
node[1].remote_requests[1].home:0
node[1].remote_requests[1].op:op_invalid
node[1].remote_requests[1].data.values[0]:false
node[1].remote_requests[1].data.values[1]:false
node[1].remote_requests[1].data.values[2]:false
node[1].remote_requests[1].data.values[3]:false
node[1].remote_requests[1].status:inactive
node[1].remote_requests[2].home:0
node[1].remote_requests[2].op:op_invalid
node[1].remote_requests[2].data.values[0]:false
node[1].remote_requests[2].data.values[1]:false
node[1].remote_requests[2].data.values[2]:false
node[1].remote_requests[2].data.values[3]:false
node[1].remote_requests[2].status:inactive
node[1].remote_requests[3].home:0
node[1].remote_requests[3].op:op_invalid
node[1].remote_requests[3].data.values[0]:false
node[1].remote_requests[3].data.values[1]:false
node[1].remote_requests[3].data.values[2]:false
node[1].remote_requests[3].data.values[3]:false
node[1].remote_requests[3].status:inactive
node[1].inchan[1].msg.source:0
node[1].inchan[1].msg.dest:0
node[1].inchan[1].msg.op:op_invalid
node[1].inchan[1].msg.addr:0
node[1].inchan[1].msg.data.values[0]:false
node[1].inchan[1].msg.data.values[1]:false
node[1].inchan[1].msg.data.values[2]:false
node[1].inchan[1].msg.data.values[3]:false
node[1].inchan[1].valid:false
node[1].inchan[2].msg.source:0
node[1].inchan[2].msg.dest:0
node[1].inchan[2].msg.op:op_invalid
node[1].inchan[2].msg.addr:0
node[1].inchan[2].msg.data.values[0]:false
node[1].inchan[2].msg.data.values[1]:false
node[1].inchan[2].msg.data.values[2]:false
node[1].inchan[2].msg.data.values[3]:false
node[1].inchan[2].valid:false
node[1].inchan[3].msg.source:0
node[1].inchan[3].msg.dest:0
node[1].inchan[3].msg.op:op_invalid
node[1].inchan[3].msg.addr:0
node[1].inchan[3].msg.data.values[0]:false
node[1].inchan[3].msg.data.values[1]:false
node[1].inchan[3].msg.data.values[2]:false
node[1].inchan[3].msg.data.values[3]:false
node[1].inchan[3].valid:false
node[1].outchan[1].msg.source:0
node[1].outchan[1].msg.dest:0
node[1].outchan[1].msg.op:op_invalid
node[1].outchan[1].msg.addr:0
node[1].outchan[1].msg.data.values[0]:false
node[1].outchan[1].msg.data.values[1]:false
node[1].outchan[1].msg.data.values[2]:false
node[1].outchan[1].msg.data.values[3]:false
node[1].outchan[1].valid:false
node[1].outchan[2].msg.source:0
node[1].outchan[2].msg.dest:0
node[1].outchan[2].msg.op:op_invalid
node[1].outchan[2].msg.addr:0
node[1].outchan[2].msg.data.values[0]:false
node[1].outchan[2].msg.data.values[1]:false
node[1].outchan[2].msg.data.values[2]:false
node[1].outchan[2].msg.data.values[3]:false
node[1].outchan[2].valid:false
node[1].outchan[3].msg.source:0
node[1].outchan[3].msg.dest:0
node[1].outchan[3].msg.op:op_invalid
node[1].outchan[3].msg.addr:0
node[1].outchan[3].msg.data.values[0]:false
node[1].outchan[3].msg.data.values[1]:false
node[1].outchan[3].msg.data.values[2]:false
node[1].outchan[3].msg.data.values[3]:false
node[1].outchan[3].valid:false
node[2].memory[0].values[0]:false
node[2].memory[0].values[1]:false
node[2].memory[0].values[2]:false
node[2].memory[0].values[3]:false
node[2].memory[1].values[0]:false
node[2].memory[1].values[1]:false
node[2].memory[1].values[2]:false
node[2].memory[1].values[3]:false
node[2].memory[2].values[0]:false
node[2].memory[2].values[1]:false
node[2].memory[2].values[2]:false
node[2].memory[2].values[3]:false
node[2].memory[3].values[0]:false
node[2].memory[3].values[1]:false
node[2].memory[3].values[2]:false
node[2].memory[3].values[3]:false
node[2].cache[0].state:cache_invalid
node[2].cache[0].data.values[0]:false
node[2].cache[0].data.values[1]:false
node[2].cache[0].data.values[2]:false
node[2].cache[0].data.values[3]:false
node[2].cache[1].state:pending
node[2].cache[1].data.values[0]:false
node[2].cache[1].data.values[1]:false
node[2].cache[1].data.values[2]:false
node[2].cache[1].data.values[3]:false
node[2].cache[2].state:cache_invalid
node[2].cache[2].data.values[0]:false
node[2].cache[2].data.values[1]:false
node[2].cache[2].data.values[2]:false
node[2].cache[2].data.values[3]:false
node[2].cache[3].state:cache_invalid
node[2].cache[3].data.values[0]:false
node[2].cache[3].data.values[1]:false
node[2].cache[3].data.values[2]:false
node[2].cache[3].data.values[3]:false
node[2].directory[0][0]:cache_invalid
node[2].directory[0][1]:cache_invalid
node[2].directory[0][2]:cache_invalid
node[2].directory[1][0]:cache_invalid
node[2].directory[1][1]:cache_invalid
node[2].directory[1][2]:cache_invalid
node[2].directory[2][0]:cache_invalid
node[2].directory[2][1]:cache_invalid
node[2].directory[2][2]:cache_invalid
node[2].directory[3][0]:cache_invalid
node[2].directory[3][1]:cache_invalid
node[2].directory[3][2]:cache_invalid
node[2].local_requests[0]:false
node[2].local_requests[1]:false
node[2].local_requests[2]:false
node[2].local_requests[3]:false
node[2].home_requests[0].source:0
node[2].home_requests[0].op:op_invalid
node[2].home_requests[0].data.values[0]:false
node[2].home_requests[0].data.values[1]:false
node[2].home_requests[0].data.values[2]:false
node[2].home_requests[0].data.values[3]:false
node[2].home_requests[0].invalidate_list[0]:false
node[2].home_requests[0].invalidate_list[1]:false
node[2].home_requests[0].invalidate_list[2]:false
node[2].home_requests[0].status:inactive
node[2].home_requests[1].source:0
node[2].home_requests[1].op:op_invalid
node[2].home_requests[1].data.values[0]:false
node[2].home_requests[1].data.values[1]:false
node[2].home_requests[1].data.values[2]:false
node[2].home_requests[1].data.values[3]:false
node[2].home_requests[1].invalidate_list[0]:false
node[2].home_requests[1].invalidate_list[1]:false
node[2].home_requests[1].invalidate_list[2]:false
node[2].home_requests[1].status:inactive
node[2].home_requests[2].source:0
node[2].home_requests[2].op:op_invalid
node[2].home_requests[2].data.values[0]:false
node[2].home_requests[2].data.values[1]:false
node[2].home_requests[2].data.values[2]:false
node[2].home_requests[2].data.values[3]:false
node[2].home_requests[2].invalidate_list[0]:false
node[2].home_requests[2].invalidate_list[1]:false
node[2].home_requests[2].invalidate_list[2]:false
node[2].home_requests[2].status:inactive
node[2].home_requests[3].source:0
node[2].home_requests[3].op:op_invalid
node[2].home_requests[3].data.values[0]:false
node[2].home_requests[3].data.values[1]:false
node[2].home_requests[3].data.values[2]:false
node[2].home_requests[3].data.values[3]:false
node[2].home_requests[3].invalidate_list[0]:false
node[2].home_requests[3].invalidate_list[1]:false
node[2].home_requests[3].invalidate_list[2]:false
node[2].home_requests[3].status:inactive
node[2].remote_requests[0].home:0
node[2].remote_requests[0].op:op_invalid
node[2].remote_requests[0].data.values[0]:false
node[2].remote_requests[0].data.values[1]:false
node[2].remote_requests[0].data.values[2]:false
node[2].remote_requests[0].data.values[3]:false
node[2].remote_requests[0].status:inactive
node[2].remote_requests[1].home:0
node[2].remote_requests[1].op:op_invalid
node[2].remote_requests[1].data.values[0]:false
node[2].remote_requests[1].data.values[1]:false
node[2].remote_requests[1].data.values[2]:false
node[2].remote_requests[1].data.values[3]:false
node[2].remote_requests[1].status:inactive
node[2].remote_requests[2].home:0
node[2].remote_requests[2].op:op_invalid
node[2].remote_requests[2].data.values[0]:false
node[2].remote_requests[2].data.values[1]:false
node[2].remote_requests[2].data.values[2]:false
node[2].remote_requests[2].data.values[3]:false
node[2].remote_requests[2].status:inactive
node[2].remote_requests[3].home:0
node[2].remote_requests[3].op:op_invalid
node[2].remote_requests[3].data.values[0]:false
node[2].remote_requests[3].data.values[1]:false
node[2].remote_requests[3].data.values[2]:false
node[2].remote_requests[3].data.values[3]:false
node[2].remote_requests[3].status:inactive
node[2].inchan[1].msg.source:0
node[2].inchan[1].msg.dest:0
node[2].inchan[1].msg.op:op_invalid
node[2].inchan[1].msg.addr:0
node[2].inchan[1].msg.data.values[0]:false
node[2].inchan[1].msg.data.values[1]:false
node[2].inchan[1].msg.data.values[2]:false
node[2].inchan[1].msg.data.values[3]:false
node[2].inchan[1].valid:false
node[2].inchan[2].msg.source:0
node[2].inchan[2].msg.dest:0
node[2].inchan[2].msg.op:op_invalid
node[2].inchan[2].msg.addr:0
node[2].inchan[2].msg.data.values[0]:false
node[2].inchan[2].msg.data.values[1]:false
node[2].inchan[2].msg.data.values[2]:false
node[2].inchan[2].msg.data.values[3]:false
node[2].inchan[2].valid:false
node[2].inchan[3].msg.source:0
node[2].inchan[3].msg.dest:0
node[2].inchan[3].msg.op:op_invalid
node[2].inchan[3].msg.addr:0
node[2].inchan[3].msg.data.values[0]:false
node[2].inchan[3].msg.data.values[1]:false
node[2].inchan[3].msg.data.values[2]:false
node[2].inchan[3].msg.data.values[3]:false
node[2].inchan[3].valid:false
node[2].outchan[1].msg.source:0
node[2].outchan[1].msg.dest:0
node[2].outchan[1].msg.op:op_invalid
node[2].outchan[1].msg.addr:0
node[2].outchan[1].msg.data.values[0]:false
node[2].outchan[1].msg.data.values[1]:false
node[2].outchan[1].msg.data.values[2]:false
node[2].outchan[1].msg.data.values[3]:false
node[2].outchan[1].valid:false
node[2].outchan[2].msg.source:0
node[2].outchan[2].msg.dest:0
node[2].outchan[2].msg.op:op_invalid
node[2].outchan[2].msg.addr:0
node[2].outchan[2].msg.data.values[0]:false
node[2].outchan[2].msg.data.values[1]:false
node[2].outchan[2].msg.data.values[2]:false
node[2].outchan[2].msg.data.values[3]:false
node[2].outchan[2].valid:false
node[2].outchan[3].msg.source:0
node[2].outchan[3].msg.dest:0
node[2].outchan[3].msg.op:op_invalid
node[2].outchan[3].msg.addr:0
node[2].outchan[3].msg.data.values[0]:false
node[2].outchan[3].msg.data.values[1]:false
node[2].outchan[3].msg.data.values[2]:false
node[2].outchan[3].msg.data.values[3]:false
node[2].outchan[3].valid:false
auxdata.values[0]:false
auxdata.values[1]:false
auxdata.values[2]:false
auxdata.values[3]:false

------------- Show Initstate: ------------------
node[0].memory[0].values[0]:false
node[0].memory[0].values[1]:false
node[0].memory[0].values[2]:false
node[0].memory[0].values[3]:false
node[0].memory[1].values[0]:false
node[0].memory[1].values[1]:false
node[0].memory[1].values[2]:false
node[0].memory[1].values[3]:false
node[0].memory[2].values[0]:false
node[0].memory[2].values[1]:false
node[0].memory[2].values[2]:false
node[0].memory[2].values[3]:false
node[0].memory[3].values[0]:false
node[0].memory[3].values[1]:false
node[0].memory[3].values[2]:false
node[0].memory[3].values[3]:false
node[0].cache[0].state:cache_invalid
node[0].cache[0].data.values[0]:false
node[0].cache[0].data.values[1]:false
node[0].cache[0].data.values[2]:false
node[0].cache[0].data.values[3]:false
node[0].cache[1].state:cache_invalid
node[0].cache[1].data.values[0]:false
node[0].cache[1].data.values[1]:false
node[0].cache[1].data.values[2]:false
node[0].cache[1].data.values[3]:false
node[0].cache[2].state:cache_invalid
node[0].cache[2].data.values[0]:false
node[0].cache[2].data.values[1]:false
node[0].cache[2].data.values[2]:false
node[0].cache[2].data.values[3]:false
node[0].cache[3].state:cache_invalid
node[0].cache[3].data.values[0]:false
node[0].cache[3].data.values[1]:false
node[0].cache[3].data.values[2]:false
node[0].cache[3].data.values[3]:false
node[0].directory[0][0]:cache_invalid
node[0].directory[0][1]:cache_invalid
node[0].directory[0][2]:cache_invalid
node[0].directory[1][0]:cache_invalid
node[0].directory[1][1]:cache_invalid
node[0].directory[1][2]:cache_invalid
node[0].directory[2][0]:cache_invalid
node[0].directory[2][1]:cache_invalid
node[0].directory[2][2]:cache_invalid
node[0].directory[3][0]:cache_invalid
node[0].directory[3][1]:cache_invalid
node[0].directory[3][2]:cache_invalid
node[0].local_requests[0]:false
node[0].local_requests[1]:false
node[0].local_requests[2]:false
node[0].local_requests[3]:false
node[0].home_requests[0].source:0
node[0].home_requests[0].op:op_invalid
node[0].home_requests[0].data.values[0]:false
node[0].home_requests[0].data.values[1]:false
node[0].home_requests[0].data.values[2]:false
node[0].home_requests[0].data.values[3]:false
node[0].home_requests[0].invalidate_list[0]:false
node[0].home_requests[0].invalidate_list[1]:false
node[0].home_requests[0].invalidate_list[2]:false
node[0].home_requests[0].status:inactive
node[0].home_requests[1].source:0
node[0].home_requests[1].op:op_invalid
node[0].home_requests[1].data.values[0]:false
node[0].home_requests[1].data.values[1]:false
node[0].home_requests[1].data.values[2]:false
node[0].home_requests[1].data.values[3]:false
node[0].home_requests[1].invalidate_list[0]:false
node[0].home_requests[1].invalidate_list[1]:false
node[0].home_requests[1].invalidate_list[2]:false
node[0].home_requests[1].status:inactive
node[0].home_requests[2].source:0
node[0].home_requests[2].op:op_invalid
node[0].home_requests[2].data.values[0]:false
node[0].home_requests[2].data.values[1]:false
node[0].home_requests[2].data.values[2]:false
node[0].home_requests[2].data.values[3]:false
node[0].home_requests[2].invalidate_list[0]:false
node[0].home_requests[2].invalidate_list[1]:false
node[0].home_requests[2].invalidate_list[2]:false
node[0].home_requests[2].status:inactive
node[0].home_requests[3].source:0
node[0].home_requests[3].op:op_invalid
node[0].home_requests[3].data.values[0]:false
node[0].home_requests[3].data.values[1]:false
node[0].home_requests[3].data.values[2]:false
node[0].home_requests[3].data.values[3]:false
node[0].home_requests[3].invalidate_list[0]:false
node[0].home_requests[3].invalidate_list[1]:false
node[0].home_requests[3].invalidate_list[2]:false
node[0].home_requests[3].status:inactive
node[0].remote_requests[0].home:0
node[0].remote_requests[0].op:op_invalid
node[0].remote_requests[0].data.values[0]:false
node[0].remote_requests[0].data.values[1]:false
node[0].remote_requests[0].data.values[2]:false
node[0].remote_requests[0].data.values[3]:false
node[0].remote_requests[0].status:inactive
node[0].remote_requests[1].home:0
node[0].remote_requests[1].op:op_invalid
node[0].remote_requests[1].data.values[0]:false
node[0].remote_requests[1].data.values[1]:false
node[0].remote_requests[1].data.values[2]:false
node[0].remote_requests[1].data.values[3]:false
node[0].remote_requests[1].status:inactive
node[0].remote_requests[2].home:0
node[0].remote_requests[2].op:op_invalid
node[0].remote_requests[2].data.values[0]:false
node[0].remote_requests[2].data.values[1]:false
node[0].remote_requests[2].data.values[2]:false
node[0].remote_requests[2].data.values[3]:false
node[0].remote_requests[2].status:inactive
node[0].remote_requests[3].home:0
node[0].remote_requests[3].op:op_invalid
node[0].remote_requests[3].data.values[0]:false
node[0].remote_requests[3].data.values[1]:false
node[0].remote_requests[3].data.values[2]:false
node[0].remote_requests[3].data.values[3]:false
node[0].remote_requests[3].status:inactive
node[0].inchan[1].msg.source:0
node[0].inchan[1].msg.dest:0
node[0].inchan[1].msg.op:op_invalid
node[0].inchan[1].msg.addr:0
node[0].inchan[1].msg.data.values[0]:false
node[0].inchan[1].msg.data.values[1]:false
node[0].inchan[1].msg.data.values[2]:false
node[0].inchan[1].msg.data.values[3]:false
node[0].inchan[1].valid:false
node[0].inchan[2].msg.source:0
node[0].inchan[2].msg.dest:0
node[0].inchan[2].msg.op:op_invalid
node[0].inchan[2].msg.addr:0
node[0].inchan[2].msg.data.values[0]:false
node[0].inchan[2].msg.data.values[1]:false
node[0].inchan[2].msg.data.values[2]:false
node[0].inchan[2].msg.data.values[3]:false
node[0].inchan[2].valid:false
node[0].inchan[3].msg.source:0
node[0].inchan[3].msg.dest:0
node[0].inchan[3].msg.op:op_invalid
node[0].inchan[3].msg.addr:0
node[0].inchan[3].msg.data.values[0]:false
node[0].inchan[3].msg.data.values[1]:false
node[0].inchan[3].msg.data.values[2]:false
node[0].inchan[3].msg.data.values[3]:false
node[0].inchan[3].valid:false
node[0].outchan[1].msg.source:0
node[0].outchan[1].msg.dest:0
node[0].outchan[1].msg.op:op_invalid
node[0].outchan[1].msg.addr:0
node[0].outchan[1].msg.data.values[0]:false
node[0].outchan[1].msg.data.values[1]:false
node[0].outchan[1].msg.data.values[2]:false
node[0].outchan[1].msg.data.values[3]:false
node[0].outchan[1].valid:false
node[0].outchan[2].msg.source:0
node[0].outchan[2].msg.dest:0
node[0].outchan[2].msg.op:op_invalid
node[0].outchan[2].msg.addr:0
node[0].outchan[2].msg.data.values[0]:false
node[0].outchan[2].msg.data.values[1]:false
node[0].outchan[2].msg.data.values[2]:false
node[0].outchan[2].msg.data.values[3]:false
node[0].outchan[2].valid:false
node[0].outchan[3].msg.source:0
node[0].outchan[3].msg.dest:0
node[0].outchan[3].msg.op:op_invalid
node[0].outchan[3].msg.addr:0
node[0].outchan[3].msg.data.values[0]:false
node[0].outchan[3].msg.data.values[1]:false
node[0].outchan[3].msg.data.values[2]:false
node[0].outchan[3].msg.data.values[3]:false
node[0].outchan[3].valid:false
node[1].memory[0].values[0]:false
node[1].memory[0].values[1]:false
node[1].memory[0].values[2]:false
node[1].memory[0].values[3]:false
node[1].memory[1].values[0]:false
node[1].memory[1].values[1]:false
node[1].memory[1].values[2]:false
node[1].memory[1].values[3]:false
node[1].memory[2].values[0]:false
node[1].memory[2].values[1]:false
node[1].memory[2].values[2]:false
node[1].memory[2].values[3]:false
node[1].memory[3].values[0]:false
node[1].memory[3].values[1]:false
node[1].memory[3].values[2]:false
node[1].memory[3].values[3]:false
node[1].cache[0].state:cache_invalid
node[1].cache[0].data.values[0]:false
node[1].cache[0].data.values[1]:false
node[1].cache[0].data.values[2]:false
node[1].cache[0].data.values[3]:false
node[1].cache[1].state:cache_invalid
node[1].cache[1].data.values[0]:false
node[1].cache[1].data.values[1]:false
node[1].cache[1].data.values[2]:false
node[1].cache[1].data.values[3]:false
node[1].cache[2].state:cache_invalid
node[1].cache[2].data.values[0]:false
node[1].cache[2].data.values[1]:false
node[1].cache[2].data.values[2]:false
node[1].cache[2].data.values[3]:false
node[1].cache[3].state:cache_invalid
node[1].cache[3].data.values[0]:false
node[1].cache[3].data.values[1]:false
node[1].cache[3].data.values[2]:false
node[1].cache[3].data.values[3]:false
node[1].directory[0][0]:cache_invalid
node[1].directory[0][1]:cache_invalid
node[1].directory[0][2]:cache_invalid
node[1].directory[1][0]:cache_invalid
node[1].directory[1][1]:cache_invalid
node[1].directory[1][2]:cache_invalid
node[1].directory[2][0]:cache_invalid
node[1].directory[2][1]:cache_invalid
node[1].directory[2][2]:cache_invalid
node[1].directory[3][0]:cache_invalid
node[1].directory[3][1]:cache_invalid
node[1].directory[3][2]:cache_invalid
node[1].local_requests[0]:false
node[1].local_requests[1]:false
node[1].local_requests[2]:false
node[1].local_requests[3]:false
node[1].home_requests[0].source:0
node[1].home_requests[0].op:op_invalid
node[1].home_requests[0].data.values[0]:false
node[1].home_requests[0].data.values[1]:false
node[1].home_requests[0].data.values[2]:false
node[1].home_requests[0].data.values[3]:false
node[1].home_requests[0].invalidate_list[0]:false
node[1].home_requests[0].invalidate_list[1]:false
node[1].home_requests[0].invalidate_list[2]:false
node[1].home_requests[0].status:inactive
node[1].home_requests[1].source:0
node[1].home_requests[1].op:op_invalid
node[1].home_requests[1].data.values[0]:false
node[1].home_requests[1].data.values[1]:false
node[1].home_requests[1].data.values[2]:false
node[1].home_requests[1].data.values[3]:false
node[1].home_requests[1].invalidate_list[0]:false
node[1].home_requests[1].invalidate_list[1]:false
node[1].home_requests[1].invalidate_list[2]:false
node[1].home_requests[1].status:inactive
node[1].home_requests[2].source:0
node[1].home_requests[2].op:op_invalid
node[1].home_requests[2].data.values[0]:false
node[1].home_requests[2].data.values[1]:false
node[1].home_requests[2].data.values[2]:false
node[1].home_requests[2].data.values[3]:false
node[1].home_requests[2].invalidate_list[0]:false
node[1].home_requests[2].invalidate_list[1]:false
node[1].home_requests[2].invalidate_list[2]:false
node[1].home_requests[2].status:inactive
node[1].home_requests[3].source:0
node[1].home_requests[3].op:op_invalid
node[1].home_requests[3].data.values[0]:false
node[1].home_requests[3].data.values[1]:false
node[1].home_requests[3].data.values[2]:false
node[1].home_requests[3].data.values[3]:false
node[1].home_requests[3].invalidate_list[0]:false
node[1].home_requests[3].invalidate_list[1]:false
node[1].home_requests[3].invalidate_list[2]:false
node[1].home_requests[3].status:inactive
node[1].remote_requests[0].home:0
node[1].remote_requests[0].op:op_invalid
node[1].remote_requests[0].data.values[0]:false
node[1].remote_requests[0].data.values[1]:false
node[1].remote_requests[0].data.values[2]:false
node[1].remote_requests[0].data.values[3]:false
node[1].remote_requests[0].status:inactive
node[1].remote_requests[1].home:0
node[1].remote_requests[1].op:op_invalid
node[1].remote_requests[1].data.values[0]:false
node[1].remote_requests[1].data.values[1]:false
node[1].remote_requests[1].data.values[2]:false
node[1].remote_requests[1].data.values[3]:false
node[1].remote_requests[1].status:inactive
node[1].remote_requests[2].home:0
node[1].remote_requests[2].op:op_invalid
node[1].remote_requests[2].data.values[0]:false
node[1].remote_requests[2].data.values[1]:false
node[1].remote_requests[2].data.values[2]:false
node[1].remote_requests[2].data.values[3]:false
node[1].remote_requests[2].status:inactive
node[1].remote_requests[3].home:0
node[1].remote_requests[3].op:op_invalid
node[1].remote_requests[3].data.values[0]:false
node[1].remote_requests[3].data.values[1]:false
node[1].remote_requests[3].data.values[2]:false
node[1].remote_requests[3].data.values[3]:false
node[1].remote_requests[3].status:inactive
node[1].inchan[1].msg.source:0
node[1].inchan[1].msg.dest:0
node[1].inchan[1].msg.op:op_invalid
node[1].inchan[1].msg.addr:0
node[1].inchan[1].msg.data.values[0]:false
node[1].inchan[1].msg.data.values[1]:false
node[1].inchan[1].msg.data.values[2]:false
node[1].inchan[1].msg.data.values[3]:false
node[1].inchan[1].valid:false
node[1].inchan[2].msg.source:0
node[1].inchan[2].msg.dest:0
node[1].inchan[2].msg.op:op_invalid
node[1].inchan[2].msg.addr:0
node[1].inchan[2].msg.data.values[0]:false
node[1].inchan[2].msg.data.values[1]:false
node[1].inchan[2].msg.data.values[2]:false
node[1].inchan[2].msg.data.values[3]:false
node[1].inchan[2].valid:false
node[1].inchan[3].msg.source:0
node[1].inchan[3].msg.dest:0
node[1].inchan[3].msg.op:op_invalid
node[1].inchan[3].msg.addr:0
node[1].inchan[3].msg.data.values[0]:false
node[1].inchan[3].msg.data.values[1]:false
node[1].inchan[3].msg.data.values[2]:false
node[1].inchan[3].msg.data.values[3]:false
node[1].inchan[3].valid:false
node[1].outchan[1].msg.source:0
node[1].outchan[1].msg.dest:0
node[1].outchan[1].msg.op:op_invalid
node[1].outchan[1].msg.addr:0
node[1].outchan[1].msg.data.values[0]:false
node[1].outchan[1].msg.data.values[1]:false
node[1].outchan[1].msg.data.values[2]:false
node[1].outchan[1].msg.data.values[3]:false
node[1].outchan[1].valid:false
node[1].outchan[2].msg.source:0
node[1].outchan[2].msg.dest:0
node[1].outchan[2].msg.op:op_invalid
node[1].outchan[2].msg.addr:0
node[1].outchan[2].msg.data.values[0]:false
node[1].outchan[2].msg.data.values[1]:false
node[1].outchan[2].msg.data.values[2]:false
node[1].outchan[2].msg.data.values[3]:false
node[1].outchan[2].valid:false
node[1].outchan[3].msg.source:0
node[1].outchan[3].msg.dest:0
node[1].outchan[3].msg.op:op_invalid
node[1].outchan[3].msg.addr:0
node[1].outchan[3].msg.data.values[0]:false
node[1].outchan[3].msg.data.values[1]:false
node[1].outchan[3].msg.data.values[2]:false
node[1].outchan[3].msg.data.values[3]:false
node[1].outchan[3].valid:false
node[2].memory[0].values[0]:false
node[2].memory[0].values[1]:false
node[2].memory[0].values[2]:false
node[2].memory[0].values[3]:false
node[2].memory[1].values[0]:false
node[2].memory[1].values[1]:false
node[2].memory[1].values[2]:false
node[2].memory[1].values[3]:false
node[2].memory[2].values[0]:false
node[2].memory[2].values[1]:false
node[2].memory[2].values[2]:false
node[2].memory[2].values[3]:false
node[2].memory[3].values[0]:false
node[2].memory[3].values[1]:false
node[2].memory[3].values[2]:false
node[2].memory[3].values[3]:false
node[2].cache[0].state:cache_invalid
node[2].cache[0].data.values[0]:false
node[2].cache[0].data.values[1]:false
node[2].cache[0].data.values[2]:false
node[2].cache[0].data.values[3]:false
node[2].cache[1].state:cache_invalid
node[2].cache[1].data.values[0]:false
node[2].cache[1].data.values[1]:false
node[2].cache[1].data.values[2]:false
node[2].cache[1].data.values[3]:false
node[2].cache[2].state:cache_invalid
node[2].cache[2].data.values[0]:false
node[2].cache[2].data.values[1]:false
node[2].cache[2].data.values[2]:false
node[2].cache[2].data.values[3]:false
node[2].cache[3].state:cache_invalid
node[2].cache[3].data.values[0]:false
node[2].cache[3].data.values[1]:false
node[2].cache[3].data.values[2]:false
node[2].cache[3].data.values[3]:false
node[2].directory[0][0]:cache_invalid
node[2].directory[0][1]:cache_invalid
node[2].directory[0][2]:cache_invalid
node[2].directory[1][0]:cache_invalid
node[2].directory[1][1]:cache_invalid
node[2].directory[1][2]:cache_invalid
node[2].directory[2][0]:cache_invalid
node[2].directory[2][1]:cache_invalid
node[2].directory[2][2]:cache_invalid
node[2].directory[3][0]:cache_invalid
node[2].directory[3][1]:cache_invalid
node[2].directory[3][2]:cache_invalid
node[2].local_requests[0]:false
node[2].local_requests[1]:false
node[2].local_requests[2]:false
node[2].local_requests[3]:false
node[2].home_requests[0].source:0
node[2].home_requests[0].op:op_invalid
node[2].home_requests[0].data.values[0]:false
node[2].home_requests[0].data.values[1]:false
node[2].home_requests[0].data.values[2]:false
node[2].home_requests[0].data.values[3]:false
node[2].home_requests[0].invalidate_list[0]:false
node[2].home_requests[0].invalidate_list[1]:false
node[2].home_requests[0].invalidate_list[2]:false
node[2].home_requests[0].status:inactive
node[2].home_requests[1].source:0
node[2].home_requests[1].op:op_invalid
node[2].home_requests[1].data.values[0]:false
node[2].home_requests[1].data.values[1]:false
node[2].home_requests[1].data.values[2]:false
node[2].home_requests[1].data.values[3]:false
node[2].home_requests[1].invalidate_list[0]:false
node[2].home_requests[1].invalidate_list[1]:false
node[2].home_requests[1].invalidate_list[2]:false
node[2].home_requests[1].status:inactive
node[2].home_requests[2].source:0
node[2].home_requests[2].op:op_invalid
node[2].home_requests[2].data.values[0]:false
node[2].home_requests[2].data.values[1]:false
node[2].home_requests[2].data.values[2]:false
node[2].home_requests[2].data.values[3]:false
node[2].home_requests[2].invalidate_list[0]:false
node[2].home_requests[2].invalidate_list[1]:false
node[2].home_requests[2].invalidate_list[2]:false
node[2].home_requests[2].status:inactive
node[2].home_requests[3].source:0
node[2].home_requests[3].op:op_invalid
node[2].home_requests[3].data.values[0]:false
node[2].home_requests[3].data.values[1]:false
node[2].home_requests[3].data.values[2]:false
node[2].home_requests[3].data.values[3]:false
node[2].home_requests[3].invalidate_list[0]:false
node[2].home_requests[3].invalidate_list[1]:false
node[2].home_requests[3].invalidate_list[2]:false
node[2].home_requests[3].status:inactive
node[2].remote_requests[0].home:0
node[2].remote_requests[0].op:op_invalid
node[2].remote_requests[0].data.values[0]:false
node[2].remote_requests[0].data.values[1]:false
node[2].remote_requests[0].data.values[2]:false
node[2].remote_requests[0].data.values[3]:false
node[2].remote_requests[0].status:inactive
node[2].remote_requests[1].home:0
node[2].remote_requests[1].op:op_invalid
node[2].remote_requests[1].data.values[0]:false
node[2].remote_requests[1].data.values[1]:false
node[2].remote_requests[1].data.values[2]:false
node[2].remote_requests[1].data.values[3]:false
node[2].remote_requests[1].status:inactive
node[2].remote_requests[2].home:0
node[2].remote_requests[2].op:op_invalid
node[2].remote_requests[2].data.values[0]:false
node[2].remote_requests[2].data.values[1]:false
node[2].remote_requests[2].data.values[2]:false
node[2].remote_requests[2].data.values[3]:false
node[2].remote_requests[2].status:inactive
node[2].remote_requests[3].home:0
node[2].remote_requests[3].op:op_invalid
node[2].remote_requests[3].data.values[0]:false
node[2].remote_requests[3].data.values[1]:false
node[2].remote_requests[3].data.values[2]:false
node[2].remote_requests[3].data.values[3]:false
node[2].remote_requests[3].status:inactive
node[2].inchan[1].msg.source:0
node[2].inchan[1].msg.dest:0
node[2].inchan[1].msg.op:op_invalid
node[2].inchan[1].msg.addr:0
node[2].inchan[1].msg.data.values[0]:false
node[2].inchan[1].msg.data.values[1]:false
node[2].inchan[1].msg.data.values[2]:false
node[2].inchan[1].msg.data.values[3]:false
node[2].inchan[1].valid:false
node[2].inchan[2].msg.source:0
node[2].inchan[2].msg.dest:0
node[2].inchan[2].msg.op:op_invalid
node[2].inchan[2].msg.addr:0
node[2].inchan[2].msg.data.values[0]:false
node[2].inchan[2].msg.data.values[1]:false
node[2].inchan[2].msg.data.values[2]:false
node[2].inchan[2].msg.data.values[3]:false
node[2].inchan[2].valid:false
node[2].inchan[3].msg.source:0
node[2].inchan[3].msg.dest:0
node[2].inchan[3].msg.op:op_invalid
node[2].inchan[3].msg.addr:0
node[2].inchan[3].msg.data.values[0]:false
node[2].inchan[3].msg.data.values[1]:false
node[2].inchan[3].msg.data.values[2]:false
node[2].inchan[3].msg.data.values[3]:false
node[2].inchan[3].valid:false
node[2].outchan[1].msg.source:0
node[2].outchan[1].msg.dest:0
node[2].outchan[1].msg.op:op_invalid
node[2].outchan[1].msg.addr:0
node[2].outchan[1].msg.data.values[0]:false
node[2].outchan[1].msg.data.values[1]:false
node[2].outchan[1].msg.data.values[2]:false
node[2].outchan[1].msg.data.values[3]:false
node[2].outchan[1].valid:false
node[2].outchan[2].msg.source:0
node[2].outchan[2].msg.dest:0
node[2].outchan[2].msg.op:op_invalid
node[2].outchan[2].msg.addr:0
node[2].outchan[2].msg.data.values[0]:false
node[2].outchan[2].msg.data.values[1]:false
node[2].outchan[2].msg.data.values[2]:false
node[2].outchan[2].msg.data.values[3]:false
node[2].outchan[2].valid:false
node[2].outchan[3].msg.source:0
node[2].outchan[3].msg.dest:0
node[2].outchan[3].msg.op:op_invalid
node[2].outchan[3].msg.addr:0
node[2].outchan[3].msg.data.values[0]:false
node[2].outchan[3].msg.data.values[1]:false
node[2].outchan[3].msg.data.values[2]:false
node[2].outchan[3].msg.data.values[3]:false
node[2].outchan[3].valid:false
auxdata.values[0]:false
auxdata.values[1]:false
auxdata.values[2]:false
auxdata.values[3]:false

------------- Show a heuristic value: ------------------
20

Progress Report:

	1000 states explored in 1.18s, with 1751 rules fired and 852 states in the queue.
	2000 states explored in 1.21s, with 4083 rules fired and 1588 states in the queue.
	3000 states explored in 1.24s, with 5971 rules fired and 2357 states in the queue.
	4000 states explored in 1.27s, with 7924 rules fired and 3112 states in the queue.
	5000 states explored in 1.29s, with 10041 rules fired and 3895 states in the queue.
	6000 states explored in 1.33s, with 13685 rules fired and 4663 states in the queue.
	7000 states explored in 1.35s, with 15385 rules fired and 5485 states in the queue.
	8000 states explored in 1.39s, with 18237 rules fired and 6232 states in the queue.
	9000 states explored in 1.41s, with 19946 rules fired and 7039 states in the queue.
	10000 states explored in 1.44s, with 22757 rules fired and 7755 states in the queue.
	11000 states explored in 1.47s, with 24510 rules fired and 8554 states in the queue.
	12000 states explored in 1.50s, with 27256 rules fired and 9276 states in the queue.
	13000 states explored in 1.53s, with 29342 rules fired and 10048 states in the queue.
	14000 states explored in 1.56s, with 31772 rules fired and 10810 states in the queue.
	15000 states explored in 1.59s, with 34311 rules fired and 11568 states in the queue.
	16000 states explored in 1.61s, with 36316 rules fired and 12360 states in the queue.
	17000 states explored in 1.65s, with 39067 rules fired and 13080 states in the queue.
	18000 states explored in 1.67s, with 40843 rules fired and 13881 states in the queue.
	19000 states explored in 1.71s, with 43652 rules fired and 14595 states in the queue.
	20000 states explored in 1.73s, with 45345 rules fired and 15400 states in the queue.
	21000 states explored in 1.79s, with 51485 rules fired and 15867 states in the queue.
	22000 states explored in 1.87s, with 58746 rules fired and 16247 states in the queue.
	23000 states explored in 1.90s, with 61465 rules fired and 16868 states in the queue.
	24000 states explored in 1.94s, with 63828 rules fired and 17509 states in the queue.
	25000 states explored in 1.97s, with 66055 rules fired and 18128 states in the queue.
	26000 states explored in 2.00s, with 68175 rules fired and 18759 states in the queue.
	27000 states explored in 2.04s, with 71003 rules fired and 19410 states in the queue.

==========================================================================

Result:

	Invariant "coherent, addr:0, n2:2, n1:0" failed.

State Space Explored:

	27709 states, 73917 rules fired in 2.07s.

Analysis of State Space:

	There are rules that are never fired.
	If you are running with symmetry, this may be why.  Otherwise,
	please run this program with "-pr" for the rules information.
