This program should be regarded as a DEBUGGING aid, not as a 
certifier of correctness.
Call with the -l flag or read the license file for terms
and conditions of use.
Run this program with "-h" for the list of options.

Bugs, questions, and comments should be directed to
"melatti@di.uniroma1.it".

CMurphi compiler last modified date: Aug 25 2023
Include files last modified date:    Jul 23 2021
==========================================================================

==========================================================================
Caching Murphi Release 5.5.0
Finite-state Concurrent System Verifier.

Caching Murphi Release 5.5.0 is based on various versions of Murphi.
Caching Murphi Release 5.5.0 :
Copyright (C) 2009-2012 by Sapienza University of Rome.
Murphi release 3.1 :
Copyright (C) 1992 - 1999 by the Board of Trustees of
Leland Stanford Junior University.

==========================================================================

Protocol: ./benchmarks/murphi_protocols/ldash_node4

Algorithm:
	Verification by breadth first search.
	with symmetry algorithm 3 -- Heuristic Small Memory Normalization
	with permutation trial limit 10.

Memory usage:

	* The size of each state is 4232 bits (rounded up to 536 bytes).
	* The memory allocated for the hash table and state queue is
	  10485 Mbytes.
	  With two words of overhead per state, the maximum size of
	  the state space is 18968471 states.
	   * Use option "-k" or "-m" to increase this, if necessary.
	* Capacity in queue for breadth-first search: 1896847 states.
	   * Change the constant gPercentActiveStates in mu_prolog.inc
	     to increase this, if necessary.

Warning: No trace will not be printed in the case of protocol errors!
         Check the options if you want to have error traces.
==========================================================================

You are using breath-first search algorithm:

------------- Show Goalstate: ------------------
ReqNet[Home_1][Home_1].Count:0
ReqNet[Home_1][Home_1].Messages[0].Mtype:Undefined
ReqNet[Home_1][Home_1].Messages[0].Aux:Undefined
ReqNet[Home_1][Home_1].Messages[0].LAddr:Undefined
ReqNet[Home_1][Home_1].Messages[1].Mtype:Undefined
ReqNet[Home_1][Home_1].Messages[1].Aux:Undefined
ReqNet[Home_1][Home_1].Messages[1].LAddr:Undefined
ReqNet[Home_1][Home_1].Messages[2].Mtype:Undefined
ReqNet[Home_1][Home_1].Messages[2].Aux:Undefined
ReqNet[Home_1][Home_1].Messages[2].LAddr:Undefined
ReqNet[Home_1][Remote_1].Count:0
ReqNet[Home_1][Remote_1].Messages[0].Mtype:Undefined
ReqNet[Home_1][Remote_1].Messages[0].Aux:Undefined
ReqNet[Home_1][Remote_1].Messages[0].LAddr:Undefined
ReqNet[Home_1][Remote_1].Messages[1].Mtype:Undefined
ReqNet[Home_1][Remote_1].Messages[1].Aux:Undefined
ReqNet[Home_1][Remote_1].Messages[1].LAddr:Undefined
ReqNet[Home_1][Remote_1].Messages[2].Mtype:Undefined
ReqNet[Home_1][Remote_1].Messages[2].Aux:Undefined
ReqNet[Home_1][Remote_1].Messages[2].LAddr:Undefined
ReqNet[Home_1][Remote_2].Count:0
ReqNet[Home_1][Remote_2].Messages[0].Mtype:Undefined
ReqNet[Home_1][Remote_2].Messages[0].Aux:Undefined
ReqNet[Home_1][Remote_2].Messages[0].LAddr:Undefined
ReqNet[Home_1][Remote_2].Messages[1].Mtype:Undefined
ReqNet[Home_1][Remote_2].Messages[1].Aux:Undefined
ReqNet[Home_1][Remote_2].Messages[1].LAddr:Undefined
ReqNet[Home_1][Remote_2].Messages[2].Mtype:Undefined
ReqNet[Home_1][Remote_2].Messages[2].Aux:Undefined
ReqNet[Home_1][Remote_2].Messages[2].LAddr:Undefined
ReqNet[Home_1][Remote_3].Count:0
ReqNet[Home_1][Remote_3].Messages[0].Mtype:Undefined
ReqNet[Home_1][Remote_3].Messages[0].Aux:Undefined
ReqNet[Home_1][Remote_3].Messages[0].LAddr:Undefined
ReqNet[Home_1][Remote_3].Messages[1].Mtype:Undefined
ReqNet[Home_1][Remote_3].Messages[1].Aux:Undefined
ReqNet[Home_1][Remote_3].Messages[1].LAddr:Undefined
ReqNet[Home_1][Remote_3].Messages[2].Mtype:Undefined
ReqNet[Home_1][Remote_3].Messages[2].Aux:Undefined
ReqNet[Home_1][Remote_3].Messages[2].LAddr:Undefined
ReqNet[Home_1][Remote_4].Count:0
ReqNet[Home_1][Remote_4].Messages[0].Mtype:Undefined
ReqNet[Home_1][Remote_4].Messages[0].Aux:Undefined
ReqNet[Home_1][Remote_4].Messages[0].LAddr:Undefined
ReqNet[Home_1][Remote_4].Messages[1].Mtype:Undefined
ReqNet[Home_1][Remote_4].Messages[1].Aux:Undefined
ReqNet[Home_1][Remote_4].Messages[1].LAddr:Undefined
ReqNet[Home_1][Remote_4].Messages[2].Mtype:Undefined
ReqNet[Home_1][Remote_4].Messages[2].Aux:Undefined
ReqNet[Home_1][Remote_4].Messages[2].LAddr:Undefined
ReqNet[Remote_1][Home_1].Count:0
ReqNet[Remote_1][Home_1].Messages[0].Mtype:Undefined
ReqNet[Remote_1][Home_1].Messages[0].Aux:Undefined
ReqNet[Remote_1][Home_1].Messages[0].LAddr:Undefined
ReqNet[Remote_1][Home_1].Messages[1].Mtype:Undefined
ReqNet[Remote_1][Home_1].Messages[1].Aux:Undefined
ReqNet[Remote_1][Home_1].Messages[1].LAddr:Undefined
ReqNet[Remote_1][Home_1].Messages[2].Mtype:Undefined
ReqNet[Remote_1][Home_1].Messages[2].Aux:Undefined
ReqNet[Remote_1][Home_1].Messages[2].LAddr:Undefined
ReqNet[Remote_1][Remote_1].Count:0
ReqNet[Remote_1][Remote_1].Messages[0].Mtype:Undefined
ReqNet[Remote_1][Remote_1].Messages[0].Aux:Undefined
ReqNet[Remote_1][Remote_1].Messages[0].LAddr:Undefined
ReqNet[Remote_1][Remote_1].Messages[1].Mtype:Undefined
ReqNet[Remote_1][Remote_1].Messages[1].Aux:Undefined
ReqNet[Remote_1][Remote_1].Messages[1].LAddr:Undefined
ReqNet[Remote_1][Remote_1].Messages[2].Mtype:Undefined
ReqNet[Remote_1][Remote_1].Messages[2].Aux:Undefined
ReqNet[Remote_1][Remote_1].Messages[2].LAddr:Undefined
ReqNet[Remote_1][Remote_2].Count:0
ReqNet[Remote_1][Remote_2].Messages[0].Mtype:Undefined
ReqNet[Remote_1][Remote_2].Messages[0].Aux:Undefined
ReqNet[Remote_1][Remote_2].Messages[0].LAddr:Undefined
ReqNet[Remote_1][Remote_2].Messages[1].Mtype:Undefined
ReqNet[Remote_1][Remote_2].Messages[1].Aux:Undefined
ReqNet[Remote_1][Remote_2].Messages[1].LAddr:Undefined
ReqNet[Remote_1][Remote_2].Messages[2].Mtype:Undefined
ReqNet[Remote_1][Remote_2].Messages[2].Aux:Undefined
ReqNet[Remote_1][Remote_2].Messages[2].LAddr:Undefined
ReqNet[Remote_1][Remote_3].Count:0
ReqNet[Remote_1][Remote_3].Messages[0].Mtype:Undefined
ReqNet[Remote_1][Remote_3].Messages[0].Aux:Undefined
ReqNet[Remote_1][Remote_3].Messages[0].LAddr:Undefined
ReqNet[Remote_1][Remote_3].Messages[1].Mtype:Undefined
ReqNet[Remote_1][Remote_3].Messages[1].Aux:Undefined
ReqNet[Remote_1][Remote_3].Messages[1].LAddr:Undefined
ReqNet[Remote_1][Remote_3].Messages[2].Mtype:Undefined
ReqNet[Remote_1][Remote_3].Messages[2].Aux:Undefined
ReqNet[Remote_1][Remote_3].Messages[2].LAddr:Undefined
ReqNet[Remote_1][Remote_4].Count:0
ReqNet[Remote_1][Remote_4].Messages[0].Mtype:Undefined
ReqNet[Remote_1][Remote_4].Messages[0].Aux:Undefined
ReqNet[Remote_1][Remote_4].Messages[0].LAddr:Undefined
ReqNet[Remote_1][Remote_4].Messages[1].Mtype:Undefined
ReqNet[Remote_1][Remote_4].Messages[1].Aux:Undefined
ReqNet[Remote_1][Remote_4].Messages[1].LAddr:Undefined
ReqNet[Remote_1][Remote_4].Messages[2].Mtype:Undefined
ReqNet[Remote_1][Remote_4].Messages[2].Aux:Undefined
ReqNet[Remote_1][Remote_4].Messages[2].LAddr:Undefined
ReqNet[Remote_2][Home_1].Count:0
ReqNet[Remote_2][Home_1].Messages[0].Mtype:Undefined
ReqNet[Remote_2][Home_1].Messages[0].Aux:Undefined
ReqNet[Remote_2][Home_1].Messages[0].LAddr:Undefined
ReqNet[Remote_2][Home_1].Messages[1].Mtype:Undefined
ReqNet[Remote_2][Home_1].Messages[1].Aux:Undefined
ReqNet[Remote_2][Home_1].Messages[1].LAddr:Undefined
ReqNet[Remote_2][Home_1].Messages[2].Mtype:Undefined
ReqNet[Remote_2][Home_1].Messages[2].Aux:Undefined
ReqNet[Remote_2][Home_1].Messages[2].LAddr:Undefined
ReqNet[Remote_2][Remote_1].Count:0
ReqNet[Remote_2][Remote_1].Messages[0].Mtype:Undefined
ReqNet[Remote_2][Remote_1].Messages[0].Aux:Undefined
ReqNet[Remote_2][Remote_1].Messages[0].LAddr:Undefined
ReqNet[Remote_2][Remote_1].Messages[1].Mtype:Undefined
ReqNet[Remote_2][Remote_1].Messages[1].Aux:Undefined
ReqNet[Remote_2][Remote_1].Messages[1].LAddr:Undefined
ReqNet[Remote_2][Remote_1].Messages[2].Mtype:Undefined
ReqNet[Remote_2][Remote_1].Messages[2].Aux:Undefined
ReqNet[Remote_2][Remote_1].Messages[2].LAddr:Undefined
ReqNet[Remote_2][Remote_2].Count:0
ReqNet[Remote_2][Remote_2].Messages[0].Mtype:Undefined
ReqNet[Remote_2][Remote_2].Messages[0].Aux:Undefined
ReqNet[Remote_2][Remote_2].Messages[0].LAddr:Undefined
ReqNet[Remote_2][Remote_2].Messages[1].Mtype:Undefined
ReqNet[Remote_2][Remote_2].Messages[1].Aux:Undefined
ReqNet[Remote_2][Remote_2].Messages[1].LAddr:Undefined
ReqNet[Remote_2][Remote_2].Messages[2].Mtype:Undefined
ReqNet[Remote_2][Remote_2].Messages[2].Aux:Undefined
ReqNet[Remote_2][Remote_2].Messages[2].LAddr:Undefined
ReqNet[Remote_2][Remote_3].Count:0
ReqNet[Remote_2][Remote_3].Messages[0].Mtype:Undefined
ReqNet[Remote_2][Remote_3].Messages[0].Aux:Undefined
ReqNet[Remote_2][Remote_3].Messages[0].LAddr:Undefined
ReqNet[Remote_2][Remote_3].Messages[1].Mtype:Undefined
ReqNet[Remote_2][Remote_3].Messages[1].Aux:Undefined
ReqNet[Remote_2][Remote_3].Messages[1].LAddr:Undefined
ReqNet[Remote_2][Remote_3].Messages[2].Mtype:Undefined
ReqNet[Remote_2][Remote_3].Messages[2].Aux:Undefined
ReqNet[Remote_2][Remote_3].Messages[2].LAddr:Undefined
ReqNet[Remote_2][Remote_4].Count:0
ReqNet[Remote_2][Remote_4].Messages[0].Mtype:Undefined
ReqNet[Remote_2][Remote_4].Messages[0].Aux:Undefined
ReqNet[Remote_2][Remote_4].Messages[0].LAddr:Undefined
ReqNet[Remote_2][Remote_4].Messages[1].Mtype:Undefined
ReqNet[Remote_2][Remote_4].Messages[1].Aux:Undefined
ReqNet[Remote_2][Remote_4].Messages[1].LAddr:Undefined
ReqNet[Remote_2][Remote_4].Messages[2].Mtype:Undefined
ReqNet[Remote_2][Remote_4].Messages[2].Aux:Undefined
ReqNet[Remote_2][Remote_4].Messages[2].LAddr:Undefined
ReqNet[Remote_3][Home_1].Count:0
ReqNet[Remote_3][Home_1].Messages[0].Mtype:Undefined
ReqNet[Remote_3][Home_1].Messages[0].Aux:Undefined
ReqNet[Remote_3][Home_1].Messages[0].LAddr:Undefined
ReqNet[Remote_3][Home_1].Messages[1].Mtype:Undefined
ReqNet[Remote_3][Home_1].Messages[1].Aux:Undefined
ReqNet[Remote_3][Home_1].Messages[1].LAddr:Undefined
ReqNet[Remote_3][Home_1].Messages[2].Mtype:Undefined
ReqNet[Remote_3][Home_1].Messages[2].Aux:Undefined
ReqNet[Remote_3][Home_1].Messages[2].LAddr:Undefined
ReqNet[Remote_3][Remote_1].Count:0
ReqNet[Remote_3][Remote_1].Messages[0].Mtype:Undefined
ReqNet[Remote_3][Remote_1].Messages[0].Aux:Undefined
ReqNet[Remote_3][Remote_1].Messages[0].LAddr:Undefined
ReqNet[Remote_3][Remote_1].Messages[1].Mtype:Undefined
ReqNet[Remote_3][Remote_1].Messages[1].Aux:Undefined
ReqNet[Remote_3][Remote_1].Messages[1].LAddr:Undefined
ReqNet[Remote_3][Remote_1].Messages[2].Mtype:Undefined
ReqNet[Remote_3][Remote_1].Messages[2].Aux:Undefined
ReqNet[Remote_3][Remote_1].Messages[2].LAddr:Undefined
ReqNet[Remote_3][Remote_2].Count:0
ReqNet[Remote_3][Remote_2].Messages[0].Mtype:Undefined
ReqNet[Remote_3][Remote_2].Messages[0].Aux:Undefined
ReqNet[Remote_3][Remote_2].Messages[0].LAddr:Undefined
ReqNet[Remote_3][Remote_2].Messages[1].Mtype:Undefined
ReqNet[Remote_3][Remote_2].Messages[1].Aux:Undefined
ReqNet[Remote_3][Remote_2].Messages[1].LAddr:Undefined
ReqNet[Remote_3][Remote_2].Messages[2].Mtype:Undefined
ReqNet[Remote_3][Remote_2].Messages[2].Aux:Undefined
ReqNet[Remote_3][Remote_2].Messages[2].LAddr:Undefined
ReqNet[Remote_3][Remote_3].Count:0
ReqNet[Remote_3][Remote_3].Messages[0].Mtype:Undefined
ReqNet[Remote_3][Remote_3].Messages[0].Aux:Undefined
ReqNet[Remote_3][Remote_3].Messages[0].LAddr:Undefined
ReqNet[Remote_3][Remote_3].Messages[1].Mtype:Undefined
ReqNet[Remote_3][Remote_3].Messages[1].Aux:Undefined
ReqNet[Remote_3][Remote_3].Messages[1].LAddr:Undefined
ReqNet[Remote_3][Remote_3].Messages[2].Mtype:Undefined
ReqNet[Remote_3][Remote_3].Messages[2].Aux:Undefined
ReqNet[Remote_3][Remote_3].Messages[2].LAddr:Undefined
ReqNet[Remote_3][Remote_4].Count:0
ReqNet[Remote_3][Remote_4].Messages[0].Mtype:Undefined
ReqNet[Remote_3][Remote_4].Messages[0].Aux:Undefined
ReqNet[Remote_3][Remote_4].Messages[0].LAddr:Undefined
ReqNet[Remote_3][Remote_4].Messages[1].Mtype:Undefined
ReqNet[Remote_3][Remote_4].Messages[1].Aux:Undefined
ReqNet[Remote_3][Remote_4].Messages[1].LAddr:Undefined
ReqNet[Remote_3][Remote_4].Messages[2].Mtype:Undefined
ReqNet[Remote_3][Remote_4].Messages[2].Aux:Undefined
ReqNet[Remote_3][Remote_4].Messages[2].LAddr:Undefined
ReqNet[Remote_4][Home_1].Count:0
ReqNet[Remote_4][Home_1].Messages[0].Mtype:Undefined
ReqNet[Remote_4][Home_1].Messages[0].Aux:Undefined
ReqNet[Remote_4][Home_1].Messages[0].LAddr:Undefined
ReqNet[Remote_4][Home_1].Messages[1].Mtype:Undefined
ReqNet[Remote_4][Home_1].Messages[1].Aux:Undefined
ReqNet[Remote_4][Home_1].Messages[1].LAddr:Undefined
ReqNet[Remote_4][Home_1].Messages[2].Mtype:Undefined
ReqNet[Remote_4][Home_1].Messages[2].Aux:Undefined
ReqNet[Remote_4][Home_1].Messages[2].LAddr:Undefined
ReqNet[Remote_4][Remote_1].Count:0
ReqNet[Remote_4][Remote_1].Messages[0].Mtype:Undefined
ReqNet[Remote_4][Remote_1].Messages[0].Aux:Undefined
ReqNet[Remote_4][Remote_1].Messages[0].LAddr:Undefined
ReqNet[Remote_4][Remote_1].Messages[1].Mtype:Undefined
ReqNet[Remote_4][Remote_1].Messages[1].Aux:Undefined
ReqNet[Remote_4][Remote_1].Messages[1].LAddr:Undefined
ReqNet[Remote_4][Remote_1].Messages[2].Mtype:Undefined
ReqNet[Remote_4][Remote_1].Messages[2].Aux:Undefined
ReqNet[Remote_4][Remote_1].Messages[2].LAddr:Undefined
ReqNet[Remote_4][Remote_2].Count:0
ReqNet[Remote_4][Remote_2].Messages[0].Mtype:Undefined
ReqNet[Remote_4][Remote_2].Messages[0].Aux:Undefined
ReqNet[Remote_4][Remote_2].Messages[0].LAddr:Undefined
ReqNet[Remote_4][Remote_2].Messages[1].Mtype:Undefined
ReqNet[Remote_4][Remote_2].Messages[1].Aux:Undefined
ReqNet[Remote_4][Remote_2].Messages[1].LAddr:Undefined
ReqNet[Remote_4][Remote_2].Messages[2].Mtype:Undefined
ReqNet[Remote_4][Remote_2].Messages[2].Aux:Undefined
ReqNet[Remote_4][Remote_2].Messages[2].LAddr:Undefined
ReqNet[Remote_4][Remote_3].Count:0
ReqNet[Remote_4][Remote_3].Messages[0].Mtype:Undefined
ReqNet[Remote_4][Remote_3].Messages[0].Aux:Undefined
ReqNet[Remote_4][Remote_3].Messages[0].LAddr:Undefined
ReqNet[Remote_4][Remote_3].Messages[1].Mtype:Undefined
ReqNet[Remote_4][Remote_3].Messages[1].Aux:Undefined
ReqNet[Remote_4][Remote_3].Messages[1].LAddr:Undefined
ReqNet[Remote_4][Remote_3].Messages[2].Mtype:Undefined
ReqNet[Remote_4][Remote_3].Messages[2].Aux:Undefined
ReqNet[Remote_4][Remote_3].Messages[2].LAddr:Undefined
ReqNet[Remote_4][Remote_4].Count:0
ReqNet[Remote_4][Remote_4].Messages[0].Mtype:Undefined
ReqNet[Remote_4][Remote_4].Messages[0].Aux:Undefined
ReqNet[Remote_4][Remote_4].Messages[0].LAddr:Undefined
ReqNet[Remote_4][Remote_4].Messages[1].Mtype:Undefined
ReqNet[Remote_4][Remote_4].Messages[1].Aux:Undefined
ReqNet[Remote_4][Remote_4].Messages[1].LAddr:Undefined
ReqNet[Remote_4][Remote_4].Messages[2].Mtype:Undefined
ReqNet[Remote_4][Remote_4].Messages[2].Aux:Undefined
ReqNet[Remote_4][Remote_4].Messages[2].LAddr:Undefined
ReplyNet[Home_1][Home_1].Count:0
ReplyNet[Home_1][Home_1].Messages[0].Mtype:Undefined
ReplyNet[Home_1][Home_1].Messages[0].Aux:Undefined
ReplyNet[Home_1][Home_1].Messages[0].LAddr:Undefined
ReplyNet[Home_1][Home_1].Messages[1].Mtype:Undefined
ReplyNet[Home_1][Home_1].Messages[1].Aux:Undefined
ReplyNet[Home_1][Home_1].Messages[1].LAddr:Undefined
ReplyNet[Home_1][Home_1].Messages[2].Mtype:Undefined
ReplyNet[Home_1][Home_1].Messages[2].Aux:Undefined
ReplyNet[Home_1][Home_1].Messages[2].LAddr:Undefined
ReplyNet[Home_1][Remote_1].Count:0
ReplyNet[Home_1][Remote_1].Messages[0].Mtype:Undefined
ReplyNet[Home_1][Remote_1].Messages[0].Aux:Undefined
ReplyNet[Home_1][Remote_1].Messages[0].LAddr:Undefined
ReplyNet[Home_1][Remote_1].Messages[1].Mtype:Undefined
ReplyNet[Home_1][Remote_1].Messages[1].Aux:Undefined
ReplyNet[Home_1][Remote_1].Messages[1].LAddr:Undefined
ReplyNet[Home_1][Remote_1].Messages[2].Mtype:Undefined
ReplyNet[Home_1][Remote_1].Messages[2].Aux:Undefined
ReplyNet[Home_1][Remote_1].Messages[2].LAddr:Undefined
ReplyNet[Home_1][Remote_2].Count:0
ReplyNet[Home_1][Remote_2].Messages[0].Mtype:Undefined
ReplyNet[Home_1][Remote_2].Messages[0].Aux:Undefined
ReplyNet[Home_1][Remote_2].Messages[0].LAddr:Undefined
ReplyNet[Home_1][Remote_2].Messages[1].Mtype:Undefined
ReplyNet[Home_1][Remote_2].Messages[1].Aux:Undefined
ReplyNet[Home_1][Remote_2].Messages[1].LAddr:Undefined
ReplyNet[Home_1][Remote_2].Messages[2].Mtype:Undefined
ReplyNet[Home_1][Remote_2].Messages[2].Aux:Undefined
ReplyNet[Home_1][Remote_2].Messages[2].LAddr:Undefined
ReplyNet[Home_1][Remote_3].Count:0
ReplyNet[Home_1][Remote_3].Messages[0].Mtype:Undefined
ReplyNet[Home_1][Remote_3].Messages[0].Aux:Undefined
ReplyNet[Home_1][Remote_3].Messages[0].LAddr:Undefined
ReplyNet[Home_1][Remote_3].Messages[1].Mtype:Undefined
ReplyNet[Home_1][Remote_3].Messages[1].Aux:Undefined
ReplyNet[Home_1][Remote_3].Messages[1].LAddr:Undefined
ReplyNet[Home_1][Remote_3].Messages[2].Mtype:Undefined
ReplyNet[Home_1][Remote_3].Messages[2].Aux:Undefined
ReplyNet[Home_1][Remote_3].Messages[2].LAddr:Undefined
ReplyNet[Home_1][Remote_4].Count:0
ReplyNet[Home_1][Remote_4].Messages[0].Mtype:Undefined
ReplyNet[Home_1][Remote_4].Messages[0].Aux:Undefined
ReplyNet[Home_1][Remote_4].Messages[0].LAddr:Undefined
ReplyNet[Home_1][Remote_4].Messages[1].Mtype:Undefined
ReplyNet[Home_1][Remote_4].Messages[1].Aux:Undefined
ReplyNet[Home_1][Remote_4].Messages[1].LAddr:Undefined
ReplyNet[Home_1][Remote_4].Messages[2].Mtype:Undefined
ReplyNet[Home_1][Remote_4].Messages[2].Aux:Undefined
ReplyNet[Home_1][Remote_4].Messages[2].LAddr:Undefined
ReplyNet[Remote_1][Home_1].Count:0
ReplyNet[Remote_1][Home_1].Messages[0].Mtype:Undefined
ReplyNet[Remote_1][Home_1].Messages[0].Aux:Undefined
ReplyNet[Remote_1][Home_1].Messages[0].LAddr:Undefined
ReplyNet[Remote_1][Home_1].Messages[1].Mtype:Undefined
ReplyNet[Remote_1][Home_1].Messages[1].Aux:Undefined
ReplyNet[Remote_1][Home_1].Messages[1].LAddr:Undefined
ReplyNet[Remote_1][Home_1].Messages[2].Mtype:Undefined
ReplyNet[Remote_1][Home_1].Messages[2].Aux:Undefined
ReplyNet[Remote_1][Home_1].Messages[2].LAddr:Undefined
ReplyNet[Remote_1][Remote_1].Count:0
ReplyNet[Remote_1][Remote_1].Messages[0].Mtype:Undefined
ReplyNet[Remote_1][Remote_1].Messages[0].Aux:Undefined
ReplyNet[Remote_1][Remote_1].Messages[0].LAddr:Undefined
ReplyNet[Remote_1][Remote_1].Messages[1].Mtype:Undefined
ReplyNet[Remote_1][Remote_1].Messages[1].Aux:Undefined
ReplyNet[Remote_1][Remote_1].Messages[1].LAddr:Undefined
ReplyNet[Remote_1][Remote_1].Messages[2].Mtype:Undefined
ReplyNet[Remote_1][Remote_1].Messages[2].Aux:Undefined
ReplyNet[Remote_1][Remote_1].Messages[2].LAddr:Undefined
ReplyNet[Remote_1][Remote_2].Count:0
ReplyNet[Remote_1][Remote_2].Messages[0].Mtype:Undefined
ReplyNet[Remote_1][Remote_2].Messages[0].Aux:Undefined
ReplyNet[Remote_1][Remote_2].Messages[0].LAddr:Undefined
ReplyNet[Remote_1][Remote_2].Messages[1].Mtype:Undefined
ReplyNet[Remote_1][Remote_2].Messages[1].Aux:Undefined
ReplyNet[Remote_1][Remote_2].Messages[1].LAddr:Undefined
ReplyNet[Remote_1][Remote_2].Messages[2].Mtype:Undefined
ReplyNet[Remote_1][Remote_2].Messages[2].Aux:Undefined
ReplyNet[Remote_1][Remote_2].Messages[2].LAddr:Undefined
ReplyNet[Remote_1][Remote_3].Count:0
ReplyNet[Remote_1][Remote_3].Messages[0].Mtype:Undefined
ReplyNet[Remote_1][Remote_3].Messages[0].Aux:Undefined
ReplyNet[Remote_1][Remote_3].Messages[0].LAddr:Undefined
ReplyNet[Remote_1][Remote_3].Messages[1].Mtype:Undefined
ReplyNet[Remote_1][Remote_3].Messages[1].Aux:Undefined
ReplyNet[Remote_1][Remote_3].Messages[1].LAddr:Undefined
ReplyNet[Remote_1][Remote_3].Messages[2].Mtype:Undefined
ReplyNet[Remote_1][Remote_3].Messages[2].Aux:Undefined
ReplyNet[Remote_1][Remote_3].Messages[2].LAddr:Undefined
ReplyNet[Remote_1][Remote_4].Count:0
ReplyNet[Remote_1][Remote_4].Messages[0].Mtype:Undefined
ReplyNet[Remote_1][Remote_4].Messages[0].Aux:Undefined
ReplyNet[Remote_1][Remote_4].Messages[0].LAddr:Undefined
ReplyNet[Remote_1][Remote_4].Messages[1].Mtype:Undefined
ReplyNet[Remote_1][Remote_4].Messages[1].Aux:Undefined
ReplyNet[Remote_1][Remote_4].Messages[1].LAddr:Undefined
ReplyNet[Remote_1][Remote_4].Messages[2].Mtype:Undefined
ReplyNet[Remote_1][Remote_4].Messages[2].Aux:Undefined
ReplyNet[Remote_1][Remote_4].Messages[2].LAddr:Undefined
ReplyNet[Remote_2][Home_1].Count:0
ReplyNet[Remote_2][Home_1].Messages[0].Mtype:Undefined
ReplyNet[Remote_2][Home_1].Messages[0].Aux:Undefined
ReplyNet[Remote_2][Home_1].Messages[0].LAddr:Undefined
ReplyNet[Remote_2][Home_1].Messages[1].Mtype:Undefined
ReplyNet[Remote_2][Home_1].Messages[1].Aux:Undefined
ReplyNet[Remote_2][Home_1].Messages[1].LAddr:Undefined
ReplyNet[Remote_2][Home_1].Messages[2].Mtype:Undefined
ReplyNet[Remote_2][Home_1].Messages[2].Aux:Undefined
ReplyNet[Remote_2][Home_1].Messages[2].LAddr:Undefined
ReplyNet[Remote_2][Remote_1].Count:0
ReplyNet[Remote_2][Remote_1].Messages[0].Mtype:Undefined
ReplyNet[Remote_2][Remote_1].Messages[0].Aux:Undefined
ReplyNet[Remote_2][Remote_1].Messages[0].LAddr:Undefined
ReplyNet[Remote_2][Remote_1].Messages[1].Mtype:Undefined
ReplyNet[Remote_2][Remote_1].Messages[1].Aux:Undefined
ReplyNet[Remote_2][Remote_1].Messages[1].LAddr:Undefined
ReplyNet[Remote_2][Remote_1].Messages[2].Mtype:Undefined
ReplyNet[Remote_2][Remote_1].Messages[2].Aux:Undefined
ReplyNet[Remote_2][Remote_1].Messages[2].LAddr:Undefined
ReplyNet[Remote_2][Remote_2].Count:0
ReplyNet[Remote_2][Remote_2].Messages[0].Mtype:Undefined
ReplyNet[Remote_2][Remote_2].Messages[0].Aux:Undefined
ReplyNet[Remote_2][Remote_2].Messages[0].LAddr:Undefined
ReplyNet[Remote_2][Remote_2].Messages[1].Mtype:Undefined
ReplyNet[Remote_2][Remote_2].Messages[1].Aux:Undefined
ReplyNet[Remote_2][Remote_2].Messages[1].LAddr:Undefined
ReplyNet[Remote_2][Remote_2].Messages[2].Mtype:Undefined
ReplyNet[Remote_2][Remote_2].Messages[2].Aux:Undefined
ReplyNet[Remote_2][Remote_2].Messages[2].LAddr:Undefined
ReplyNet[Remote_2][Remote_3].Count:0
ReplyNet[Remote_2][Remote_3].Messages[0].Mtype:Undefined
ReplyNet[Remote_2][Remote_3].Messages[0].Aux:Undefined
ReplyNet[Remote_2][Remote_3].Messages[0].LAddr:Undefined
ReplyNet[Remote_2][Remote_3].Messages[1].Mtype:Undefined
ReplyNet[Remote_2][Remote_3].Messages[1].Aux:Undefined
ReplyNet[Remote_2][Remote_3].Messages[1].LAddr:Undefined
ReplyNet[Remote_2][Remote_3].Messages[2].Mtype:Undefined
ReplyNet[Remote_2][Remote_3].Messages[2].Aux:Undefined
ReplyNet[Remote_2][Remote_3].Messages[2].LAddr:Undefined
ReplyNet[Remote_2][Remote_4].Count:0
ReplyNet[Remote_2][Remote_4].Messages[0].Mtype:Undefined
ReplyNet[Remote_2][Remote_4].Messages[0].Aux:Undefined
ReplyNet[Remote_2][Remote_4].Messages[0].LAddr:Undefined
ReplyNet[Remote_2][Remote_4].Messages[1].Mtype:Undefined
ReplyNet[Remote_2][Remote_4].Messages[1].Aux:Undefined
ReplyNet[Remote_2][Remote_4].Messages[1].LAddr:Undefined
ReplyNet[Remote_2][Remote_4].Messages[2].Mtype:Undefined
ReplyNet[Remote_2][Remote_4].Messages[2].Aux:Undefined
ReplyNet[Remote_2][Remote_4].Messages[2].LAddr:Undefined
ReplyNet[Remote_3][Home_1].Count:0
ReplyNet[Remote_3][Home_1].Messages[0].Mtype:Undefined
ReplyNet[Remote_3][Home_1].Messages[0].Aux:Undefined
ReplyNet[Remote_3][Home_1].Messages[0].LAddr:Undefined
ReplyNet[Remote_3][Home_1].Messages[1].Mtype:Undefined
ReplyNet[Remote_3][Home_1].Messages[1].Aux:Undefined
ReplyNet[Remote_3][Home_1].Messages[1].LAddr:Undefined
ReplyNet[Remote_3][Home_1].Messages[2].Mtype:Undefined
ReplyNet[Remote_3][Home_1].Messages[2].Aux:Undefined
ReplyNet[Remote_3][Home_1].Messages[2].LAddr:Undefined
ReplyNet[Remote_3][Remote_1].Count:0
ReplyNet[Remote_3][Remote_1].Messages[0].Mtype:Undefined
ReplyNet[Remote_3][Remote_1].Messages[0].Aux:Undefined
ReplyNet[Remote_3][Remote_1].Messages[0].LAddr:Undefined
ReplyNet[Remote_3][Remote_1].Messages[1].Mtype:Undefined
ReplyNet[Remote_3][Remote_1].Messages[1].Aux:Undefined
ReplyNet[Remote_3][Remote_1].Messages[1].LAddr:Undefined
ReplyNet[Remote_3][Remote_1].Messages[2].Mtype:Undefined
ReplyNet[Remote_3][Remote_1].Messages[2].Aux:Undefined
ReplyNet[Remote_3][Remote_1].Messages[2].LAddr:Undefined
ReplyNet[Remote_3][Remote_2].Count:0
ReplyNet[Remote_3][Remote_2].Messages[0].Mtype:Undefined
ReplyNet[Remote_3][Remote_2].Messages[0].Aux:Undefined
ReplyNet[Remote_3][Remote_2].Messages[0].LAddr:Undefined
ReplyNet[Remote_3][Remote_2].Messages[1].Mtype:Undefined
ReplyNet[Remote_3][Remote_2].Messages[1].Aux:Undefined
ReplyNet[Remote_3][Remote_2].Messages[1].LAddr:Undefined
ReplyNet[Remote_3][Remote_2].Messages[2].Mtype:Undefined
ReplyNet[Remote_3][Remote_2].Messages[2].Aux:Undefined
ReplyNet[Remote_3][Remote_2].Messages[2].LAddr:Undefined
ReplyNet[Remote_3][Remote_3].Count:0
ReplyNet[Remote_3][Remote_3].Messages[0].Mtype:Undefined
ReplyNet[Remote_3][Remote_3].Messages[0].Aux:Undefined
ReplyNet[Remote_3][Remote_3].Messages[0].LAddr:Undefined
ReplyNet[Remote_3][Remote_3].Messages[1].Mtype:Undefined
ReplyNet[Remote_3][Remote_3].Messages[1].Aux:Undefined
ReplyNet[Remote_3][Remote_3].Messages[1].LAddr:Undefined
ReplyNet[Remote_3][Remote_3].Messages[2].Mtype:Undefined
ReplyNet[Remote_3][Remote_3].Messages[2].Aux:Undefined
ReplyNet[Remote_3][Remote_3].Messages[2].LAddr:Undefined
ReplyNet[Remote_3][Remote_4].Count:0
ReplyNet[Remote_3][Remote_4].Messages[0].Mtype:Undefined
ReplyNet[Remote_3][Remote_4].Messages[0].Aux:Undefined
ReplyNet[Remote_3][Remote_4].Messages[0].LAddr:Undefined
ReplyNet[Remote_3][Remote_4].Messages[1].Mtype:Undefined
ReplyNet[Remote_3][Remote_4].Messages[1].Aux:Undefined
ReplyNet[Remote_3][Remote_4].Messages[1].LAddr:Undefined
ReplyNet[Remote_3][Remote_4].Messages[2].Mtype:Undefined
ReplyNet[Remote_3][Remote_4].Messages[2].Aux:Undefined
ReplyNet[Remote_3][Remote_4].Messages[2].LAddr:Undefined
ReplyNet[Remote_4][Home_1].Count:0
ReplyNet[Remote_4][Home_1].Messages[0].Mtype:Undefined
ReplyNet[Remote_4][Home_1].Messages[0].Aux:Undefined
ReplyNet[Remote_4][Home_1].Messages[0].LAddr:Undefined
ReplyNet[Remote_4][Home_1].Messages[1].Mtype:Undefined
ReplyNet[Remote_4][Home_1].Messages[1].Aux:Undefined
ReplyNet[Remote_4][Home_1].Messages[1].LAddr:Undefined
ReplyNet[Remote_4][Home_1].Messages[2].Mtype:Undefined
ReplyNet[Remote_4][Home_1].Messages[2].Aux:Undefined
ReplyNet[Remote_4][Home_1].Messages[2].LAddr:Undefined
ReplyNet[Remote_4][Remote_1].Count:0
ReplyNet[Remote_4][Remote_1].Messages[0].Mtype:Undefined
ReplyNet[Remote_4][Remote_1].Messages[0].Aux:Undefined
ReplyNet[Remote_4][Remote_1].Messages[0].LAddr:Undefined
ReplyNet[Remote_4][Remote_1].Messages[1].Mtype:Undefined
ReplyNet[Remote_4][Remote_1].Messages[1].Aux:Undefined
ReplyNet[Remote_4][Remote_1].Messages[1].LAddr:Undefined
ReplyNet[Remote_4][Remote_1].Messages[2].Mtype:Undefined
ReplyNet[Remote_4][Remote_1].Messages[2].Aux:Undefined
ReplyNet[Remote_4][Remote_1].Messages[2].LAddr:Undefined
ReplyNet[Remote_4][Remote_2].Count:0
ReplyNet[Remote_4][Remote_2].Messages[0].Mtype:Undefined
ReplyNet[Remote_4][Remote_2].Messages[0].Aux:Undefined
ReplyNet[Remote_4][Remote_2].Messages[0].LAddr:Undefined
ReplyNet[Remote_4][Remote_2].Messages[1].Mtype:Undefined
ReplyNet[Remote_4][Remote_2].Messages[1].Aux:Undefined
ReplyNet[Remote_4][Remote_2].Messages[1].LAddr:Undefined
ReplyNet[Remote_4][Remote_2].Messages[2].Mtype:Undefined
ReplyNet[Remote_4][Remote_2].Messages[2].Aux:Undefined
ReplyNet[Remote_4][Remote_2].Messages[2].LAddr:Undefined
ReplyNet[Remote_4][Remote_3].Count:0
ReplyNet[Remote_4][Remote_3].Messages[0].Mtype:Undefined
ReplyNet[Remote_4][Remote_3].Messages[0].Aux:Undefined
ReplyNet[Remote_4][Remote_3].Messages[0].LAddr:Undefined
ReplyNet[Remote_4][Remote_3].Messages[1].Mtype:Undefined
ReplyNet[Remote_4][Remote_3].Messages[1].Aux:Undefined
ReplyNet[Remote_4][Remote_3].Messages[1].LAddr:Undefined
ReplyNet[Remote_4][Remote_3].Messages[2].Mtype:Undefined
ReplyNet[Remote_4][Remote_3].Messages[2].Aux:Undefined
ReplyNet[Remote_4][Remote_3].Messages[2].LAddr:Undefined
ReplyNet[Remote_4][Remote_4].Count:0
ReplyNet[Remote_4][Remote_4].Messages[0].Mtype:Undefined
ReplyNet[Remote_4][Remote_4].Messages[0].Aux:Undefined
ReplyNet[Remote_4][Remote_4].Messages[0].LAddr:Undefined
ReplyNet[Remote_4][Remote_4].Messages[1].Mtype:Undefined
ReplyNet[Remote_4][Remote_4].Messages[1].Aux:Undefined
ReplyNet[Remote_4][Remote_4].Messages[1].LAddr:Undefined
ReplyNet[Remote_4][Remote_4].Messages[2].Mtype:Undefined
ReplyNet[Remote_4][Remote_4].Messages[2].Aux:Undefined
ReplyNet[Remote_4][Remote_4].Messages[2].LAddr:Undefined
Procs[Home_1].LCache[Home_1][LAddress_1].State:Non_Locally_Cached
Procs[Home_1].LRAC[Home_1][LAddress_1].State:INVAL
Procs[Home_1].LRAC[Home_1][LAddress_1].Granting:Undefined
Procs[Home_1].ULRAC[Home_1][LAddress_1].State:INVAL
Procs[Remote_1].LCache[Home_1][LAddress_1].State:Non_Locally_Cached
Procs[Remote_1].LRAC[Home_1][LAddress_1].State:INVAL
Procs[Remote_1].LRAC[Home_1][LAddress_1].Granting:Undefined
Procs[Remote_1].ULRAC[Home_1][LAddress_1].State:INVAL
Procs[Remote_2].LCache[Home_1][LAddress_1].State:Non_Locally_Cached
Procs[Remote_2].LRAC[Home_1][LAddress_1].State:INVAL
Procs[Remote_2].LRAC[Home_1][LAddress_1].Granting:Undefined
Procs[Remote_2].ULRAC[Home_1][LAddress_1].State:INVAL
Procs[Remote_3].LCache[Home_1][LAddress_1].State:Non_Locally_Cached
Procs[Remote_3].LRAC[Home_1][LAddress_1].State:INVAL
Procs[Remote_3].LRAC[Home_1][LAddress_1].Granting:Undefined
Procs[Remote_3].ULRAC[Home_1][LAddress_1].State:INVAL
Procs[Remote_4].LCache[Home_1][LAddress_1].State:Non_Locally_Cached
Procs[Remote_4].LRAC[Home_1][LAddress_1].State:INVAL
Procs[Remote_4].LRAC[Home_1][LAddress_1].Granting:Undefined
Procs[Remote_4].ULRAC[Home_1][LAddress_1].State:INVAL
Homes[Home_1].LDir[LAddress_1].State:Unlocked
Homes[Home_1].LDir[LAddress_1].QueuedCount:0
Homes[Home_1].LDir[LAddress_1].Entries[0]:Undefined
Homes[Home_1].LDir[LAddress_1].Entries[1]:Undefined
Homes[Home_1].LDir[LAddress_1].Entries[2]:Undefined
Homes[Home_1].LDir[LAddress_1].Entries[3]:Undefined
Homes[Home_1].LDir[LAddress_1].Entries[4]:Undefined
LockOwner[Home_1][LAddress_1].State:Invalid
LockOwner[Home_1][LAddress_1].Proc:Undefined

------------- Show Initstate: ------------------
ReqNet[Home_1][Home_1].Count:0
ReqNet[Home_1][Home_1].Messages[0].Mtype:Undefined
ReqNet[Home_1][Home_1].Messages[0].Aux:Undefined
ReqNet[Home_1][Home_1].Messages[0].LAddr:Undefined
ReqNet[Home_1][Home_1].Messages[1].Mtype:Undefined
ReqNet[Home_1][Home_1].Messages[1].Aux:Undefined
ReqNet[Home_1][Home_1].Messages[1].LAddr:Undefined
ReqNet[Home_1][Home_1].Messages[2].Mtype:Undefined
ReqNet[Home_1][Home_1].Messages[2].Aux:Undefined
ReqNet[Home_1][Home_1].Messages[2].LAddr:Undefined
ReqNet[Home_1][Remote_1].Count:0
ReqNet[Home_1][Remote_1].Messages[0].Mtype:Undefined
ReqNet[Home_1][Remote_1].Messages[0].Aux:Undefined
ReqNet[Home_1][Remote_1].Messages[0].LAddr:Undefined
ReqNet[Home_1][Remote_1].Messages[1].Mtype:Undefined
ReqNet[Home_1][Remote_1].Messages[1].Aux:Undefined
ReqNet[Home_1][Remote_1].Messages[1].LAddr:Undefined
ReqNet[Home_1][Remote_1].Messages[2].Mtype:Undefined
ReqNet[Home_1][Remote_1].Messages[2].Aux:Undefined
ReqNet[Home_1][Remote_1].Messages[2].LAddr:Undefined
ReqNet[Home_1][Remote_2].Count:0
ReqNet[Home_1][Remote_2].Messages[0].Mtype:Undefined
ReqNet[Home_1][Remote_2].Messages[0].Aux:Undefined
ReqNet[Home_1][Remote_2].Messages[0].LAddr:Undefined
ReqNet[Home_1][Remote_2].Messages[1].Mtype:Undefined
ReqNet[Home_1][Remote_2].Messages[1].Aux:Undefined
ReqNet[Home_1][Remote_2].Messages[1].LAddr:Undefined
ReqNet[Home_1][Remote_2].Messages[2].Mtype:Undefined
ReqNet[Home_1][Remote_2].Messages[2].Aux:Undefined
ReqNet[Home_1][Remote_2].Messages[2].LAddr:Undefined
ReqNet[Home_1][Remote_3].Count:0
ReqNet[Home_1][Remote_3].Messages[0].Mtype:Undefined
ReqNet[Home_1][Remote_3].Messages[0].Aux:Undefined
ReqNet[Home_1][Remote_3].Messages[0].LAddr:Undefined
ReqNet[Home_1][Remote_3].Messages[1].Mtype:Undefined
ReqNet[Home_1][Remote_3].Messages[1].Aux:Undefined
ReqNet[Home_1][Remote_3].Messages[1].LAddr:Undefined
ReqNet[Home_1][Remote_3].Messages[2].Mtype:Undefined
ReqNet[Home_1][Remote_3].Messages[2].Aux:Undefined
ReqNet[Home_1][Remote_3].Messages[2].LAddr:Undefined
ReqNet[Home_1][Remote_4].Count:0
ReqNet[Home_1][Remote_4].Messages[0].Mtype:Undefined
ReqNet[Home_1][Remote_4].Messages[0].Aux:Undefined
ReqNet[Home_1][Remote_4].Messages[0].LAddr:Undefined
ReqNet[Home_1][Remote_4].Messages[1].Mtype:Undefined
ReqNet[Home_1][Remote_4].Messages[1].Aux:Undefined
ReqNet[Home_1][Remote_4].Messages[1].LAddr:Undefined
ReqNet[Home_1][Remote_4].Messages[2].Mtype:Undefined
ReqNet[Home_1][Remote_4].Messages[2].Aux:Undefined
ReqNet[Home_1][Remote_4].Messages[2].LAddr:Undefined
ReqNet[Remote_1][Home_1].Count:0
ReqNet[Remote_1][Home_1].Messages[0].Mtype:Undefined
ReqNet[Remote_1][Home_1].Messages[0].Aux:Undefined
ReqNet[Remote_1][Home_1].Messages[0].LAddr:Undefined
ReqNet[Remote_1][Home_1].Messages[1].Mtype:Undefined
ReqNet[Remote_1][Home_1].Messages[1].Aux:Undefined
ReqNet[Remote_1][Home_1].Messages[1].LAddr:Undefined
ReqNet[Remote_1][Home_1].Messages[2].Mtype:Undefined
ReqNet[Remote_1][Home_1].Messages[2].Aux:Undefined
ReqNet[Remote_1][Home_1].Messages[2].LAddr:Undefined
ReqNet[Remote_1][Remote_1].Count:0
ReqNet[Remote_1][Remote_1].Messages[0].Mtype:Undefined
ReqNet[Remote_1][Remote_1].Messages[0].Aux:Undefined
ReqNet[Remote_1][Remote_1].Messages[0].LAddr:Undefined
ReqNet[Remote_1][Remote_1].Messages[1].Mtype:Undefined
ReqNet[Remote_1][Remote_1].Messages[1].Aux:Undefined
ReqNet[Remote_1][Remote_1].Messages[1].LAddr:Undefined
ReqNet[Remote_1][Remote_1].Messages[2].Mtype:Undefined
ReqNet[Remote_1][Remote_1].Messages[2].Aux:Undefined
ReqNet[Remote_1][Remote_1].Messages[2].LAddr:Undefined
ReqNet[Remote_1][Remote_2].Count:0
ReqNet[Remote_1][Remote_2].Messages[0].Mtype:Undefined
ReqNet[Remote_1][Remote_2].Messages[0].Aux:Undefined
ReqNet[Remote_1][Remote_2].Messages[0].LAddr:Undefined
ReqNet[Remote_1][Remote_2].Messages[1].Mtype:Undefined
ReqNet[Remote_1][Remote_2].Messages[1].Aux:Undefined
ReqNet[Remote_1][Remote_2].Messages[1].LAddr:Undefined
ReqNet[Remote_1][Remote_2].Messages[2].Mtype:Undefined
ReqNet[Remote_1][Remote_2].Messages[2].Aux:Undefined
ReqNet[Remote_1][Remote_2].Messages[2].LAddr:Undefined
ReqNet[Remote_1][Remote_3].Count:0
ReqNet[Remote_1][Remote_3].Messages[0].Mtype:Undefined
ReqNet[Remote_1][Remote_3].Messages[0].Aux:Undefined
ReqNet[Remote_1][Remote_3].Messages[0].LAddr:Undefined
ReqNet[Remote_1][Remote_3].Messages[1].Mtype:Undefined
ReqNet[Remote_1][Remote_3].Messages[1].Aux:Undefined
ReqNet[Remote_1][Remote_3].Messages[1].LAddr:Undefined
ReqNet[Remote_1][Remote_3].Messages[2].Mtype:Undefined
ReqNet[Remote_1][Remote_3].Messages[2].Aux:Undefined
ReqNet[Remote_1][Remote_3].Messages[2].LAddr:Undefined
ReqNet[Remote_1][Remote_4].Count:0
ReqNet[Remote_1][Remote_4].Messages[0].Mtype:Undefined
ReqNet[Remote_1][Remote_4].Messages[0].Aux:Undefined
ReqNet[Remote_1][Remote_4].Messages[0].LAddr:Undefined
ReqNet[Remote_1][Remote_4].Messages[1].Mtype:Undefined
ReqNet[Remote_1][Remote_4].Messages[1].Aux:Undefined
ReqNet[Remote_1][Remote_4].Messages[1].LAddr:Undefined
ReqNet[Remote_1][Remote_4].Messages[2].Mtype:Undefined
ReqNet[Remote_1][Remote_4].Messages[2].Aux:Undefined
ReqNet[Remote_1][Remote_4].Messages[2].LAddr:Undefined
ReqNet[Remote_2][Home_1].Count:0
ReqNet[Remote_2][Home_1].Messages[0].Mtype:Undefined
ReqNet[Remote_2][Home_1].Messages[0].Aux:Undefined
ReqNet[Remote_2][Home_1].Messages[0].LAddr:Undefined
ReqNet[Remote_2][Home_1].Messages[1].Mtype:Undefined
ReqNet[Remote_2][Home_1].Messages[1].Aux:Undefined
ReqNet[Remote_2][Home_1].Messages[1].LAddr:Undefined
ReqNet[Remote_2][Home_1].Messages[2].Mtype:Undefined
ReqNet[Remote_2][Home_1].Messages[2].Aux:Undefined
ReqNet[Remote_2][Home_1].Messages[2].LAddr:Undefined
ReqNet[Remote_2][Remote_1].Count:0
ReqNet[Remote_2][Remote_1].Messages[0].Mtype:Undefined
ReqNet[Remote_2][Remote_1].Messages[0].Aux:Undefined
ReqNet[Remote_2][Remote_1].Messages[0].LAddr:Undefined
ReqNet[Remote_2][Remote_1].Messages[1].Mtype:Undefined
ReqNet[Remote_2][Remote_1].Messages[1].Aux:Undefined
ReqNet[Remote_2][Remote_1].Messages[1].LAddr:Undefined
ReqNet[Remote_2][Remote_1].Messages[2].Mtype:Undefined
ReqNet[Remote_2][Remote_1].Messages[2].Aux:Undefined
ReqNet[Remote_2][Remote_1].Messages[2].LAddr:Undefined
ReqNet[Remote_2][Remote_2].Count:0
ReqNet[Remote_2][Remote_2].Messages[0].Mtype:Undefined
ReqNet[Remote_2][Remote_2].Messages[0].Aux:Undefined
ReqNet[Remote_2][Remote_2].Messages[0].LAddr:Undefined
ReqNet[Remote_2][Remote_2].Messages[1].Mtype:Undefined
ReqNet[Remote_2][Remote_2].Messages[1].Aux:Undefined
ReqNet[Remote_2][Remote_2].Messages[1].LAddr:Undefined
ReqNet[Remote_2][Remote_2].Messages[2].Mtype:Undefined
ReqNet[Remote_2][Remote_2].Messages[2].Aux:Undefined
ReqNet[Remote_2][Remote_2].Messages[2].LAddr:Undefined
ReqNet[Remote_2][Remote_3].Count:0
ReqNet[Remote_2][Remote_3].Messages[0].Mtype:Undefined
ReqNet[Remote_2][Remote_3].Messages[0].Aux:Undefined
ReqNet[Remote_2][Remote_3].Messages[0].LAddr:Undefined
ReqNet[Remote_2][Remote_3].Messages[1].Mtype:Undefined
ReqNet[Remote_2][Remote_3].Messages[1].Aux:Undefined
ReqNet[Remote_2][Remote_3].Messages[1].LAddr:Undefined
ReqNet[Remote_2][Remote_3].Messages[2].Mtype:Undefined
ReqNet[Remote_2][Remote_3].Messages[2].Aux:Undefined
ReqNet[Remote_2][Remote_3].Messages[2].LAddr:Undefined
ReqNet[Remote_2][Remote_4].Count:0
ReqNet[Remote_2][Remote_4].Messages[0].Mtype:Undefined
ReqNet[Remote_2][Remote_4].Messages[0].Aux:Undefined
ReqNet[Remote_2][Remote_4].Messages[0].LAddr:Undefined
ReqNet[Remote_2][Remote_4].Messages[1].Mtype:Undefined
ReqNet[Remote_2][Remote_4].Messages[1].Aux:Undefined
ReqNet[Remote_2][Remote_4].Messages[1].LAddr:Undefined
ReqNet[Remote_2][Remote_4].Messages[2].Mtype:Undefined
ReqNet[Remote_2][Remote_4].Messages[2].Aux:Undefined
ReqNet[Remote_2][Remote_4].Messages[2].LAddr:Undefined
ReqNet[Remote_3][Home_1].Count:0
ReqNet[Remote_3][Home_1].Messages[0].Mtype:Undefined
ReqNet[Remote_3][Home_1].Messages[0].Aux:Undefined
ReqNet[Remote_3][Home_1].Messages[0].LAddr:Undefined
ReqNet[Remote_3][Home_1].Messages[1].Mtype:Undefined
ReqNet[Remote_3][Home_1].Messages[1].Aux:Undefined
ReqNet[Remote_3][Home_1].Messages[1].LAddr:Undefined
ReqNet[Remote_3][Home_1].Messages[2].Mtype:Undefined
ReqNet[Remote_3][Home_1].Messages[2].Aux:Undefined
ReqNet[Remote_3][Home_1].Messages[2].LAddr:Undefined
ReqNet[Remote_3][Remote_1].Count:0
ReqNet[Remote_3][Remote_1].Messages[0].Mtype:Undefined
ReqNet[Remote_3][Remote_1].Messages[0].Aux:Undefined
ReqNet[Remote_3][Remote_1].Messages[0].LAddr:Undefined
ReqNet[Remote_3][Remote_1].Messages[1].Mtype:Undefined
ReqNet[Remote_3][Remote_1].Messages[1].Aux:Undefined
ReqNet[Remote_3][Remote_1].Messages[1].LAddr:Undefined
ReqNet[Remote_3][Remote_1].Messages[2].Mtype:Undefined
ReqNet[Remote_3][Remote_1].Messages[2].Aux:Undefined
ReqNet[Remote_3][Remote_1].Messages[2].LAddr:Undefined
ReqNet[Remote_3][Remote_2].Count:0
ReqNet[Remote_3][Remote_2].Messages[0].Mtype:Undefined
ReqNet[Remote_3][Remote_2].Messages[0].Aux:Undefined
ReqNet[Remote_3][Remote_2].Messages[0].LAddr:Undefined
ReqNet[Remote_3][Remote_2].Messages[1].Mtype:Undefined
ReqNet[Remote_3][Remote_2].Messages[1].Aux:Undefined
ReqNet[Remote_3][Remote_2].Messages[1].LAddr:Undefined
ReqNet[Remote_3][Remote_2].Messages[2].Mtype:Undefined
ReqNet[Remote_3][Remote_2].Messages[2].Aux:Undefined
ReqNet[Remote_3][Remote_2].Messages[2].LAddr:Undefined
ReqNet[Remote_3][Remote_3].Count:0
ReqNet[Remote_3][Remote_3].Messages[0].Mtype:Undefined
ReqNet[Remote_3][Remote_3].Messages[0].Aux:Undefined
ReqNet[Remote_3][Remote_3].Messages[0].LAddr:Undefined
ReqNet[Remote_3][Remote_3].Messages[1].Mtype:Undefined
ReqNet[Remote_3][Remote_3].Messages[1].Aux:Undefined
ReqNet[Remote_3][Remote_3].Messages[1].LAddr:Undefined
ReqNet[Remote_3][Remote_3].Messages[2].Mtype:Undefined
ReqNet[Remote_3][Remote_3].Messages[2].Aux:Undefined
ReqNet[Remote_3][Remote_3].Messages[2].LAddr:Undefined
ReqNet[Remote_3][Remote_4].Count:0
ReqNet[Remote_3][Remote_4].Messages[0].Mtype:Undefined
ReqNet[Remote_3][Remote_4].Messages[0].Aux:Undefined
ReqNet[Remote_3][Remote_4].Messages[0].LAddr:Undefined
ReqNet[Remote_3][Remote_4].Messages[1].Mtype:Undefined
ReqNet[Remote_3][Remote_4].Messages[1].Aux:Undefined
ReqNet[Remote_3][Remote_4].Messages[1].LAddr:Undefined
ReqNet[Remote_3][Remote_4].Messages[2].Mtype:Undefined
ReqNet[Remote_3][Remote_4].Messages[2].Aux:Undefined
ReqNet[Remote_3][Remote_4].Messages[2].LAddr:Undefined
ReqNet[Remote_4][Home_1].Count:0
ReqNet[Remote_4][Home_1].Messages[0].Mtype:Undefined
ReqNet[Remote_4][Home_1].Messages[0].Aux:Undefined
ReqNet[Remote_4][Home_1].Messages[0].LAddr:Undefined
ReqNet[Remote_4][Home_1].Messages[1].Mtype:Undefined
ReqNet[Remote_4][Home_1].Messages[1].Aux:Undefined
ReqNet[Remote_4][Home_1].Messages[1].LAddr:Undefined
ReqNet[Remote_4][Home_1].Messages[2].Mtype:Undefined
ReqNet[Remote_4][Home_1].Messages[2].Aux:Undefined
ReqNet[Remote_4][Home_1].Messages[2].LAddr:Undefined
ReqNet[Remote_4][Remote_1].Count:0
ReqNet[Remote_4][Remote_1].Messages[0].Mtype:Undefined
ReqNet[Remote_4][Remote_1].Messages[0].Aux:Undefined
ReqNet[Remote_4][Remote_1].Messages[0].LAddr:Undefined
ReqNet[Remote_4][Remote_1].Messages[1].Mtype:Undefined
ReqNet[Remote_4][Remote_1].Messages[1].Aux:Undefined
ReqNet[Remote_4][Remote_1].Messages[1].LAddr:Undefined
ReqNet[Remote_4][Remote_1].Messages[2].Mtype:Undefined
ReqNet[Remote_4][Remote_1].Messages[2].Aux:Undefined
ReqNet[Remote_4][Remote_1].Messages[2].LAddr:Undefined
ReqNet[Remote_4][Remote_2].Count:0
ReqNet[Remote_4][Remote_2].Messages[0].Mtype:Undefined
ReqNet[Remote_4][Remote_2].Messages[0].Aux:Undefined
ReqNet[Remote_4][Remote_2].Messages[0].LAddr:Undefined
ReqNet[Remote_4][Remote_2].Messages[1].Mtype:Undefined
ReqNet[Remote_4][Remote_2].Messages[1].Aux:Undefined
ReqNet[Remote_4][Remote_2].Messages[1].LAddr:Undefined
ReqNet[Remote_4][Remote_2].Messages[2].Mtype:Undefined
ReqNet[Remote_4][Remote_2].Messages[2].Aux:Undefined
ReqNet[Remote_4][Remote_2].Messages[2].LAddr:Undefined
ReqNet[Remote_4][Remote_3].Count:0
ReqNet[Remote_4][Remote_3].Messages[0].Mtype:Undefined
ReqNet[Remote_4][Remote_3].Messages[0].Aux:Undefined
ReqNet[Remote_4][Remote_3].Messages[0].LAddr:Undefined
ReqNet[Remote_4][Remote_3].Messages[1].Mtype:Undefined
ReqNet[Remote_4][Remote_3].Messages[1].Aux:Undefined
ReqNet[Remote_4][Remote_3].Messages[1].LAddr:Undefined
ReqNet[Remote_4][Remote_3].Messages[2].Mtype:Undefined
ReqNet[Remote_4][Remote_3].Messages[2].Aux:Undefined
ReqNet[Remote_4][Remote_3].Messages[2].LAddr:Undefined
ReqNet[Remote_4][Remote_4].Count:0
ReqNet[Remote_4][Remote_4].Messages[0].Mtype:Undefined
ReqNet[Remote_4][Remote_4].Messages[0].Aux:Undefined
ReqNet[Remote_4][Remote_4].Messages[0].LAddr:Undefined
ReqNet[Remote_4][Remote_4].Messages[1].Mtype:Undefined
ReqNet[Remote_4][Remote_4].Messages[1].Aux:Undefined
ReqNet[Remote_4][Remote_4].Messages[1].LAddr:Undefined
ReqNet[Remote_4][Remote_4].Messages[2].Mtype:Undefined
ReqNet[Remote_4][Remote_4].Messages[2].Aux:Undefined
ReqNet[Remote_4][Remote_4].Messages[2].LAddr:Undefined
ReplyNet[Home_1][Home_1].Count:0
ReplyNet[Home_1][Home_1].Messages[0].Mtype:Undefined
ReplyNet[Home_1][Home_1].Messages[0].Aux:Undefined
ReplyNet[Home_1][Home_1].Messages[0].LAddr:Undefined
ReplyNet[Home_1][Home_1].Messages[1].Mtype:Undefined
ReplyNet[Home_1][Home_1].Messages[1].Aux:Undefined
ReplyNet[Home_1][Home_1].Messages[1].LAddr:Undefined
ReplyNet[Home_1][Home_1].Messages[2].Mtype:Undefined
ReplyNet[Home_1][Home_1].Messages[2].Aux:Undefined
ReplyNet[Home_1][Home_1].Messages[2].LAddr:Undefined
ReplyNet[Home_1][Remote_1].Count:0
ReplyNet[Home_1][Remote_1].Messages[0].Mtype:Undefined
ReplyNet[Home_1][Remote_1].Messages[0].Aux:Undefined
ReplyNet[Home_1][Remote_1].Messages[0].LAddr:Undefined
ReplyNet[Home_1][Remote_1].Messages[1].Mtype:Undefined
ReplyNet[Home_1][Remote_1].Messages[1].Aux:Undefined
ReplyNet[Home_1][Remote_1].Messages[1].LAddr:Undefined
ReplyNet[Home_1][Remote_1].Messages[2].Mtype:Undefined
ReplyNet[Home_1][Remote_1].Messages[2].Aux:Undefined
ReplyNet[Home_1][Remote_1].Messages[2].LAddr:Undefined
ReplyNet[Home_1][Remote_2].Count:0
ReplyNet[Home_1][Remote_2].Messages[0].Mtype:Undefined
ReplyNet[Home_1][Remote_2].Messages[0].Aux:Undefined
ReplyNet[Home_1][Remote_2].Messages[0].LAddr:Undefined
ReplyNet[Home_1][Remote_2].Messages[1].Mtype:Undefined
ReplyNet[Home_1][Remote_2].Messages[1].Aux:Undefined
ReplyNet[Home_1][Remote_2].Messages[1].LAddr:Undefined
ReplyNet[Home_1][Remote_2].Messages[2].Mtype:Undefined
ReplyNet[Home_1][Remote_2].Messages[2].Aux:Undefined
ReplyNet[Home_1][Remote_2].Messages[2].LAddr:Undefined
ReplyNet[Home_1][Remote_3].Count:0
ReplyNet[Home_1][Remote_3].Messages[0].Mtype:Undefined
ReplyNet[Home_1][Remote_3].Messages[0].Aux:Undefined
ReplyNet[Home_1][Remote_3].Messages[0].LAddr:Undefined
ReplyNet[Home_1][Remote_3].Messages[1].Mtype:Undefined
ReplyNet[Home_1][Remote_3].Messages[1].Aux:Undefined
ReplyNet[Home_1][Remote_3].Messages[1].LAddr:Undefined
ReplyNet[Home_1][Remote_3].Messages[2].Mtype:Undefined
ReplyNet[Home_1][Remote_3].Messages[2].Aux:Undefined
ReplyNet[Home_1][Remote_3].Messages[2].LAddr:Undefined
ReplyNet[Home_1][Remote_4].Count:0
ReplyNet[Home_1][Remote_4].Messages[0].Mtype:Undefined
ReplyNet[Home_1][Remote_4].Messages[0].Aux:Undefined
ReplyNet[Home_1][Remote_4].Messages[0].LAddr:Undefined
ReplyNet[Home_1][Remote_4].Messages[1].Mtype:Undefined
ReplyNet[Home_1][Remote_4].Messages[1].Aux:Undefined
ReplyNet[Home_1][Remote_4].Messages[1].LAddr:Undefined
ReplyNet[Home_1][Remote_4].Messages[2].Mtype:Undefined
ReplyNet[Home_1][Remote_4].Messages[2].Aux:Undefined
ReplyNet[Home_1][Remote_4].Messages[2].LAddr:Undefined
ReplyNet[Remote_1][Home_1].Count:0
ReplyNet[Remote_1][Home_1].Messages[0].Mtype:Undefined
ReplyNet[Remote_1][Home_1].Messages[0].Aux:Undefined
ReplyNet[Remote_1][Home_1].Messages[0].LAddr:Undefined
ReplyNet[Remote_1][Home_1].Messages[1].Mtype:Undefined
ReplyNet[Remote_1][Home_1].Messages[1].Aux:Undefined
ReplyNet[Remote_1][Home_1].Messages[1].LAddr:Undefined
ReplyNet[Remote_1][Home_1].Messages[2].Mtype:Undefined
ReplyNet[Remote_1][Home_1].Messages[2].Aux:Undefined
ReplyNet[Remote_1][Home_1].Messages[2].LAddr:Undefined
ReplyNet[Remote_1][Remote_1].Count:0
ReplyNet[Remote_1][Remote_1].Messages[0].Mtype:Undefined
ReplyNet[Remote_1][Remote_1].Messages[0].Aux:Undefined
ReplyNet[Remote_1][Remote_1].Messages[0].LAddr:Undefined
ReplyNet[Remote_1][Remote_1].Messages[1].Mtype:Undefined
ReplyNet[Remote_1][Remote_1].Messages[1].Aux:Undefined
ReplyNet[Remote_1][Remote_1].Messages[1].LAddr:Undefined
ReplyNet[Remote_1][Remote_1].Messages[2].Mtype:Undefined
ReplyNet[Remote_1][Remote_1].Messages[2].Aux:Undefined
ReplyNet[Remote_1][Remote_1].Messages[2].LAddr:Undefined
ReplyNet[Remote_1][Remote_2].Count:0
ReplyNet[Remote_1][Remote_2].Messages[0].Mtype:Undefined
ReplyNet[Remote_1][Remote_2].Messages[0].Aux:Undefined
ReplyNet[Remote_1][Remote_2].Messages[0].LAddr:Undefined
ReplyNet[Remote_1][Remote_2].Messages[1].Mtype:Undefined
ReplyNet[Remote_1][Remote_2].Messages[1].Aux:Undefined
ReplyNet[Remote_1][Remote_2].Messages[1].LAddr:Undefined
ReplyNet[Remote_1][Remote_2].Messages[2].Mtype:Undefined
ReplyNet[Remote_1][Remote_2].Messages[2].Aux:Undefined
ReplyNet[Remote_1][Remote_2].Messages[2].LAddr:Undefined
ReplyNet[Remote_1][Remote_3].Count:0
ReplyNet[Remote_1][Remote_3].Messages[0].Mtype:Undefined
ReplyNet[Remote_1][Remote_3].Messages[0].Aux:Undefined
ReplyNet[Remote_1][Remote_3].Messages[0].LAddr:Undefined
ReplyNet[Remote_1][Remote_3].Messages[1].Mtype:Undefined
ReplyNet[Remote_1][Remote_3].Messages[1].Aux:Undefined
ReplyNet[Remote_1][Remote_3].Messages[1].LAddr:Undefined
ReplyNet[Remote_1][Remote_3].Messages[2].Mtype:Undefined
ReplyNet[Remote_1][Remote_3].Messages[2].Aux:Undefined
ReplyNet[Remote_1][Remote_3].Messages[2].LAddr:Undefined
ReplyNet[Remote_1][Remote_4].Count:0
ReplyNet[Remote_1][Remote_4].Messages[0].Mtype:Undefined
ReplyNet[Remote_1][Remote_4].Messages[0].Aux:Undefined
ReplyNet[Remote_1][Remote_4].Messages[0].LAddr:Undefined
ReplyNet[Remote_1][Remote_4].Messages[1].Mtype:Undefined
ReplyNet[Remote_1][Remote_4].Messages[1].Aux:Undefined
ReplyNet[Remote_1][Remote_4].Messages[1].LAddr:Undefined
ReplyNet[Remote_1][Remote_4].Messages[2].Mtype:Undefined
ReplyNet[Remote_1][Remote_4].Messages[2].Aux:Undefined
ReplyNet[Remote_1][Remote_4].Messages[2].LAddr:Undefined
ReplyNet[Remote_2][Home_1].Count:0
ReplyNet[Remote_2][Home_1].Messages[0].Mtype:Undefined
ReplyNet[Remote_2][Home_1].Messages[0].Aux:Undefined
ReplyNet[Remote_2][Home_1].Messages[0].LAddr:Undefined
ReplyNet[Remote_2][Home_1].Messages[1].Mtype:Undefined
ReplyNet[Remote_2][Home_1].Messages[1].Aux:Undefined
ReplyNet[Remote_2][Home_1].Messages[1].LAddr:Undefined
ReplyNet[Remote_2][Home_1].Messages[2].Mtype:Undefined
ReplyNet[Remote_2][Home_1].Messages[2].Aux:Undefined
ReplyNet[Remote_2][Home_1].Messages[2].LAddr:Undefined
ReplyNet[Remote_2][Remote_1].Count:0
ReplyNet[Remote_2][Remote_1].Messages[0].Mtype:Undefined
ReplyNet[Remote_2][Remote_1].Messages[0].Aux:Undefined
ReplyNet[Remote_2][Remote_1].Messages[0].LAddr:Undefined
ReplyNet[Remote_2][Remote_1].Messages[1].Mtype:Undefined
ReplyNet[Remote_2][Remote_1].Messages[1].Aux:Undefined
ReplyNet[Remote_2][Remote_1].Messages[1].LAddr:Undefined
ReplyNet[Remote_2][Remote_1].Messages[2].Mtype:Undefined
ReplyNet[Remote_2][Remote_1].Messages[2].Aux:Undefined
ReplyNet[Remote_2][Remote_1].Messages[2].LAddr:Undefined
ReplyNet[Remote_2][Remote_2].Count:0
ReplyNet[Remote_2][Remote_2].Messages[0].Mtype:Undefined
ReplyNet[Remote_2][Remote_2].Messages[0].Aux:Undefined
ReplyNet[Remote_2][Remote_2].Messages[0].LAddr:Undefined
ReplyNet[Remote_2][Remote_2].Messages[1].Mtype:Undefined
ReplyNet[Remote_2][Remote_2].Messages[1].Aux:Undefined
ReplyNet[Remote_2][Remote_2].Messages[1].LAddr:Undefined
ReplyNet[Remote_2][Remote_2].Messages[2].Mtype:Undefined
ReplyNet[Remote_2][Remote_2].Messages[2].Aux:Undefined
ReplyNet[Remote_2][Remote_2].Messages[2].LAddr:Undefined
ReplyNet[Remote_2][Remote_3].Count:0
ReplyNet[Remote_2][Remote_3].Messages[0].Mtype:Undefined
ReplyNet[Remote_2][Remote_3].Messages[0].Aux:Undefined
ReplyNet[Remote_2][Remote_3].Messages[0].LAddr:Undefined
ReplyNet[Remote_2][Remote_3].Messages[1].Mtype:Undefined
ReplyNet[Remote_2][Remote_3].Messages[1].Aux:Undefined
ReplyNet[Remote_2][Remote_3].Messages[1].LAddr:Undefined
ReplyNet[Remote_2][Remote_3].Messages[2].Mtype:Undefined
ReplyNet[Remote_2][Remote_3].Messages[2].Aux:Undefined
ReplyNet[Remote_2][Remote_3].Messages[2].LAddr:Undefined
ReplyNet[Remote_2][Remote_4].Count:0
ReplyNet[Remote_2][Remote_4].Messages[0].Mtype:Undefined
ReplyNet[Remote_2][Remote_4].Messages[0].Aux:Undefined
ReplyNet[Remote_2][Remote_4].Messages[0].LAddr:Undefined
ReplyNet[Remote_2][Remote_4].Messages[1].Mtype:Undefined
ReplyNet[Remote_2][Remote_4].Messages[1].Aux:Undefined
ReplyNet[Remote_2][Remote_4].Messages[1].LAddr:Undefined
ReplyNet[Remote_2][Remote_4].Messages[2].Mtype:Undefined
ReplyNet[Remote_2][Remote_4].Messages[2].Aux:Undefined
ReplyNet[Remote_2][Remote_4].Messages[2].LAddr:Undefined
ReplyNet[Remote_3][Home_1].Count:0
ReplyNet[Remote_3][Home_1].Messages[0].Mtype:Undefined
ReplyNet[Remote_3][Home_1].Messages[0].Aux:Undefined
ReplyNet[Remote_3][Home_1].Messages[0].LAddr:Undefined
ReplyNet[Remote_3][Home_1].Messages[1].Mtype:Undefined
ReplyNet[Remote_3][Home_1].Messages[1].Aux:Undefined
ReplyNet[Remote_3][Home_1].Messages[1].LAddr:Undefined
ReplyNet[Remote_3][Home_1].Messages[2].Mtype:Undefined
ReplyNet[Remote_3][Home_1].Messages[2].Aux:Undefined
ReplyNet[Remote_3][Home_1].Messages[2].LAddr:Undefined
ReplyNet[Remote_3][Remote_1].Count:0
ReplyNet[Remote_3][Remote_1].Messages[0].Mtype:Undefined
ReplyNet[Remote_3][Remote_1].Messages[0].Aux:Undefined
ReplyNet[Remote_3][Remote_1].Messages[0].LAddr:Undefined
ReplyNet[Remote_3][Remote_1].Messages[1].Mtype:Undefined
ReplyNet[Remote_3][Remote_1].Messages[1].Aux:Undefined
ReplyNet[Remote_3][Remote_1].Messages[1].LAddr:Undefined
ReplyNet[Remote_3][Remote_1].Messages[2].Mtype:Undefined
ReplyNet[Remote_3][Remote_1].Messages[2].Aux:Undefined
ReplyNet[Remote_3][Remote_1].Messages[2].LAddr:Undefined
ReplyNet[Remote_3][Remote_2].Count:0
ReplyNet[Remote_3][Remote_2].Messages[0].Mtype:Undefined
ReplyNet[Remote_3][Remote_2].Messages[0].Aux:Undefined
ReplyNet[Remote_3][Remote_2].Messages[0].LAddr:Undefined
ReplyNet[Remote_3][Remote_2].Messages[1].Mtype:Undefined
ReplyNet[Remote_3][Remote_2].Messages[1].Aux:Undefined
ReplyNet[Remote_3][Remote_2].Messages[1].LAddr:Undefined
ReplyNet[Remote_3][Remote_2].Messages[2].Mtype:Undefined
ReplyNet[Remote_3][Remote_2].Messages[2].Aux:Undefined
ReplyNet[Remote_3][Remote_2].Messages[2].LAddr:Undefined
ReplyNet[Remote_3][Remote_3].Count:0
ReplyNet[Remote_3][Remote_3].Messages[0].Mtype:Undefined
ReplyNet[Remote_3][Remote_3].Messages[0].Aux:Undefined
ReplyNet[Remote_3][Remote_3].Messages[0].LAddr:Undefined
ReplyNet[Remote_3][Remote_3].Messages[1].Mtype:Undefined
ReplyNet[Remote_3][Remote_3].Messages[1].Aux:Undefined
ReplyNet[Remote_3][Remote_3].Messages[1].LAddr:Undefined
ReplyNet[Remote_3][Remote_3].Messages[2].Mtype:Undefined
ReplyNet[Remote_3][Remote_3].Messages[2].Aux:Undefined
ReplyNet[Remote_3][Remote_3].Messages[2].LAddr:Undefined
ReplyNet[Remote_3][Remote_4].Count:0
ReplyNet[Remote_3][Remote_4].Messages[0].Mtype:Undefined
ReplyNet[Remote_3][Remote_4].Messages[0].Aux:Undefined
ReplyNet[Remote_3][Remote_4].Messages[0].LAddr:Undefined
ReplyNet[Remote_3][Remote_4].Messages[1].Mtype:Undefined
ReplyNet[Remote_3][Remote_4].Messages[1].Aux:Undefined
ReplyNet[Remote_3][Remote_4].Messages[1].LAddr:Undefined
ReplyNet[Remote_3][Remote_4].Messages[2].Mtype:Undefined
ReplyNet[Remote_3][Remote_4].Messages[2].Aux:Undefined
ReplyNet[Remote_3][Remote_4].Messages[2].LAddr:Undefined
ReplyNet[Remote_4][Home_1].Count:0
ReplyNet[Remote_4][Home_1].Messages[0].Mtype:Undefined
ReplyNet[Remote_4][Home_1].Messages[0].Aux:Undefined
ReplyNet[Remote_4][Home_1].Messages[0].LAddr:Undefined
ReplyNet[Remote_4][Home_1].Messages[1].Mtype:Undefined
ReplyNet[Remote_4][Home_1].Messages[1].Aux:Undefined
ReplyNet[Remote_4][Home_1].Messages[1].LAddr:Undefined
ReplyNet[Remote_4][Home_1].Messages[2].Mtype:Undefined
ReplyNet[Remote_4][Home_1].Messages[2].Aux:Undefined
ReplyNet[Remote_4][Home_1].Messages[2].LAddr:Undefined
ReplyNet[Remote_4][Remote_1].Count:0
ReplyNet[Remote_4][Remote_1].Messages[0].Mtype:Undefined
ReplyNet[Remote_4][Remote_1].Messages[0].Aux:Undefined
ReplyNet[Remote_4][Remote_1].Messages[0].LAddr:Undefined
ReplyNet[Remote_4][Remote_1].Messages[1].Mtype:Undefined
ReplyNet[Remote_4][Remote_1].Messages[1].Aux:Undefined
ReplyNet[Remote_4][Remote_1].Messages[1].LAddr:Undefined
ReplyNet[Remote_4][Remote_1].Messages[2].Mtype:Undefined
ReplyNet[Remote_4][Remote_1].Messages[2].Aux:Undefined
ReplyNet[Remote_4][Remote_1].Messages[2].LAddr:Undefined
ReplyNet[Remote_4][Remote_2].Count:0
ReplyNet[Remote_4][Remote_2].Messages[0].Mtype:Undefined
ReplyNet[Remote_4][Remote_2].Messages[0].Aux:Undefined
ReplyNet[Remote_4][Remote_2].Messages[0].LAddr:Undefined
ReplyNet[Remote_4][Remote_2].Messages[1].Mtype:Undefined
ReplyNet[Remote_4][Remote_2].Messages[1].Aux:Undefined
ReplyNet[Remote_4][Remote_2].Messages[1].LAddr:Undefined
ReplyNet[Remote_4][Remote_2].Messages[2].Mtype:Undefined
ReplyNet[Remote_4][Remote_2].Messages[2].Aux:Undefined
ReplyNet[Remote_4][Remote_2].Messages[2].LAddr:Undefined
ReplyNet[Remote_4][Remote_3].Count:0
ReplyNet[Remote_4][Remote_3].Messages[0].Mtype:Undefined
ReplyNet[Remote_4][Remote_3].Messages[0].Aux:Undefined
ReplyNet[Remote_4][Remote_3].Messages[0].LAddr:Undefined
ReplyNet[Remote_4][Remote_3].Messages[1].Mtype:Undefined
ReplyNet[Remote_4][Remote_3].Messages[1].Aux:Undefined
ReplyNet[Remote_4][Remote_3].Messages[1].LAddr:Undefined
ReplyNet[Remote_4][Remote_3].Messages[2].Mtype:Undefined
ReplyNet[Remote_4][Remote_3].Messages[2].Aux:Undefined
ReplyNet[Remote_4][Remote_3].Messages[2].LAddr:Undefined
ReplyNet[Remote_4][Remote_4].Count:0
ReplyNet[Remote_4][Remote_4].Messages[0].Mtype:Undefined
ReplyNet[Remote_4][Remote_4].Messages[0].Aux:Undefined
ReplyNet[Remote_4][Remote_4].Messages[0].LAddr:Undefined
ReplyNet[Remote_4][Remote_4].Messages[1].Mtype:Undefined
ReplyNet[Remote_4][Remote_4].Messages[1].Aux:Undefined
ReplyNet[Remote_4][Remote_4].Messages[1].LAddr:Undefined
ReplyNet[Remote_4][Remote_4].Messages[2].Mtype:Undefined
ReplyNet[Remote_4][Remote_4].Messages[2].Aux:Undefined
ReplyNet[Remote_4][Remote_4].Messages[2].LAddr:Undefined
Procs[Home_1].LCache[Home_1][LAddress_1].State:Non_Locally_Cached
Procs[Home_1].LRAC[Home_1][LAddress_1].State:INVAL
Procs[Home_1].LRAC[Home_1][LAddress_1].Granting:Undefined
Procs[Home_1].ULRAC[Home_1][LAddress_1].State:INVAL
Procs[Remote_1].LCache[Home_1][LAddress_1].State:Non_Locally_Cached
Procs[Remote_1].LRAC[Home_1][LAddress_1].State:INVAL
Procs[Remote_1].LRAC[Home_1][LAddress_1].Granting:Undefined
Procs[Remote_1].ULRAC[Home_1][LAddress_1].State:INVAL
Procs[Remote_2].LCache[Home_1][LAddress_1].State:Non_Locally_Cached
Procs[Remote_2].LRAC[Home_1][LAddress_1].State:INVAL
Procs[Remote_2].LRAC[Home_1][LAddress_1].Granting:Undefined
Procs[Remote_2].ULRAC[Home_1][LAddress_1].State:INVAL
Procs[Remote_3].LCache[Home_1][LAddress_1].State:Non_Locally_Cached
Procs[Remote_3].LRAC[Home_1][LAddress_1].State:INVAL
Procs[Remote_3].LRAC[Home_1][LAddress_1].Granting:Undefined
Procs[Remote_3].ULRAC[Home_1][LAddress_1].State:INVAL
Procs[Remote_4].LCache[Home_1][LAddress_1].State:Non_Locally_Cached
Procs[Remote_4].LRAC[Home_1][LAddress_1].State:INVAL
Procs[Remote_4].LRAC[Home_1][LAddress_1].Granting:Undefined
Procs[Remote_4].ULRAC[Home_1][LAddress_1].State:INVAL
Homes[Home_1].LDir[LAddress_1].State:Unlocked
Homes[Home_1].LDir[LAddress_1].QueuedCount:0
Homes[Home_1].LDir[LAddress_1].Entries[0]:Undefined
Homes[Home_1].LDir[LAddress_1].Entries[1]:Undefined
Homes[Home_1].LDir[LAddress_1].Entries[2]:Undefined
Homes[Home_1].LDir[LAddress_1].Entries[3]:Undefined
Homes[Home_1].LDir[LAddress_1].Entries[4]:Undefined
LockOwner[Home_1][LAddress_1].State:Invalid
LockOwner[Home_1][LAddress_1].Proc:Undefined

------------- Show a heuristic value: ------------------
0

==========================================================================

Result:

	Invariant "Correct lock state -> forward" failed.

State Space Explored:

	8 states, 24 rules fired in 2.39s.

Analysis of State Space:

	There are rules that are never fired.
	If you are running with symmetry, this may be why.  Otherwise,
	please run this program with "-pr" for the rules information.
