You choose the local search option :-)
This program should be regarded as a DEBUGGING aid, not as a 
certifier of correctness.
Call with the -l flag or read the license file for terms
and conditions of use.
Run this program with "-h" for the list of options.

Bugs, questions, and comments should be directed to
"melatti@di.uniroma1.it".

CMurphi compiler last modified date: Jan  8 2023
Include files last modified date:    Jul 23 2021
==========================================================================

==========================================================================
Caching Murphi Release 5.5.0
Finite-state Concurrent System Verifier.

Caching Murphi Release 5.5.0 is based on various versions of Murphi.
Caching Murphi Release 5.5.0 :
Copyright (C) 2009-2012 by Sapienza University of Rome.
Murphi release 3.1 :
Copyright (C) 1992 - 1999 by the Board of Trustees of
Leland Stanford Junior University.

==========================================================================

Protocol: ./TL_states/TL-C_v4.3.1

Algorithm:
	Verification by our local search.
	with symmetry algorithm 3 -- Heuristic Small Memory Normalization
	with permutation trial limit 10.

Memory usage:

	* The size of each state is 1768 bits (rounded up to 224 bytes).
	* The memory allocated for the hash table and state queue is
	  52428 Mbytes.
	  With two words of overhead per state, the maximum size of
	  the state space is 217727581 states.
	   * Use option "-k" or "-m" to increase this, if necessary.
	* Capacity in queue for breadth-first search: 21772758 states.
	   * Change the constant gPercentActiveStates in mu_prolog.inc
	     to increase this, if necessary.

Warning: No trace will not be printed in the case of protocol errors!
         Check the options if you want to have error traces.
==========================================================================

You are using local search algorithm:

------------- Show Goalstate: ------------------
L3.L2[child_1].L1[child_1].cache[addr_1].state:None
L3.L2[child_1].L1[child_1].cache[addr_1].data:Undefined
L3.L2[child_1].L1[child_1].cache[addr_1].dirty:false
L3.L2[child_1].L1[child_1].pending[addr_1]:Empty
L3.L2[child_1].L1[child_2].cache[addr_1].state:Branch
L3.L2[child_1].L1[child_2].cache[addr_1].data:Undefined
L3.L2[child_1].L1[child_2].cache[addr_1].dirty:false
L3.L2[child_1].L1[child_2].pending[addr_1]:Empty
L3.L2[child_1].link1[child_1][1].opcode:Empty
L3.L2[child_1].link1[child_1][1].para:Undefined
L3.L2[child_1].link1[child_1][1].src:Undefined
L3.L2[child_1].link1[child_1][1].sink:Undefined
L3.L2[child_1].link1[child_1][1].address:Undefined
L3.L2[child_1].link1[child_1][1].data:Undefined
L3.L2[child_1].link1[child_1][2].opcode:Empty
L3.L2[child_1].link1[child_1][2].para:Undefined
L3.L2[child_1].link1[child_1][2].src:Undefined
L3.L2[child_1].link1[child_1][2].sink:Undefined
L3.L2[child_1].link1[child_1][2].address:Undefined
L3.L2[child_1].link1[child_1][2].data:Undefined
L3.L2[child_1].link1[child_1][3].opcode:Empty
L3.L2[child_1].link1[child_1][3].para:Undefined
L3.L2[child_1].link1[child_1][3].src:Undefined
L3.L2[child_1].link1[child_1][3].sink:Undefined
L3.L2[child_1].link1[child_1][3].address:Undefined
L3.L2[child_1].link1[child_1][3].data:Undefined
L3.L2[child_1].link1[child_1][4].opcode:Empty
L3.L2[child_1].link1[child_1][4].para:Undefined
L3.L2[child_1].link1[child_1][4].src:Undefined
L3.L2[child_1].link1[child_1][4].sink:Undefined
L3.L2[child_1].link1[child_1][4].address:Undefined
L3.L2[child_1].link1[child_1][4].data:Undefined
L3.L2[child_1].link1[child_1][5].opcode:Empty
L3.L2[child_1].link1[child_1][5].para:Undefined
L3.L2[child_1].link1[child_1][5].src:Undefined
L3.L2[child_1].link1[child_1][5].sink:Undefined
L3.L2[child_1].link1[child_1][5].address:Undefined
L3.L2[child_1].link1[child_1][5].data:Undefined
L3.L2[child_1].link1[child_2][1].opcode:Empty
L3.L2[child_1].link1[child_2][1].para:Undefined
L3.L2[child_1].link1[child_2][1].src:Undefined
L3.L2[child_1].link1[child_2][1].sink:Undefined
L3.L2[child_1].link1[child_2][1].address:Undefined
L3.L2[child_1].link1[child_2][1].data:Undefined
L3.L2[child_1].link1[child_2][2].opcode:Empty
L3.L2[child_1].link1[child_2][2].para:Undefined
L3.L2[child_1].link1[child_2][2].src:Undefined
L3.L2[child_1].link1[child_2][2].sink:Undefined
L3.L2[child_1].link1[child_2][2].address:Undefined
L3.L2[child_1].link1[child_2][2].data:Undefined
L3.L2[child_1].link1[child_2][3].opcode:Empty
L3.L2[child_1].link1[child_2][3].para:Undefined
L3.L2[child_1].link1[child_2][3].src:Undefined
L3.L2[child_1].link1[child_2][3].sink:Undefined
L3.L2[child_1].link1[child_2][3].address:Undefined
L3.L2[child_1].link1[child_2][3].data:Undefined
L3.L2[child_1].link1[child_2][4].opcode:Empty
L3.L2[child_1].link1[child_2][4].para:Undefined
L3.L2[child_1].link1[child_2][4].src:Undefined
L3.L2[child_1].link1[child_2][4].sink:Undefined
L3.L2[child_1].link1[child_2][4].address:Undefined
L3.L2[child_1].link1[child_2][4].data:Undefined
L3.L2[child_1].link1[child_2][5].opcode:Empty
L3.L2[child_1].link1[child_2][5].para:Undefined
L3.L2[child_1].link1[child_2][5].src:Undefined
L3.L2[child_1].link1[child_2][5].sink:Undefined
L3.L2[child_1].link1[child_2][5].address:Undefined
L3.L2[child_1].link1[child_2][5].data:Undefined
L3.L2[child_1].cache[addr_1].state:Branch
L3.L2[child_1].cache[addr_1].data:Undefined
L3.L2[child_1].cache[addr_1].dirty:false
L3.L2[child_1].slave_pending[child_1][addr_1]:Empty
L3.L2[child_1].slave_pending[child_2][addr_1]:Empty
L3.L2[child_1].master_pending[addr_1]:Empty
L3.L2[child_1].directory[child_1][addr_1]:None
L3.L2[child_1].directory[child_2][addr_1]:None
L3.L2[child_2].L1[child_1].cache[addr_1].state:None
L3.L2[child_2].L1[child_1].cache[addr_1].data:Undefined
L3.L2[child_2].L1[child_1].cache[addr_1].dirty:false
L3.L2[child_2].L1[child_1].pending[addr_1]:Empty
L3.L2[child_2].L1[child_2].cache[addr_1].state:Branch
L3.L2[child_2].L1[child_2].cache[addr_1].data:Undefined
L3.L2[child_2].L1[child_2].cache[addr_1].dirty:false
L3.L2[child_2].L1[child_2].pending[addr_1]:Empty
L3.L2[child_2].link1[child_1][1].opcode:Empty
L3.L2[child_2].link1[child_1][1].para:Undefined
L3.L2[child_2].link1[child_1][1].src:Undefined
L3.L2[child_2].link1[child_1][1].sink:Undefined
L3.L2[child_2].link1[child_1][1].address:Undefined
L3.L2[child_2].link1[child_1][1].data:Undefined
L3.L2[child_2].link1[child_1][2].opcode:Empty
L3.L2[child_2].link1[child_1][2].para:Undefined
L3.L2[child_2].link1[child_1][2].src:Undefined
L3.L2[child_2].link1[child_1][2].sink:Undefined
L3.L2[child_2].link1[child_1][2].address:Undefined
L3.L2[child_2].link1[child_1][2].data:Undefined
L3.L2[child_2].link1[child_1][3].opcode:Empty
L3.L2[child_2].link1[child_1][3].para:Undefined
L3.L2[child_2].link1[child_1][3].src:Undefined
L3.L2[child_2].link1[child_1][3].sink:Undefined
L3.L2[child_2].link1[child_1][3].address:Undefined
L3.L2[child_2].link1[child_1][3].data:Undefined
L3.L2[child_2].link1[child_1][4].opcode:Empty
L3.L2[child_2].link1[child_1][4].para:Undefined
L3.L2[child_2].link1[child_1][4].src:Undefined
L3.L2[child_2].link1[child_1][4].sink:Undefined
L3.L2[child_2].link1[child_1][4].address:Undefined
L3.L2[child_2].link1[child_1][4].data:Undefined
L3.L2[child_2].link1[child_1][5].opcode:Empty
L3.L2[child_2].link1[child_1][5].para:Undefined
L3.L2[child_2].link1[child_1][5].src:Undefined
L3.L2[child_2].link1[child_1][5].sink:Undefined
L3.L2[child_2].link1[child_1][5].address:Undefined
L3.L2[child_2].link1[child_1][5].data:Undefined
L3.L2[child_2].link1[child_2][1].opcode:Empty
L3.L2[child_2].link1[child_2][1].para:Undefined
L3.L2[child_2].link1[child_2][1].src:Undefined
L3.L2[child_2].link1[child_2][1].sink:Undefined
L3.L2[child_2].link1[child_2][1].address:Undefined
L3.L2[child_2].link1[child_2][1].data:Undefined
L3.L2[child_2].link1[child_2][2].opcode:Empty
L3.L2[child_2].link1[child_2][2].para:Undefined
L3.L2[child_2].link1[child_2][2].src:Undefined
L3.L2[child_2].link1[child_2][2].sink:Undefined
L3.L2[child_2].link1[child_2][2].address:Undefined
L3.L2[child_2].link1[child_2][2].data:Undefined
L3.L2[child_2].link1[child_2][3].opcode:Empty
L3.L2[child_2].link1[child_2][3].para:Undefined
L3.L2[child_2].link1[child_2][3].src:Undefined
L3.L2[child_2].link1[child_2][3].sink:Undefined
L3.L2[child_2].link1[child_2][3].address:Undefined
L3.L2[child_2].link1[child_2][3].data:Undefined
L3.L2[child_2].link1[child_2][4].opcode:Empty
L3.L2[child_2].link1[child_2][4].para:Undefined
L3.L2[child_2].link1[child_2][4].src:Undefined
L3.L2[child_2].link1[child_2][4].sink:Undefined
L3.L2[child_2].link1[child_2][4].address:Undefined
L3.L2[child_2].link1[child_2][4].data:Undefined
L3.L2[child_2].link1[child_2][5].opcode:Empty
L3.L2[child_2].link1[child_2][5].para:Undefined
L3.L2[child_2].link1[child_2][5].src:Undefined
L3.L2[child_2].link1[child_2][5].sink:Undefined
L3.L2[child_2].link1[child_2][5].address:Undefined
L3.L2[child_2].link1[child_2][5].data:Undefined
L3.L2[child_2].cache[addr_1].state:Branch
L3.L2[child_2].cache[addr_1].data:Undefined
L3.L2[child_2].cache[addr_1].dirty:false
L3.L2[child_2].slave_pending[child_1][addr_1]:Empty
L3.L2[child_2].slave_pending[child_2][addr_1]:Empty
L3.L2[child_2].master_pending[addr_1]:Empty
L3.L2[child_2].directory[child_1][addr_1]:None
L3.L2[child_2].directory[child_2][addr_1]:None
L3.link2[child_1][1].opcode:Empty
L3.link2[child_1][1].para:Undefined
L3.link2[child_1][1].src:Undefined
L3.link2[child_1][1].sink:Undefined
L3.link2[child_1][1].address:Undefined
L3.link2[child_1][1].data:Undefined
L3.link2[child_1][2].opcode:Empty
L3.link2[child_1][2].para:Undefined
L3.link2[child_1][2].src:Undefined
L3.link2[child_1][2].sink:Undefined
L3.link2[child_1][2].address:Undefined
L3.link2[child_1][2].data:Undefined
L3.link2[child_1][3].opcode:Empty
L3.link2[child_1][3].para:Undefined
L3.link2[child_1][3].src:Undefined
L3.link2[child_1][3].sink:Undefined
L3.link2[child_1][3].address:Undefined
L3.link2[child_1][3].data:Undefined
L3.link2[child_1][4].opcode:Empty
L3.link2[child_1][4].para:Undefined
L3.link2[child_1][4].src:Undefined
L3.link2[child_1][4].sink:Undefined
L3.link2[child_1][4].address:Undefined
L3.link2[child_1][4].data:Undefined
L3.link2[child_1][5].opcode:Empty
L3.link2[child_1][5].para:Undefined
L3.link2[child_1][5].src:Undefined
L3.link2[child_1][5].sink:Undefined
L3.link2[child_1][5].address:Undefined
L3.link2[child_1][5].data:Undefined
L3.link2[child_2][1].opcode:Empty
L3.link2[child_2][1].para:Undefined
L3.link2[child_2][1].src:Undefined
L3.link2[child_2][1].sink:Undefined
L3.link2[child_2][1].address:Undefined
L3.link2[child_2][1].data:Undefined
L3.link2[child_2][2].opcode:Empty
L3.link2[child_2][2].para:Undefined
L3.link2[child_2][2].src:Undefined
L3.link2[child_2][2].sink:Undefined
L3.link2[child_2][2].address:Undefined
L3.link2[child_2][2].data:Undefined
L3.link2[child_2][3].opcode:Empty
L3.link2[child_2][3].para:Undefined
L3.link2[child_2][3].src:Undefined
L3.link2[child_2][3].sink:Undefined
L3.link2[child_2][3].address:Undefined
L3.link2[child_2][3].data:Undefined
L3.link2[child_2][4].opcode:Empty
L3.link2[child_2][4].para:Undefined
L3.link2[child_2][4].src:Undefined
L3.link2[child_2][4].sink:Undefined
L3.link2[child_2][4].address:Undefined
L3.link2[child_2][4].data:Undefined
L3.link2[child_2][5].opcode:Empty
L3.link2[child_2][5].para:Undefined
L3.link2[child_2][5].src:Undefined
L3.link2[child_2][5].sink:Undefined
L3.link2[child_2][5].address:Undefined
L3.link2[child_2][5].data:Undefined
L3.cache[addr_1].state:Tip
L3.cache[addr_1].data:Undefined
L3.cache[addr_1].dirty:false
L3.pending[child_1][addr_1]:Empty
L3.pending[child_2][addr_1]:Empty
L3.directory[child_1][addr_1]:None
L3.directory[child_2][addr_1]:None
memdata[addr_1]:data_type_2
auxdata[addr_1]:data_type_2

------------- Show a heuristic value: ------------------
2

------------- Show Initstate: ------------------
L3.L2[child_1].L1[child_1].cache[addr_1].state:None
L3.L2[child_1].L1[child_1].cache[addr_1].data:Undefined
L3.L2[child_1].L1[child_1].cache[addr_1].dirty:false
L3.L2[child_1].L1[child_1].pending[addr_1]:Empty
L3.L2[child_1].L1[child_2].cache[addr_1].state:None
L3.L2[child_1].L1[child_2].cache[addr_1].data:Undefined
L3.L2[child_1].L1[child_2].cache[addr_1].dirty:false
L3.L2[child_1].L1[child_2].pending[addr_1]:Empty
L3.L2[child_1].link1[child_1][1].opcode:Empty
L3.L2[child_1].link1[child_1][1].para:Undefined
L3.L2[child_1].link1[child_1][1].src:Undefined
L3.L2[child_1].link1[child_1][1].sink:Undefined
L3.L2[child_1].link1[child_1][1].address:Undefined
L3.L2[child_1].link1[child_1][1].data:Undefined
L3.L2[child_1].link1[child_1][2].opcode:Empty
L3.L2[child_1].link1[child_1][2].para:Undefined
L3.L2[child_1].link1[child_1][2].src:Undefined
L3.L2[child_1].link1[child_1][2].sink:Undefined
L3.L2[child_1].link1[child_1][2].address:Undefined
L3.L2[child_1].link1[child_1][2].data:Undefined
L3.L2[child_1].link1[child_1][3].opcode:Empty
L3.L2[child_1].link1[child_1][3].para:Undefined
L3.L2[child_1].link1[child_1][3].src:Undefined
L3.L2[child_1].link1[child_1][3].sink:Undefined
L3.L2[child_1].link1[child_1][3].address:Undefined
L3.L2[child_1].link1[child_1][3].data:Undefined
L3.L2[child_1].link1[child_1][4].opcode:Empty
L3.L2[child_1].link1[child_1][4].para:Undefined
L3.L2[child_1].link1[child_1][4].src:Undefined
L3.L2[child_1].link1[child_1][4].sink:Undefined
L3.L2[child_1].link1[child_1][4].address:Undefined
L3.L2[child_1].link1[child_1][4].data:Undefined
L3.L2[child_1].link1[child_1][5].opcode:Empty
L3.L2[child_1].link1[child_1][5].para:Undefined
L3.L2[child_1].link1[child_1][5].src:Undefined
L3.L2[child_1].link1[child_1][5].sink:Undefined
L3.L2[child_1].link1[child_1][5].address:Undefined
L3.L2[child_1].link1[child_1][5].data:Undefined
L3.L2[child_1].link1[child_2][1].opcode:Empty
L3.L2[child_1].link1[child_2][1].para:Undefined
L3.L2[child_1].link1[child_2][1].src:Undefined
L3.L2[child_1].link1[child_2][1].sink:Undefined
L3.L2[child_1].link1[child_2][1].address:Undefined
L3.L2[child_1].link1[child_2][1].data:Undefined
L3.L2[child_1].link1[child_2][2].opcode:Empty
L3.L2[child_1].link1[child_2][2].para:Undefined
L3.L2[child_1].link1[child_2][2].src:Undefined
L3.L2[child_1].link1[child_2][2].sink:Undefined
L3.L2[child_1].link1[child_2][2].address:Undefined
L3.L2[child_1].link1[child_2][2].data:Undefined
L3.L2[child_1].link1[child_2][3].opcode:Empty
L3.L2[child_1].link1[child_2][3].para:Undefined
L3.L2[child_1].link1[child_2][3].src:Undefined
L3.L2[child_1].link1[child_2][3].sink:Undefined
L3.L2[child_1].link1[child_2][3].address:Undefined
L3.L2[child_1].link1[child_2][3].data:Undefined
L3.L2[child_1].link1[child_2][4].opcode:Empty
L3.L2[child_1].link1[child_2][4].para:Undefined
L3.L2[child_1].link1[child_2][4].src:Undefined
L3.L2[child_1].link1[child_2][4].sink:Undefined
L3.L2[child_1].link1[child_2][4].address:Undefined
L3.L2[child_1].link1[child_2][4].data:Undefined
L3.L2[child_1].link1[child_2][5].opcode:Empty
L3.L2[child_1].link1[child_2][5].para:Undefined
L3.L2[child_1].link1[child_2][5].src:Undefined
L3.L2[child_1].link1[child_2][5].sink:Undefined
L3.L2[child_1].link1[child_2][5].address:Undefined
L3.L2[child_1].link1[child_2][5].data:Undefined
L3.L2[child_1].cache[addr_1].state:None
L3.L2[child_1].cache[addr_1].data:Undefined
L3.L2[child_1].cache[addr_1].dirty:false
L3.L2[child_1].slave_pending[child_1][addr_1]:Empty
L3.L2[child_1].slave_pending[child_2][addr_1]:Empty
L3.L2[child_1].master_pending[addr_1]:Empty
L3.L2[child_1].directory[child_1][addr_1]:None
L3.L2[child_1].directory[child_2][addr_1]:None
L3.L2[child_2].L1[child_1].cache[addr_1].state:None
L3.L2[child_2].L1[child_1].cache[addr_1].data:Undefined
L3.L2[child_2].L1[child_1].cache[addr_1].dirty:false
L3.L2[child_2].L1[child_1].pending[addr_1]:Empty
L3.L2[child_2].L1[child_2].cache[addr_1].state:None
L3.L2[child_2].L1[child_2].cache[addr_1].data:Undefined
L3.L2[child_2].L1[child_2].cache[addr_1].dirty:false
L3.L2[child_2].L1[child_2].pending[addr_1]:Empty
L3.L2[child_2].link1[child_1][1].opcode:Empty
L3.L2[child_2].link1[child_1][1].para:Undefined
L3.L2[child_2].link1[child_1][1].src:Undefined
L3.L2[child_2].link1[child_1][1].sink:Undefined
L3.L2[child_2].link1[child_1][1].address:Undefined
L3.L2[child_2].link1[child_1][1].data:Undefined
L3.L2[child_2].link1[child_1][2].opcode:Empty
L3.L2[child_2].link1[child_1][2].para:Undefined
L3.L2[child_2].link1[child_1][2].src:Undefined
L3.L2[child_2].link1[child_1][2].sink:Undefined
L3.L2[child_2].link1[child_1][2].address:Undefined
L3.L2[child_2].link1[child_1][2].data:Undefined
L3.L2[child_2].link1[child_1][3].opcode:Empty
L3.L2[child_2].link1[child_1][3].para:Undefined
L3.L2[child_2].link1[child_1][3].src:Undefined
L3.L2[child_2].link1[child_1][3].sink:Undefined
L3.L2[child_2].link1[child_1][3].address:Undefined
L3.L2[child_2].link1[child_1][3].data:Undefined
L3.L2[child_2].link1[child_1][4].opcode:Empty
L3.L2[child_2].link1[child_1][4].para:Undefined
L3.L2[child_2].link1[child_1][4].src:Undefined
L3.L2[child_2].link1[child_1][4].sink:Undefined
L3.L2[child_2].link1[child_1][4].address:Undefined
L3.L2[child_2].link1[child_1][4].data:Undefined
L3.L2[child_2].link1[child_1][5].opcode:Empty
L3.L2[child_2].link1[child_1][5].para:Undefined
L3.L2[child_2].link1[child_1][5].src:Undefined
L3.L2[child_2].link1[child_1][5].sink:Undefined
L3.L2[child_2].link1[child_1][5].address:Undefined
L3.L2[child_2].link1[child_1][5].data:Undefined
L3.L2[child_2].link1[child_2][1].opcode:Empty
L3.L2[child_2].link1[child_2][1].para:Undefined
L3.L2[child_2].link1[child_2][1].src:Undefined
L3.L2[child_2].link1[child_2][1].sink:Undefined
L3.L2[child_2].link1[child_2][1].address:Undefined
L3.L2[child_2].link1[child_2][1].data:Undefined
L3.L2[child_2].link1[child_2][2].opcode:Empty
L3.L2[child_2].link1[child_2][2].para:Undefined
L3.L2[child_2].link1[child_2][2].src:Undefined
L3.L2[child_2].link1[child_2][2].sink:Undefined
L3.L2[child_2].link1[child_2][2].address:Undefined
L3.L2[child_2].link1[child_2][2].data:Undefined
L3.L2[child_2].link1[child_2][3].opcode:Empty
L3.L2[child_2].link1[child_2][3].para:Undefined
L3.L2[child_2].link1[child_2][3].src:Undefined
L3.L2[child_2].link1[child_2][3].sink:Undefined
L3.L2[child_2].link1[child_2][3].address:Undefined
L3.L2[child_2].link1[child_2][3].data:Undefined
L3.L2[child_2].link1[child_2][4].opcode:Empty
L3.L2[child_2].link1[child_2][4].para:Undefined
L3.L2[child_2].link1[child_2][4].src:Undefined
L3.L2[child_2].link1[child_2][4].sink:Undefined
L3.L2[child_2].link1[child_2][4].address:Undefined
L3.L2[child_2].link1[child_2][4].data:Undefined
L3.L2[child_2].link1[child_2][5].opcode:Empty
L3.L2[child_2].link1[child_2][5].para:Undefined
L3.L2[child_2].link1[child_2][5].src:Undefined
L3.L2[child_2].link1[child_2][5].sink:Undefined
L3.L2[child_2].link1[child_2][5].address:Undefined
L3.L2[child_2].link1[child_2][5].data:Undefined
L3.L2[child_2].cache[addr_1].state:None
L3.L2[child_2].cache[addr_1].data:Undefined
L3.L2[child_2].cache[addr_1].dirty:false
L3.L2[child_2].slave_pending[child_1][addr_1]:Empty
L3.L2[child_2].slave_pending[child_2][addr_1]:Empty
L3.L2[child_2].master_pending[addr_1]:Empty
L3.L2[child_2].directory[child_1][addr_1]:None
L3.L2[child_2].directory[child_2][addr_1]:None
L3.link2[child_1][1].opcode:Empty
L3.link2[child_1][1].para:Undefined
L3.link2[child_1][1].src:Undefined
L3.link2[child_1][1].sink:Undefined
L3.link2[child_1][1].address:Undefined
L3.link2[child_1][1].data:Undefined
L3.link2[child_1][2].opcode:Empty
L3.link2[child_1][2].para:Undefined
L3.link2[child_1][2].src:Undefined
L3.link2[child_1][2].sink:Undefined
L3.link2[child_1][2].address:Undefined
L3.link2[child_1][2].data:Undefined
L3.link2[child_1][3].opcode:Empty
L3.link2[child_1][3].para:Undefined
L3.link2[child_1][3].src:Undefined
L3.link2[child_1][3].sink:Undefined
L3.link2[child_1][3].address:Undefined
L3.link2[child_1][3].data:Undefined
L3.link2[child_1][4].opcode:Empty
L3.link2[child_1][4].para:Undefined
L3.link2[child_1][4].src:Undefined
L3.link2[child_1][4].sink:Undefined
L3.link2[child_1][4].address:Undefined
L3.link2[child_1][4].data:Undefined
L3.link2[child_1][5].opcode:Empty
L3.link2[child_1][5].para:Undefined
L3.link2[child_1][5].src:Undefined
L3.link2[child_1][5].sink:Undefined
L3.link2[child_1][5].address:Undefined
L3.link2[child_1][5].data:Undefined
L3.link2[child_2][1].opcode:Empty
L3.link2[child_2][1].para:Undefined
L3.link2[child_2][1].src:Undefined
L3.link2[child_2][1].sink:Undefined
L3.link2[child_2][1].address:Undefined
L3.link2[child_2][1].data:Undefined
L3.link2[child_2][2].opcode:Empty
L3.link2[child_2][2].para:Undefined
L3.link2[child_2][2].src:Undefined
L3.link2[child_2][2].sink:Undefined
L3.link2[child_2][2].address:Undefined
L3.link2[child_2][2].data:Undefined
L3.link2[child_2][3].opcode:Empty
L3.link2[child_2][3].para:Undefined
L3.link2[child_2][3].src:Undefined
L3.link2[child_2][3].sink:Undefined
L3.link2[child_2][3].address:Undefined
L3.link2[child_2][3].data:Undefined
L3.link2[child_2][4].opcode:Empty
L3.link2[child_2][4].para:Undefined
L3.link2[child_2][4].src:Undefined
L3.link2[child_2][4].sink:Undefined
L3.link2[child_2][4].address:Undefined
L3.link2[child_2][4].data:Undefined
L3.link2[child_2][5].opcode:Empty
L3.link2[child_2][5].para:Undefined
L3.link2[child_2][5].src:Undefined
L3.link2[child_2][5].sink:Undefined
L3.link2[child_2][5].address:Undefined
L3.link2[child_2][5].data:Undefined
L3.cache[addr_1].state:None
L3.cache[addr_1].data:Undefined
L3.cache[addr_1].dirty:false
L3.pending[child_1][addr_1]:Empty
L3.pending[child_2][addr_1]:Empty
L3.directory[child_1][addr_1]:None
L3.directory[child_2][addr_1]:None
memdata[addr_1]:data_type_2
auxdata[addr_1]:data_type_2

===== Startstates generated! =====

==========================================================================

Result:

	Invariant "test_reachable_state_53" failed.

State Space Explored:

	638 states, 1745 rules fired in 12.08s.

Analysis of State Space:

	There are rules that are never fired.
	If you are running with symmetry, this may be why.  Otherwise,
	please run this program with "-pr" for the rules information.
