This program should be regarded as a DEBUGGING aid, not as a 
certifier of correctness.
Call with the -l flag or read the license file for terms
and conditions of use.
Run this program with "-h" for the list of options.

Bugs, questions, and comments should be directed to
"melatti@di.uniroma1.it".

CMurphi compiler last modified date: Mar 16 2023
Include files last modified date:    Jul 23 2021
==========================================================================

==========================================================================
Caching Murphi Release 5.5.0
Finite-state Concurrent System Verifier.

Caching Murphi Release 5.5.0 is based on various versions of Murphi.
Caching Murphi Release 5.5.0 :
Copyright (C) 2009-2012 by Sapienza University of Rome.
Murphi release 3.1 :
Copyright (C) 1992 - 1999 by the Board of Trustees of
Leland Stanford Junior University.

==========================================================================

Protocol: ./benchmarks/murphi_protocols/flash_node4

Algorithm:
	Verification by depth first search.
	with symmetry algorithm 3 -- Heuristic Small Memory Normalization
	with permutation trial limit 10.

Memory usage:

	* The size of each state is 488 bits (rounded up to 64 bytes).
	* The memory allocated for the hash table and state queue is
	  5242 Mbytes.
	  With two words of overhead per state, the maximum size of
	  the state space is 72017587 states.
	   * Use option "-k" or "-m" to increase this, if necessary.
	* Capacity in queue for depth-first search: 7201758 states.
	   * Change the constant gPercentActiveStates in mu_prolog.inc
	     to increase this, if necessary.

Warning: No trace will not be printed in the case of protocol errors!
         Check the options if you want to have error traces.

Progress Report:

	1000 states explored in 1.37s, with 4203 rules fired and 362 states in the queue.
	2000 states explored in 1.38s, with 8969 rules fired and 472 states in the queue.
	3000 states explored in 1.39s, with 15337 rules fired and 108 states in the queue.
	4000 states explored in 1.39s, with 20514 rules fired and 364 states in the queue.
	5000 states explored in 1.40s, with 26259 rules fired and 479 states in the queue.
	6000 states explored in 1.41s, with 33717 rules fired and 119 states in the queue.
	7000 states explored in 1.42s, with 38880 rules fired and 373 states in the queue.
	8000 states explored in 1.43s, with 44425 rules fired and 487 states in the queue.
	9000 states explored in 1.43s, with 50492 rules fired and 238 states in the queue.
	10000 states explored in 1.44s, with 55767 rules fired and 375 states in the queue.
	11000 states explored in 1.45s, with 61529 rules fired and 498 states in the queue.
	12000 states explored in 1.46s, with 67124 rules fired and 795 states in the queue.
	13000 states explored in 1.47s, with 74121 rules fired and 375 states in the queue.
	14000 states explored in 1.47s, with 79953 rules fired and 488 states in the queue.
	15000 states explored in 1.48s, with 84699 rules fired and 584 states in the queue.
	16000 states explored in 1.49s, with 90153 rules fired and 700 states in the queue.
	17000 states explored in 1.50s, with 94597 rules fired and 1045 states in the queue.
	18000 states explored in 1.50s, with 100001 rules fired and 898 states in the queue.
	19000 states explored in 1.51s, with 105740 rules fired and 1144 states in the queue.
	20000 states explored in 1.52s, with 111865 rules fired and 800 states in the queue.
	21000 states explored in 1.53s, with 116868 rules fired and 900 states in the queue.
	22000 states explored in 1.54s, with 120640 rules fired and 1564 states in the queue.
	23000 states explored in 1.54s, with 128322 rules fired and 1100 states in the queue.
	24000 states explored in 1.55s, with 133442 rules fired and 1462 states in the queue.
	25000 states explored in 1.56s, with 139062 rules fired and 1579 states in the queue.
	26000 states explored in 1.57s, with 146524 rules fired and 1218 states in the queue.
	27000 states explored in 1.58s, with 151299 rules fired and 1500 states in the queue.
	28000 states explored in 1.58s, with 156356 rules fired and 1595 states in the queue.
	29000 states explored in 1.59s, with 161005 rules fired and 1988 states in the queue.
	30000 states explored in 1.60s, with 168148 rules fired and 1742 states in the queue.
	31000 states explored in 1.61s, with 173407 rules fired and 1775 states in the queue.
	32000 states explored in 1.61s, with 178349 rules fired and 2000 states in the queue.
	33000 states explored in 1.62s, with 183423 rules fired and 2362 states in the queue.
	34000 states explored in 1.63s, with 189078 rules fired and 2479 states in the queue.
	35000 states explored in 1.64s, with 196526 rules fired and 2122 states in the queue.
	36000 states explored in 1.65s, with 201740 rules fired and 2280 states in the queue.
	37000 states explored in 1.65s, with 207274 rules fired and 2403 states in the queue.
	38000 states explored in 1.66s, with 211778 rules fired and 2780 states in the queue.
	39000 states explored in 1.67s, with 215982 rules fired and 3175 states in the queue.
	40000 states explored in 1.68s, with 221470 rules fired and 3304 states in the queue.
	41000 states explored in 1.68s, with 226493 rules fired and 3647 states in the queue.
	42000 states explored in 1.69s, with 233188 rules fired and 3464 states in the queue.
	43000 states explored in 1.70s, with 238024 rules fired and 3554 states in the queue.
	44000 states explored in 1.71s, with 242763 rules fired and 3916 states in the queue.
	45000 states explored in 1.72s, with 249903 rules fired and 3670 states in the queue.
	46000 states explored in 1.72s, with 254860 rules fired and 3829 states in the queue.
	47000 states explored in 1.73s, with 259397 rules fired and 4098 states in the queue.
	48000 states explored in 1.74s, with 264848 rules fired and 4198 states in the queue.
	49000 states explored in 1.75s, with 269628 rules fired and 4429 states in the queue.
	50000 states explored in 1.75s, with 272656 rules fired and 5126 states in the queue.
	51000 states explored in 1.76s, with 277759 rules fired and 5216 states in the queue.
	52000 states explored in 1.77s, with 282991 rules fired and 5324 states in the queue.
	53000 states explored in 1.78s, with 288545 rules fired and 5429 states in the queue.
	54000 states explored in 1.78s, with 292745 rules fired and 5769 states in the queue.
	55000 states explored in 1.79s, with 297855 rules fired and 6031 states in the queue.
	56000 states explored in 1.80s, with 303299 rules fired and 6138 states in the queue.
	57000 states explored in 1.81s, with 308385 rules fired and 6200 states in the queue.
	58000 states explored in 1.81s, with 313877 rules fired and 6304 states in the queue.
	59000 states explored in 1.82s, with 319155 rules fired and 6439 states in the queue.
	60000 states explored in 1.83s, with 324369 rules fired and 6538 states in the queue.
	61000 states explored in 1.84s, with 329817 rules fired and 6589 states in the queue.
	62000 states explored in 1.84s, with 335122 rules fired and 6689 states in the queue.
	63000 states explored in 1.85s, with 338866 rules fired and 7264 states in the queue.
	64000 states explored in 1.86s, with 343777 rules fired and 7512 states in the queue.
	65000 states explored in 1.87s, with 348550 rules fired and 7764 states in the queue.
	66000 states explored in 1.87s, with 352527 rules fired and 8289 states in the queue.
	67000 states explored in 1.88s, with 357043 rules fired and 8664 states in the queue.
	68000 states explored in 1.89s, with 363575 rules fired and 8639 states in the queue.
	69000 states explored in 1.89s, with 367673 rules fired and 9129 states in the queue.
	70000 states explored in 1.90s, with 372708 rules fired and 9398 states in the queue.
	71000 states explored in 1.91s, with 378278 rules fired and 9499 states in the queue.
	72000 states explored in 1.92s, with 383101 rules fired and 9729 states in the queue.
	73000 states explored in 1.93s, with 388249 rules fired and 9988 states in the queue.
	74000 states explored in 1.93s, with 393209 rules fired and 10109 states in the queue.
	75000 states explored in 1.94s, with 397969 rules fired and 10449 states in the queue.
	76000 states explored in 1.95s, with 402202 rules fired and 10955 states in the queue.
	77000 states explored in 1.95s, with 407487 rules fired and 11129 states in the queue.
	78000 states explored in 1.96s, with 411993 rules fired and 11409 states in the queue.
	79000 states explored in 1.97s, with 417283 rules fired and 11509 states in the queue.
	80000 states explored in 1.98s, with 422592 rules fired and 11609 states in the queue.
	81000 states explored in 1.99s, with 427503 rules fired and 11839 states in the queue.
	82000 states explored in 1.99s, with 431954 rules fired and 12199 states in the queue.
	83000 states explored in 2.03s, with 435278 rules fired and 12863 states in the queue.
	84000 states explored in 2.05s, with 438658 rules fired and 13521 states in the queue.
	85000 states explored in 2.06s, with 444645 rules fired and 13315 states in the queue.
	86000 states explored in 2.08s, with 449184 rules fired and 13715 states in the queue.
	87000 states explored in 2.08s, with 453066 rules fired and 14294 states in the queue.
	88000 states explored in 2.10s, with 456770 rules fired and 14933 states in the queue.
	89000 states explored in 2.13s, with 460745 rules fired and 15307 states in the queue.
	90000 states explored in 2.15s, with 466233 rules fired and 15429 states in the queue.
	91000 states explored in 2.18s, with 471184 rules fired and 15720 states in the queue.
	92000 states explored in 2.19s, with 475724 rules fired and 16120 states in the queue.
	93000 states explored in 2.22s, with 480787 rules fired and 16214 states in the queue.
	94000 states explored in 2.24s, with 486038 rules fired and 16320 states in the queue.
	95000 states explored in 2.26s, with 491625 rules fired and 16420 states in the queue.
	96000 states explored in 2.27s, with 494794 rules fired and 17119 states in the queue.
	97000 states explored in 2.29s, with 499593 rules fired and 17459 states in the queue.
	98000 states explored in 2.30s, with 504469 rules fired and 17689 states in the queue.
	99000 states explored in 2.33s, with 508315 rules fired and 18257 states in the queue.
	100000 states explored in 2.34s, with 512771 rules fired and 18539 states in the queue.
	101000 states explored in 2.35s, with 517087 rules fired and 18996 states in the queue.
	102000 states explored in 2.36s, with 521015 rules fired and 19542 states in the queue.
	103000 states explored in 2.37s, with 525064 rules fired and 20024 states in the queue.
	104000 states explored in 2.38s, with 528854 rules fired and 20656 states in the queue.
	105000 states explored in 2.39s, with 533391 rules fired and 20941 states in the queue.
	106000 states explored in 2.39s, with 538526 rules fired and 21301 states in the queue.
	107000 states explored in 2.40s, with 544230 rules fired and 21410 states in the queue.
	108000 states explored in 2.41s, with 551814 rules fired and 20993 states in the queue.
	109000 states explored in 2.42s, with 556922 rules fired and 21306 states in the queue.
	110000 states explored in 2.43s, with 563514 rules fired and 21135 states in the queue.
	111000 states explored in 2.44s, with 568957 rules fired and 21261 states in the queue.
	112000 states explored in 2.44s, with 573238 rules fired and 21781 states in the queue.
	113000 states explored in 2.45s, with 580810 rules fired and 21413 states in the queue.
	114000 states explored in 2.46s, with 586513 rules fired and 21437 states in the queue.
	115000 states explored in 2.47s, with 591886 rules fired and 21625 states in the queue.
	116000 states explored in 2.48s, with 596649 rules fired and 21920 states in the queue.
	117000 states explored in 2.48s, with 600537 rules fired and 22440 states in the queue.
	118000 states explored in 2.49s, with 605370 rules fired and 22719 states in the queue.
	119000 states explored in 2.50s, with 609046 rules fired and 23299 states in the queue.
	120000 states explored in 2.50s, with 612484 rules fired and 23986 states in the queue.
	121000 states explored in 2.51s, with 617530 rules fired and 24206 states in the queue.
	122000 states explored in 2.52s, with 621261 rules fired and 24782 states in the queue.
	123000 states explored in 2.52s, with 625853 rules fired and 24932 states in the queue.
	124000 states explored in 2.53s, with 628421 rules fired and 25924 states in the queue.
	125000 states explored in 2.54s, with 632812 rules fired and 26323 states in the queue.
	126000 states explored in 2.54s, with 636744 rules fired and 26896 states in the queue.
	127000 states explored in 2.55s, with 640736 rules fired and 27359 states in the queue.
	128000 states explored in 2.56s, with 644463 rules fired and 27937 states in the queue.
	129000 states explored in 2.56s, with 648235 rules fired and 28534 states in the queue.
	130000 states explored in 2.57s, with 652009 rules fired and 29128 states in the queue.
	131000 states explored in 2.58s, with 656406 rules fired and 29601 states in the queue.
	132000 states explored in 2.58s, with 661176 rules fired and 29939 states in the queue.
	133000 states explored in 2.59s, with 666109 rules fired and 30238 states in the queue.
	134000 states explored in 2.60s, with 669891 rules fired and 30792 states in the queue.
	135000 states explored in 2.60s, with 673344 rules fired and 31489 states in the queue.
	136000 states explored in 2.61s, with 677753 rules fired and 31876 states in the queue.
	137000 states explored in 2.62s, with 681658 rules fired and 32369 states in the queue.
	138000 states explored in 2.62s, with 684699 rules fired and 33186 states in the queue.
	139000 states explored in 2.63s, with 688796 rules fired and 33705 states in the queue.
	140000 states explored in 2.64s, with 692822 rules fired and 34246 states in the queue.
	141000 states explored in 2.64s, with 696523 rules fired and 34884 states in the queue.
	142000 states explored in 2.65s, with 700157 rules fired and 35535 states in the queue.
	143000 states explored in 2.66s, with 703620 rules fired and 36155 states in the queue.
	144000 states explored in 2.66s, with 707013 rules fired and 36906 states in the queue.
	145000 states explored in 2.67s, with 710287 rules fired and 37723 states in the queue.
	146000 states explored in 2.68s, with 714248 rules fired and 38096 states in the queue.
	147000 states explored in 2.68s, with 719171 rules fired and 38405 states in the queue.
	148000 states explored in 2.69s, with 722635 rules fired and 39101 states in the queue.
	149000 states explored in 2.70s, with 726380 rules fired and 39717 states in the queue.
	150000 states explored in 2.70s, with 730727 rules fired and 40162 states in the queue.
	151000 states explored in 2.71s, with 735923 rules fired and 40337 states in the queue.
	152000 states explored in 2.72s, with 740467 rules fired and 40616 states in the queue.
	153000 states explored in 2.73s, with 745392 rules fired and 40805 states in the queue.
	154000 states explored in 2.73s, with 750822 rules fired and 40898 states in the queue.
	155000 states explored in 2.74s, with 756045 rules fired and 40996 states in the queue.
	156000 states explored in 2.75s, with 760642 rules fired and 41358 states in the queue.
	157000 states explored in 2.76s, with 764645 rules fired and 41914 states in the queue.
	158000 states explored in 2.76s, with 768426 rules fired and 42410 states in the queue.
	159000 states explored in 2.77s, with 774558 rules fired and 42178 states in the queue.
	160000 states explored in 2.78s, with 778266 rules fired and 42726 states in the queue.
	161000 states explored in 2.79s, with 782545 rules fired and 43118 states in the queue.
	162000 states explored in 2.79s, with 785957 rules fired and 43861 states in the queue.
	163000 states explored in 2.80s, with 789005 rules fired and 44727 states in the queue.
	164000 states explored in 2.81s, with 793736 rules fired and 44998 states in the queue.
	165000 states explored in 2.81s, with 797582 rules fired and 45572 states in the queue.
	166000 states explored in 2.82s, with 800063 rules fired and 46566 states in the queue.
	167000 states explored in 2.83s, with 804066 rules fired and 47145 states in the queue.
	168000 states explored in 2.83s, with 807653 rules fired and 47822 states in the queue.
	169000 states explored in 2.84s, with 811645 rules fired and 48318 states in the queue.
	170000 states explored in 2.85s, with 815476 rules fired and 48907 states in the queue.
	171000 states explored in 2.85s, with 819886 rules fired and 49379 states in the queue.
	172000 states explored in 2.86s, with 825731 rules fired and 49405 states in the queue.
	173000 states explored in 2.87s, with 828725 rules fired and 50366 states in the queue.
	174000 states explored in 2.87s, with 832148 rules fired and 51109 states in the queue.
	175000 states explored in 2.88s, with 837304 rules fired and 51413 states in the queue.
	176000 states explored in 2.89s, with 843097 rules fired and 51527 states in the queue.
	177000 states explored in 2.90s, with 850535 rules fired and 51170 states in the queue.
	178000 states explored in 2.91s, with 855721 rules fired and 51418 states in the queue.
	179000 states explored in 2.91s, with 862434 rules fired and 51245 states in the queue.
	180000 states explored in 2.92s, with 867412 rules fired and 51515 states in the queue.
	181000 states explored in 2.93s, with 871853 rules fired and 52008 states in the queue.
	182000 states explored in 2.94s, with 879542 rules fired and 51545 states in the queue.
	183000 states explored in 2.95s, with 885166 rules fired and 51645 states in the queue.
	184000 states explored in 2.95s, with 890761 rules fired and 51745 states in the queue.
	185000 states explored in 2.96s, with 896034 rules fired and 51955 states in the queue.
	186000 states explored in 2.97s, with 901175 rules fired and 52174 states in the queue.
	187000 states explored in 2.98s, with 906021 rules fired and 52465 states in the queue.
	188000 states explored in 2.98s, with 911765 rules fired and 52533 states in the queue.
	189000 states explored in 2.99s, with 916643 rules fired and 52843 states in the queue.
	190000 states explored in 3.00s, with 921816 rules fired and 53062 states in the queue.
	191000 states explored in 3.00s, with 925566 rules fired and 53718 states in the queue.
	192000 states explored in 3.01s, with 930738 rules fired and 53950 states in the queue.
	193000 states explored in 3.02s, with 936621 rules fired and 54073 states in the queue.
	194000 states explored in 3.03s, with 942369 rules fired and 54318 states in the queue.
	195000 states explored in 3.04s, with 949158 rules fired and 53950 states in the queue.
	196000 states explored in 3.04s, with 955523 rules fired and 53947 states in the queue.
	197000 states explored in 3.05s, with 960595 rules fired and 54175 states in the queue.
	198000 states explored in 3.06s, with 965342 rules fired and 54562 states in the queue.
	199000 states explored in 3.07s, with 972511 rules fired and 54305 states in the queue.
	200000 states explored in 3.08s, with 978459 rules fired and 54305 states in the queue.
	201000 states explored in 3.08s, with 983810 rules fired and 54450 states in the queue.
	202000 states explored in 3.09s, with 989211 rules fired and 54615 states in the queue.
	203000 states explored in 3.10s, with 994638 rules fired and 54764 states in the queue.
	204000 states explored in 3.11s, with 999706 rules fired and 54995 states in the queue.
	205000 states explored in 3.11s, with 1004777 rules fired and 55263 states in the queue.
	206000 states explored in 3.12s, with 1009725 rules fired and 55543 states in the queue.
	207000 states explored in 3.13s, with 1015276 rules fired and 55652 states in the queue.
	208000 states explored in 3.14s, with 1018754 rules fired and 56353 states in the queue.
	209000 states explored in 3.14s, with 1023140 rules fired and 56725 states in the queue.
	210000 states explored in 3.15s, with 1027673 rules fired and 57120 states in the queue.
	211000 states explored in 3.16s, with 1032297 rules fired and 57389 states in the queue.
	212000 states explored in 3.16s, with 1036408 rules fired and 57861 states in the queue.
	213000 states explored in 3.17s, with 1039171 rules fired and 58795 states in the queue.
	214000 states explored in 3.18s, with 1042435 rules fired and 59539 states in the queue.
	215000 states explored in 3.18s, with 1047336 rules fired and 59866 states in the queue.
	216000 states explored in 3.19s, with 1051389 rules fired and 60332 states in the queue.
	217000 states explored in 3.20s, with 1055735 rules fired and 60773 states in the queue.
	218000 states explored in 3.20s, with 1059566 rules fired and 61378 states in the queue.
	219000 states explored in 3.21s, with 1063500 rules fired and 61960 states in the queue.
	220000 states explored in 3.22s, with 1067996 rules fired and 62350 states in the queue.
	221000 states explored in 3.23s, with 1071593 rules fired and 63032 states in the queue.
	222000 states explored in 3.23s, with 1074530 rules fired and 64021 states in the queue.
	223000 states explored in 3.24s, with 1077784 rules fired and 64888 states in the queue.
	224000 states explored in 3.24s, with 1081107 rules fired and 65700 states in the queue.
	225000 states explored in 3.25s, with 1085039 rules fired and 66330 states in the queue.
	226000 states explored in 3.26s, with 1089377 rules fired and 66769 states in the queue.
	227000 states explored in 3.26s, with 1094947 rules fired and 66794 states in the queue.
	228000 states explored in 3.27s, with 1100029 rules fired and 66892 states in the queue.
	229000 states explored in 3.28s, with 1105009 rules fired and 67124 states in the queue.
	230000 states explored in 3.29s, with 1109556 rules fired and 67454 states in the queue.
	231000 states explored in 3.29s, with 1113434 rules fired and 68027 states in the queue.
	232000 states explored in 3.30s, with 1116861 rules fired and 68749 states in the queue.
	233000 states explored in 3.31s, with 1120103 rules fired and 69492 states in the queue.
	234000 states explored in 3.31s, with 1124018 rules fired and 70107 states in the queue.
	235000 states explored in 3.32s, with 1129037 rules fired and 70205 states in the queue.
	236000 states explored in 3.33s, with 1134301 rules fired and 70307 states in the queue.
	237000 states explored in 3.34s, with 1139901 rules fired and 70407 states in the queue.
	238000 states explored in 3.34s, with 1144399 rules fired and 70747 states in the queue.
	239000 states explored in 3.35s, with 1148070 rules fired and 71262 states in the queue.
	240000 states explored in 3.36s, with 1152868 rules fired and 71511 states in the queue.
	241000 states explored in 3.36s, with 1156763 rules fired and 72052 states in the queue.
	242000 states explored in 3.37s, with 1161600 rules fired and 72377 states in the queue.
	243000 states explored in 3.38s, with 1166685 rules fired and 72604 states in the queue.
	244000 states explored in 3.39s, with 1172120 rules fired and 72769 states in the queue.
	245000 states explored in 3.39s, with 1176990 rules fired and 73095 states in the queue.
	246000 states explored in 3.40s, with 1182292 rules fired and 73266 states in the queue.
	247000 states explored in 3.41s, with 1186081 rules fired and 73831 states in the queue.
	248000 states explored in 3.42s, with 1191194 rules fired and 73921 states in the queue.
	249000 states explored in 3.42s, with 1196436 rules fired and 74028 states in the queue.
	250000 states explored in 3.43s, with 1201987 rules fired and 74133 states in the queue.
	251000 states explored in 3.44s, with 1206042 rules fired and 74575 states in the queue.
	252000 states explored in 3.44s, with 1209494 rules fired and 75241 states in the queue.
	253000 states explored in 3.45s, with 1214393 rules fired and 75287 states in the queue.
	254000 states explored in 3.46s, with 1219479 rules fired and 75382 states in the queue.
	255000 states explored in 3.47s, with 1224055 rules fired and 75777 states in the queue.
	256000 states explored in 3.47s, with 1228177 rules fired and 76262 states in the queue.
	257000 states explored in 3.48s, with 1233149 rules fired and 76632 states in the queue.
	258000 states explored in 3.49s, with 1238943 rules fired and 76746 states in the queue.
	259000 states explored in 3.50s, with 1246383 rules fired and 76387 states in the queue.
	260000 states explored in 3.51s, with 1251563 rules fired and 76637 states in the queue.
	261000 states explored in 3.51s, with 1258294 rules fired and 76462 states in the queue.
	262000 states explored in 3.52s, with 1263263 rules fired and 76732 states in the queue.
	263000 states explored in 3.53s, with 1267701 rules fired and 77226 states in the queue.
	264000 states explored in 3.54s, with 1275393 rules fired and 76762 states in the queue.
	265000 states explored in 3.55s, with 1281017 rules fired and 76862 states in the queue.
	266000 states explored in 3.55s, with 1286624 rules fired and 76962 states in the queue.
	267000 states explored in 3.56s, with 1291884 rules fired and 77172 states in the queue.
	268000 states explored in 3.57s, with 1297028 rules fired and 77392 states in the queue.
	269000 states explored in 3.58s, with 1301872 rules fired and 77682 states in the queue.
	270000 states explored in 3.58s, with 1307600 rules fired and 77756 states in the queue.
	271000 states explored in 3.59s, with 1312496 rules fired and 78060 states in the queue.
	272000 states explored in 3.60s, with 1317653 rules fired and 78280 states in the queue.
	273000 states explored in 3.61s, with 1321581 rules fired and 78837 states in the queue.
	274000 states explored in 3.61s, with 1326205 rules fired and 79163 states in the queue.
	275000 states explored in 3.62s, with 1330583 rules fired and 79436 states in the queue.
	276000 states explored in 3.63s, with 1336148 rules fired and 79536 states in the queue.
	277000 states explored in 3.64s, with 1341446 rules fired and 79641 states in the queue.
	278000 states explored in 3.64s, with 1345993 rules fired and 79981 states in the queue.
	279000 states explored in 3.65s, with 1349518 rules fired and 80663 states in the queue.
	280000 states explored in 3.66s, with 1353707 rules fired and 81051 states in the queue.
	281000 states explored in 3.66s, with 1359241 rules fired and 81151 states in the queue.
	282000 states explored in 3.67s, with 1364562 rules fired and 81257 states in the queue.
	283000 states explored in 3.68s, with 1369056 rules fired and 81600 states in the queue.
	284000 states explored in 3.69s, with 1373507 rules fired and 81942 states in the queue.
	285000 states explored in 3.69s, with 1378202 rules fired and 82219 states in the queue.
	286000 states explored in 3.70s, with 1382151 rules fired and 82808 states in the queue.
	287000 states explored in 3.71s, with 1387545 rules fired and 82939 states in the queue.
	288000 states explored in 3.71s, with 1390596 rules fired and 83842 states in the queue.
	289000 states explored in 3.72s, with 1393584 rules fired and 84783 states in the queue.
	290000 states explored in 3.73s, with 1398040 rules fired and 85178 states in the queue.
	291000 states explored in 3.73s, with 1401027 rules fired and 86094 states in the queue.
	292000 states explored in 3.74s, with 1403365 rules fired and 87093 states in the queue.
	293000 states explored in 3.75s, with 1405944 rules fired and 88085 states in the queue.
	294000 states explored in 3.75s, with 1408856 rules fired and 89004 states in the queue.
	295000 states explored in 3.76s, with 1412590 rules fired and 89635 states in the queue.
	296000 states explored in 3.76s, with 1416746 rules fired and 90173 states in the queue.
	297000 states explored in 3.77s, with 1422516 rules fired and 90130 states in the queue.
	298000 states explored in 3.78s, with 1427817 rules fired and 90227 states in the queue.
	299000 states explored in 3.79s, with 1432249 rules fired and 90554 states in the queue.
	300000 states explored in 3.80s, with 1436936 rules fired and 90871 states in the queue.
	301000 states explored in 3.81s, with 1441720 rules fired and 91089 states in the queue.
	302000 states explored in 3.82s, with 1445859 rules fired and 91486 states in the queue.
	303000 states explored in 3.83s, with 1449428 rules fired and 92140 states in the queue.
	304000 states explored in 3.83s, with 1453464 rules fired and 92707 states in the queue.
	305000 states explored in 3.84s, with 1457981 rules fired and 92990 states in the queue.
	306000 states explored in 3.85s, with 1463459 rules fired and 93098 states in the queue.
	307000 states explored in 3.86s, with 1468599 rules fired and 93213 states in the queue.
	308000 states explored in 3.86s, with 1473467 rules fired and 93443 states in the queue.
	309000 states explored in 3.87s, with 1477574 rules fired and 93973 states in the queue.
	310000 states explored in 3.88s, with 1481610 rules fired and 94421 states in the queue.
	311000 states explored in 3.88s, with 1487081 rules fired and 94521 states in the queue.
	312000 states explored in 3.89s, with 1492240 rules fired and 94631 states in the queue.
	313000 states explored in 3.90s, with 1497140 rules fired and 94858 states in the queue.
	314000 states explored in 3.91s, with 1501681 rules fired and 95172 states in the queue.
	315000 states explored in 3.91s, with 1505737 rules fired and 95644 states in the queue.
	316000 states explored in 3.92s, with 1510234 rules fired and 95993 states in the queue.
	317000 states explored in 3.93s, with 1514864 rules fired and 96333 states in the queue.
	318000 states explored in 3.94s, with 1519169 rules fired and 96722 states in the queue.
	319000 states explored in 3.94s, with 1522885 rules fired and 97338 states in the queue.
	320000 states explored in 3.95s, with 1525940 rules fired and 98171 states in the queue.
	321000 states explored in 3.96s, with 1530157 rules fired and 98710 states in the queue.
	322000 states explored in 3.96s, with 1535031 rules fired and 99016 states in the queue.
	323000 states explored in 3.97s, with 1540328 rules fired and 99187 states in the queue.
	324000 states explored in 3.98s, with 1544394 rules fired and 99669 states in the queue.
	325000 states explored in 3.98s, with 1547397 rules fired and 100605 states in the queue.
	326000 states explored in 3.99s, with 1551934 rules fired and 100995 states in the queue.
	327000 states explored in 4.00s, with 1557540 rules fired and 101100 states in the queue.

==========================================================================

Result:

	Invariant "test_proprity, j:2, i:3" failed.

State Space Explored:

	327479 states, 1559264 rules fired in 4.00s.

Analysis of State Space:

	There are rules that are never fired.
	If you are running with symmetry, this may be why.  Otherwise,
	please run this program with "-pr" for the rules information.
