You choose the local search option :-)
This program should be regarded as a DEBUGGING aid, not as a 
certifier of correctness.
Call with the -l flag or read the license file for terms
and conditions of use.
Run this program with "-h" for the list of options.

Bugs, questions, and comments should be directed to
"melatti@di.uniroma1.it".

CMurphi compiler last modified date: Nov 26 2022
Include files last modified date:    Jul 23 2021
==========================================================================

==========================================================================
Caching Murphi Release 5.5.0
Finite-state Concurrent System Verifier.

Caching Murphi Release 5.5.0 is based on various versions of Murphi.
Caching Murphi Release 5.5.0 :
Copyright (C) 2009-2012 by Sapienza University of Rome.
Murphi release 3.1 :
Copyright (C) 1992 - 1999 by the Board of Trustees of
Leland Stanford Junior University.

==========================================================================

Protocol: ./benchmarks/murphi_protocols/flash_node8

Algorithm:
	Verification by our local search.
	with symmetry algorithm 3 -- Heuristic Small Memory Normalization
	with permutation trial limit 10.

Memory usage:

	* The size of each state is 808 bits (rounded up to 104 bytes).
	* The memory allocated for the hash table and state queue is
	  5242 Mbytes.
	  With two words of overhead per state, the maximum size of
	  the state space is 43401341 states.
	   * Use option "-k" or "-m" to increase this, if necessary.
	* Capacity in queue for breadth-first search: 4340134 states.
	   * Change the constant gPercentActiveStates in mu_prolog.inc
	     to increase this, if necessary.

Warning: No trace will not be printed in the case of protocol errors!
         Check the options if you want to have error traces.
==========================================================================

You are using local search algorithm:

------------- Show Goalstate: ------------------
Sta.Proc[1].ProcCmd:NODE_None
Sta.Proc[1].InvMarked:false
Sta.Proc[1].CacheState:CACHE_E
Sta.Proc[2].ProcCmd:NODE_None
Sta.Proc[2].InvMarked:false
Sta.Proc[2].CacheState:CACHE_S
Sta.Proc[3].ProcCmd:NODE_None
Sta.Proc[3].InvMarked:false
Sta.Proc[3].CacheState:CACHE_I
Sta.Proc[4].ProcCmd:NODE_None
Sta.Proc[4].InvMarked:false
Sta.Proc[4].CacheState:CACHE_I
Sta.Proc[5].ProcCmd:NODE_None
Sta.Proc[5].InvMarked:false
Sta.Proc[5].CacheState:CACHE_I
Sta.Proc[6].ProcCmd:NODE_None
Sta.Proc[6].InvMarked:false
Sta.Proc[6].CacheState:CACHE_I
Sta.Proc[7].ProcCmd:NODE_None
Sta.Proc[7].InvMarked:false
Sta.Proc[7].CacheState:CACHE_I
Sta.Proc[8].ProcCmd:NODE_None
Sta.Proc[8].InvMarked:false
Sta.Proc[8].CacheState:CACHE_I
Sta.HomeProc.ProcCmd:NODE_None
Sta.HomeProc.InvMarked:false
Sta.HomeProc.CacheState:CACHE_I
Sta.Dir.Pending:false
Sta.Dir.Local:false
Sta.Dir.Dirty:false
Sta.Dir.HeadVld:false
Sta.Dir.HeadPtr:Undefined
Sta.Dir.ShrVld:false
Sta.Dir.ShrSet[1]:false
Sta.Dir.ShrSet[2]:false
Sta.Dir.ShrSet[3]:false
Sta.Dir.ShrSet[4]:false
Sta.Dir.ShrSet[5]:false
Sta.Dir.ShrSet[6]:false
Sta.Dir.ShrSet[7]:false
Sta.Dir.ShrSet[8]:false
Sta.Dir.InvSet[1]:false
Sta.Dir.InvSet[2]:false
Sta.Dir.InvSet[3]:false
Sta.Dir.InvSet[4]:false
Sta.Dir.InvSet[5]:false
Sta.Dir.InvSet[6]:false
Sta.Dir.InvSet[7]:false
Sta.Dir.InvSet[8]:false
Sta.UniMsg[1].Cmd:UNI_None
Sta.UniMsg[1].Proc:Undefined
Sta.UniMsg[1].HomeProc:false
Sta.UniMsg[2].Cmd:UNI_None
Sta.UniMsg[2].Proc:Undefined
Sta.UniMsg[2].HomeProc:false
Sta.UniMsg[3].Cmd:UNI_None
Sta.UniMsg[3].Proc:Undefined
Sta.UniMsg[3].HomeProc:false
Sta.UniMsg[4].Cmd:UNI_None
Sta.UniMsg[4].Proc:Undefined
Sta.UniMsg[4].HomeProc:false
Sta.UniMsg[5].Cmd:UNI_None
Sta.UniMsg[5].Proc:Undefined
Sta.UniMsg[5].HomeProc:false
Sta.UniMsg[6].Cmd:UNI_None
Sta.UniMsg[6].Proc:Undefined
Sta.UniMsg[6].HomeProc:false
Sta.UniMsg[7].Cmd:UNI_None
Sta.UniMsg[7].Proc:Undefined
Sta.UniMsg[7].HomeProc:false
Sta.UniMsg[8].Cmd:UNI_None
Sta.UniMsg[8].Proc:Undefined
Sta.UniMsg[8].HomeProc:false
Sta.HomeUniMsg.Cmd:UNI_None
Sta.HomeUniMsg.Proc:Undefined
Sta.HomeUniMsg.HomeProc:false
Sta.InvMsg[1].Cmd:INV_None
Sta.InvMsg[2].Cmd:INV_None
Sta.InvMsg[3].Cmd:INV_None
Sta.InvMsg[4].Cmd:INV_None
Sta.InvMsg[5].Cmd:INV_None
Sta.InvMsg[6].Cmd:INV_None
Sta.InvMsg[7].Cmd:INV_None
Sta.InvMsg[8].Cmd:INV_None
Sta.RpMsg[1].Cmd:RP_None
Sta.RpMsg[2].Cmd:RP_None
Sta.RpMsg[3].Cmd:RP_None
Sta.RpMsg[4].Cmd:RP_None
Sta.RpMsg[5].Cmd:RP_None
Sta.RpMsg[6].Cmd:RP_None
Sta.RpMsg[7].Cmd:RP_None
Sta.RpMsg[8].Cmd:RP_None
Sta.WbMsg.Cmd:WB_None
Sta.WbMsg.Proc:Undefined
Sta.ShWbMsg.Cmd:SHWB_None
Sta.ShWbMsg.Proc:Undefined
Sta.NakcMsg.Cmd:NAKC_None
Sta.PendReqSrc:Undefined
Sta.HomePendReqSrc:false
Sta.Collecting:false
Sta.FwdCmd:UNI_None

------------- Show Initstate: ------------------
Sta.Proc[1].ProcCmd:NODE_None
Sta.Proc[1].InvMarked:false
Sta.Proc[1].CacheState:CACHE_I
Sta.Proc[2].ProcCmd:NODE_None
Sta.Proc[2].InvMarked:false
Sta.Proc[2].CacheState:CACHE_I
Sta.Proc[3].ProcCmd:NODE_None
Sta.Proc[3].InvMarked:false
Sta.Proc[3].CacheState:CACHE_I
Sta.Proc[4].ProcCmd:NODE_None
Sta.Proc[4].InvMarked:false
Sta.Proc[4].CacheState:CACHE_I
Sta.Proc[5].ProcCmd:NODE_None
Sta.Proc[5].InvMarked:false
Sta.Proc[5].CacheState:CACHE_I
Sta.Proc[6].ProcCmd:NODE_None
Sta.Proc[6].InvMarked:false
Sta.Proc[6].CacheState:CACHE_I
Sta.Proc[7].ProcCmd:NODE_None
Sta.Proc[7].InvMarked:false
Sta.Proc[7].CacheState:CACHE_I
Sta.Proc[8].ProcCmd:NODE_None
Sta.Proc[8].InvMarked:false
Sta.Proc[8].CacheState:CACHE_I
Sta.HomeProc.ProcCmd:NODE_None
Sta.HomeProc.InvMarked:false
Sta.HomeProc.CacheState:CACHE_I
Sta.Dir.Pending:false
Sta.Dir.Local:false
Sta.Dir.Dirty:false
Sta.Dir.HeadVld:false
Sta.Dir.HeadPtr:Undefined
Sta.Dir.ShrVld:false
Sta.Dir.ShrSet[1]:false
Sta.Dir.ShrSet[2]:false
Sta.Dir.ShrSet[3]:false
Sta.Dir.ShrSet[4]:false
Sta.Dir.ShrSet[5]:false
Sta.Dir.ShrSet[6]:false
Sta.Dir.ShrSet[7]:false
Sta.Dir.ShrSet[8]:false
Sta.Dir.InvSet[1]:false
Sta.Dir.InvSet[2]:false
Sta.Dir.InvSet[3]:false
Sta.Dir.InvSet[4]:false
Sta.Dir.InvSet[5]:false
Sta.Dir.InvSet[6]:false
Sta.Dir.InvSet[7]:false
Sta.Dir.InvSet[8]:false
Sta.UniMsg[1].Cmd:UNI_None
Sta.UniMsg[1].Proc:Undefined
Sta.UniMsg[1].HomeProc:false
Sta.UniMsg[2].Cmd:UNI_None
Sta.UniMsg[2].Proc:Undefined
Sta.UniMsg[2].HomeProc:false
Sta.UniMsg[3].Cmd:UNI_None
Sta.UniMsg[3].Proc:Undefined
Sta.UniMsg[3].HomeProc:false
Sta.UniMsg[4].Cmd:UNI_None
Sta.UniMsg[4].Proc:Undefined
Sta.UniMsg[4].HomeProc:false
Sta.UniMsg[5].Cmd:UNI_None
Sta.UniMsg[5].Proc:Undefined
Sta.UniMsg[5].HomeProc:false
Sta.UniMsg[6].Cmd:UNI_None
Sta.UniMsg[6].Proc:Undefined
Sta.UniMsg[6].HomeProc:false
Sta.UniMsg[7].Cmd:UNI_None
Sta.UniMsg[7].Proc:Undefined
Sta.UniMsg[7].HomeProc:false
Sta.UniMsg[8].Cmd:UNI_None
Sta.UniMsg[8].Proc:Undefined
Sta.UniMsg[8].HomeProc:false
Sta.HomeUniMsg.Cmd:UNI_None
Sta.HomeUniMsg.Proc:Undefined
Sta.HomeUniMsg.HomeProc:false
Sta.InvMsg[1].Cmd:INV_None
Sta.InvMsg[2].Cmd:INV_None
Sta.InvMsg[3].Cmd:INV_None
Sta.InvMsg[4].Cmd:INV_None
Sta.InvMsg[5].Cmd:INV_None
Sta.InvMsg[6].Cmd:INV_None
Sta.InvMsg[7].Cmd:INV_None
Sta.InvMsg[8].Cmd:INV_None
Sta.RpMsg[1].Cmd:RP_None
Sta.RpMsg[2].Cmd:RP_None
Sta.RpMsg[3].Cmd:RP_None
Sta.RpMsg[4].Cmd:RP_None
Sta.RpMsg[5].Cmd:RP_None
Sta.RpMsg[6].Cmd:RP_None
Sta.RpMsg[7].Cmd:RP_None
Sta.RpMsg[8].Cmd:RP_None
Sta.WbMsg.Cmd:WB_None
Sta.WbMsg.Proc:Undefined
Sta.ShWbMsg.Cmd:SHWB_None
Sta.ShWbMsg.Proc:Undefined
Sta.NakcMsg.Cmd:NAKC_None
Sta.PendReqSrc:Undefined
Sta.HomePendReqSrc:false
Sta.Collecting:false
Sta.FwdCmd:UNI_None

------------- Show a heuristic value: ------------------
20

===== Startstates generated! =====

Progress Report:

	1000 states explored in 1.30s, with 1570 rules fired and 902 states in the queue.
	2000 states explored in 1.33s, with 3279 rules fired and 1793 states in the queue.
	3000 states explored in 1.38s, with 5821 rules fired and 2627 states in the queue.
	4000 states explored in 1.42s, with 7623 rules fired and 3516 states in the queue.
	5000 states explored in 1.45s, with 9089 rules fired and 4424 states in the queue.
	6000 states explored in 1.49s, with 10753 rules fired and 5319 states in the queue.
	7000 states explored in 1.52s, with 12303 rules fired and 6222 states in the queue.
	8000 states explored in 1.55s, with 13622 rules fired and 7140 states in the queue.
	9000 states explored in 1.58s, with 15205 rules fired and 8041 states in the queue.
	10000 states explored in 1.61s, with 16701 rules fired and 8949 states in the queue.
	11000 states explored in 1.64s, with 18021 rules fired and 9865 states in the queue.
	12000 states explored in 1.68s, with 19452 rules fired and 10776 states in the queue.
	13000 states explored in 1.71s, with 20797 rules fired and 11693 states in the queue.
	14000 states explored in 1.74s, with 22408 rules fired and 12592 states in the queue.

==========================================================================

Result:

	Invariant "test_proprity, j:2, i:7" failed.

State Space Explored:

	14153 states, 22674 rules fired in 1.75s.

Analysis of State Space:

	There are rules that are never fired.
	If you are running with symmetry, this may be why.  Otherwise,
	please run this program with "-pr" for the rules information.
