You choose the local search option :-)
This program should be regarded as a DEBUGGING aid, not as a 
certifier of correctness.
Call with the -l flag or read the license file for terms
and conditions of use.
Run this program with "-h" for the list of options.

Bugs, questions, and comments should be directed to
"melatti@di.uniroma1.it".

CMurphi compiler last modified date: Nov 26 2022
Include files last modified date:    Jul 23 2021
==========================================================================

==========================================================================
Caching Murphi Release 5.5.0
Finite-state Concurrent System Verifier.

Caching Murphi Release 5.5.0 is based on various versions of Murphi.
Caching Murphi Release 5.5.0 :
Copyright (C) 2009-2012 by Sapienza University of Rome.
Murphi release 3.1 :
Copyright (C) 1992 - 1999 by the Board of Trustees of
Leland Stanford Junior University.

==========================================================================

Protocol: ./benchmarks/murphi_protocols/n_godsont_node2

Algorithm:
	Verification by our local search.
	with symmetry algorithm 3 -- Heuristic Small Memory Normalization
	with permutation trial limit 10.

Memory usage:

	* The size of each state is 280 bits (rounded up to 40 bytes).
	* The memory allocated for the hash table and state queue is
	  5242 Mbytes.
	  With two words of overhead per state, the maximum size of
	  the state space is 92304229 states.
	   * Use option "-k" or "-m" to increase this, if necessary.
	* Capacity in queue for breadth-first search: 9230422 states.
	   * Change the constant gPercentActiveStates in mu_prolog.inc
	     to increase this, if necessary.

Warning: No trace will not be printed in the case of protocol errors!
         Check the options if you want to have error traces.
==========================================================================

You are using local search algorithm:

------------- Show Goalstate: ------------------
memory[1].data:0
memory[2].data:1
lock[1].owner:Undefined
lock[1].beUsed:false
lock[1].inProtection[1]:false
lock[1].inProtection[2]:false
lock[2].owner:Undefined
lock[2].beUsed:false
lock[2].inProtection[1]:false
lock[2].inProtection[2]:false
node[1].cache[1].state:INVALID
node[1].cache[1].addr:Undefined
node[1].cache[1].data:Undefined
node[1].cache[2].state:VALID
node[1].cache[2].addr:0
node[1].cache[2].data:0
node[1].hasLock:true
node[1].firstRead[1]:false
node[1].firstRead[2]:true
node[2].cache[1].state:INVALID
node[2].cache[1].addr:Undefined
node[2].cache[1].data:Undefined
node[2].cache[2].state:INVALID
node[2].cache[2].addr:Undefined
node[2].cache[2].data:Undefined
node[2].hasLock:false
node[2].firstRead[1]:true
node[2].firstRead[2]:true
curNode:2
curCache:2
curMemory:2
curData:1
curLock:2
replace:NON
repRule:NONE

------------- Show Initstate: ------------------
memory[1].data:1
memory[2].data:1
lock[1].owner:Undefined
lock[1].beUsed:false
lock[1].inProtection[1]:false
lock[1].inProtection[2]:false
lock[2].owner:Undefined
lock[2].beUsed:false
lock[2].inProtection[1]:false
lock[2].inProtection[2]:false
node[1].cache[1].state:INVALID
node[1].cache[1].addr:Undefined
node[1].cache[1].data:Undefined
node[1].cache[2].state:INVALID
node[1].cache[2].addr:Undefined
node[1].cache[2].data:Undefined
node[1].hasLock:false
node[1].firstRead[1]:true
node[1].firstRead[2]:true
node[2].cache[1].state:INVALID
node[2].cache[1].addr:Undefined
node[2].cache[1].data:Undefined
node[2].cache[2].state:INVALID
node[2].cache[2].addr:Undefined
node[2].cache[2].data:Undefined
node[2].hasLock:false
node[2].firstRead[1]:true
node[2].firstRead[2]:true
curNode:2
curCache:2
curMemory:2
curData:1
curLock:2
replace:NON
repRule:NONE

------------- Show a heuristic value: ------------------
60

===== Startstates generated! =====

Progress Report:

	1000 states explored in 1.43s, with 1802 rules fired and 846 states in the queue.
	2000 states explored in 1.47s, with 3573 rules fired and 1705 states in the queue.
	3000 states explored in 1.51s, with 5588 rules fired and 2530 states in the queue.
	4000 states explored in 1.57s, with 7656 rules fired and 3345 states in the queue.
	5000 states explored in 1.63s, with 9767 rules fired and 4151 states in the queue.
	6000 states explored in 1.67s, with 11747 rules fired and 4951 states in the queue.
	7000 states explored in 1.72s, with 13680 rules fired and 5727 states in the queue.
	8000 states explored in 1.78s, with 15704 rules fired and 6543 states in the queue.
	9000 states explored in 1.84s, with 17768 rules fired and 7326 states in the queue.
	10000 states explored in 1.90s, with 20038 rules fired and 8123 states in the queue.
	11000 states explored in 1.97s, with 22168 rules fired and 8911 states in the queue.
	12000 states explored in 2.02s, with 24049 rules fired and 9709 states in the queue.
	13000 states explored in 2.08s, with 26165 rules fired and 10520 states in the queue.

==========================================================================

Result:

	Invariant "Coherence, a:2, j:2, i:1" failed.

State Space Explored:

	13333 states, 26907 rules fired in 2.10s.

Analysis of State Space:

	There are rules that are never fired.
	If you are running with symmetry, this may be why.  Otherwise,
	please run this program with "-pr" for the rules information.
