You choose the local search option :-)
This program should be regarded as a DEBUGGING aid, not as a 
certifier of correctness.
Call with the -l flag or read the license file for terms
and conditions of use.
Run this program with "-h" for the list of options.

Bugs, questions, and comments should be directed to
"melatti@di.uniroma1.it".

CMurphi compiler last modified date: Nov 26 2022
Include files last modified date:    Jul 23 2021
==========================================================================

==========================================================================
Caching Murphi Release 5.5.0
Finite-state Concurrent System Verifier.

Caching Murphi Release 5.5.0 is based on various versions of Murphi.
Caching Murphi Release 5.5.0 :
Copyright (C) 2009-2012 by Sapienza University of Rome.
Murphi release 3.1 :
Copyright (C) 1992 - 1999 by the Board of Trustees of
Leland Stanford Junior University.

==========================================================================

Protocol: ./benchmarks/murphi_protocols/flash_node4

Algorithm:
	Verification by our local search.
	with symmetry algorithm 3 -- Heuristic Small Memory Normalization
	with permutation trial limit 10.

Memory usage:

	* The size of each state is 488 bits (rounded up to 64 bytes).
	* The memory allocated for the hash table and state queue is
	  5242 Mbytes.
	  With two words of overhead per state, the maximum size of
	  the state space is 64887143 states.
	   * Use option "-k" or "-m" to increase this, if necessary.
	* Capacity in queue for breadth-first search: 6488714 states.
	   * Change the constant gPercentActiveStates in mu_prolog.inc
	     to increase this, if necessary.

Warning: No trace will not be printed in the case of protocol errors!
         Check the options if you want to have error traces.
==========================================================================

You are using local search algorithm:

------------- Show Goalstate: ------------------
Sta.Proc[1].ProcCmd:NODE_None
Sta.Proc[1].InvMarked:false
Sta.Proc[1].CacheState:CACHE_E
Sta.Proc[2].ProcCmd:NODE_None
Sta.Proc[2].InvMarked:false
Sta.Proc[2].CacheState:CACHE_S
Sta.Proc[3].ProcCmd:NODE_None
Sta.Proc[3].InvMarked:false
Sta.Proc[3].CacheState:CACHE_I
Sta.Proc[4].ProcCmd:NODE_None
Sta.Proc[4].InvMarked:false
Sta.Proc[4].CacheState:CACHE_I
Sta.HomeProc.ProcCmd:NODE_None
Sta.HomeProc.InvMarked:false
Sta.HomeProc.CacheState:CACHE_I
Sta.Dir.Pending:false
Sta.Dir.Local:false
Sta.Dir.Dirty:false
Sta.Dir.HeadVld:false
Sta.Dir.HeadPtr:Undefined
Sta.Dir.ShrVld:false
Sta.Dir.ShrSet[1]:false
Sta.Dir.ShrSet[2]:false
Sta.Dir.ShrSet[3]:false
Sta.Dir.ShrSet[4]:false
Sta.Dir.InvSet[1]:false
Sta.Dir.InvSet[2]:false
Sta.Dir.InvSet[3]:false
Sta.Dir.InvSet[4]:false
Sta.UniMsg[1].Cmd:UNI_None
Sta.UniMsg[1].Proc:Undefined
Sta.UniMsg[1].HomeProc:false
Sta.UniMsg[2].Cmd:UNI_None
Sta.UniMsg[2].Proc:Undefined
Sta.UniMsg[2].HomeProc:false
Sta.UniMsg[3].Cmd:UNI_None
Sta.UniMsg[3].Proc:Undefined
Sta.UniMsg[3].HomeProc:false
Sta.UniMsg[4].Cmd:UNI_None
Sta.UniMsg[4].Proc:Undefined
Sta.UniMsg[4].HomeProc:false
Sta.HomeUniMsg.Cmd:UNI_None
Sta.HomeUniMsg.Proc:Undefined
Sta.HomeUniMsg.HomeProc:false
Sta.InvMsg[1].Cmd:INV_None
Sta.InvMsg[2].Cmd:INV_None
Sta.InvMsg[3].Cmd:INV_None
Sta.InvMsg[4].Cmd:INV_None
Sta.RpMsg[1].Cmd:RP_None
Sta.RpMsg[2].Cmd:RP_None
Sta.RpMsg[3].Cmd:RP_None
Sta.RpMsg[4].Cmd:RP_None
Sta.WbMsg.Cmd:WB_None
Sta.WbMsg.Proc:Undefined
Sta.ShWbMsg.Cmd:SHWB_None
Sta.ShWbMsg.Proc:Undefined
Sta.NakcMsg.Cmd:NAKC_None
Sta.PendReqSrc:Undefined
Sta.HomePendReqSrc:false
Sta.Collecting:false
Sta.FwdCmd:UNI_None

------------- Show a heuristic value: ------------------
11

------------- Show Goalstate: ------------------
Sta.Proc[1].ProcCmd:NODE_None
Sta.Proc[1].InvMarked:false
Sta.Proc[1].CacheState:CACHE_I
Sta.Proc[2].ProcCmd:NODE_None
Sta.Proc[2].InvMarked:false
Sta.Proc[2].CacheState:CACHE_I
Sta.Proc[3].ProcCmd:NODE_None
Sta.Proc[3].InvMarked:false
Sta.Proc[3].CacheState:CACHE_I
Sta.Proc[4].ProcCmd:NODE_None
Sta.Proc[4].InvMarked:false
Sta.Proc[4].CacheState:CACHE_I
Sta.HomeProc.ProcCmd:NODE_None
Sta.HomeProc.InvMarked:false
Sta.HomeProc.CacheState:CACHE_I
Sta.Dir.Pending:false
Sta.Dir.Local:false
Sta.Dir.Dirty:false
Sta.Dir.HeadVld:false
Sta.Dir.HeadPtr:Undefined
Sta.Dir.ShrVld:false
Sta.Dir.ShrSet[1]:false
Sta.Dir.ShrSet[2]:false
Sta.Dir.ShrSet[3]:false
Sta.Dir.ShrSet[4]:false
Sta.Dir.InvSet[1]:false
Sta.Dir.InvSet[2]:false
Sta.Dir.InvSet[3]:false
Sta.Dir.InvSet[4]:false
Sta.UniMsg[1].Cmd:UNI_None
Sta.UniMsg[1].Proc:Undefined
Sta.UniMsg[1].HomeProc:false
Sta.UniMsg[2].Cmd:UNI_None
Sta.UniMsg[2].Proc:Undefined
Sta.UniMsg[2].HomeProc:false
Sta.UniMsg[3].Cmd:UNI_None
Sta.UniMsg[3].Proc:Undefined
Sta.UniMsg[3].HomeProc:false
Sta.UniMsg[4].Cmd:UNI_None
Sta.UniMsg[4].Proc:Undefined
Sta.UniMsg[4].HomeProc:false
Sta.HomeUniMsg.Cmd:UNI_None
Sta.HomeUniMsg.Proc:Undefined
Sta.HomeUniMsg.HomeProc:false
Sta.InvMsg[1].Cmd:INV_None
Sta.InvMsg[2].Cmd:INV_None
Sta.InvMsg[3].Cmd:INV_None
Sta.InvMsg[4].Cmd:INV_None
Sta.RpMsg[1].Cmd:RP_None
Sta.RpMsg[2].Cmd:RP_None
Sta.RpMsg[3].Cmd:RP_None
Sta.RpMsg[4].Cmd:RP_None
Sta.WbMsg.Cmd:WB_None
Sta.WbMsg.Proc:Undefined
Sta.ShWbMsg.Cmd:SHWB_None
Sta.ShWbMsg.Proc:Undefined
Sta.NakcMsg.Cmd:NAKC_None
Sta.PendReqSrc:Undefined
Sta.HomePendReqSrc:false
Sta.Collecting:false
Sta.FwdCmd:UNI_None

===== Startstates generated! =====

Progress Report:

	1000 states explored in 5.50s, with 1582 rules fired and 812 states in the queue.
	2000 states explored in 5.56s, with 3142 rules fired and 1624 states in the queue.
	3000 states explored in 5.62s, with 4939 rules fired and 2418 states in the queue.
	4000 states explored in 5.70s, with 6809 rules fired and 3200 states in the queue.
	5000 states explored in 5.77s, with 8574 rules fired and 4012 states in the queue.

==========================================================================

Result:

	Invariant "test_proprity, j:2, i:4" failed.

State Space Explored:

	5625 states, 9763 rules fired in 5.81s.

Analysis of State Space:

	There are rules that are never fired.
	If you are running with symmetry, this may be why.  Otherwise,
	please run this program with "-pr" for the rules information.
