You choose the local search option :-)
This program should be regarded as a DEBUGGING aid, not as a 
certifier of correctness.
Call with the -l flag or read the license file for terms
and conditions of use.
Run this program with "-h" for the list of options.

Bugs, questions, and comments should be directed to
"melatti@di.uniroma1.it".

CMurphi compiler last modified date: Nov 26 2022
Include files last modified date:    Jul 23 2021
==========================================================================

==========================================================================
Caching Murphi Release 5.5.0
Finite-state Concurrent System Verifier.

Caching Murphi Release 5.5.0 is based on various versions of Murphi.
Caching Murphi Release 5.5.0 :
Copyright (C) 2009-2012 by Sapienza University of Rome.
Murphi release 3.1 :
Copyright (C) 1992 - 1999 by the Board of Trustees of
Leland Stanford Junior University.

==========================================================================

Protocol: ./benchmarks/murphi_protocols/german_node8

Algorithm:
	Verification by our local search.
	with symmetry algorithm 3 -- Heuristic Small Memory Normalization
	with permutation trial limit 10.

Memory usage:

	* The size of each state is 680 bits (rounded up to 88 bytes).
	* The memory allocated for the hash table and state queue is
	  5242 Mbytes.
	  With two words of overhead per state, the maximum size of
	  the state space is 50027489 states.
	   * Use option "-k" or "-m" to increase this, if necessary.
	* Capacity in queue for breadth-first search: 5002748 states.
	   * Change the constant gPercentActiveStates in mu_prolog.inc
	     to increase this, if necessary.

Warning: No trace will not be printed in the case of protocol errors!
         Check the options if you want to have error traces.
==========================================================================

You are using local search algorithm:

------------- Show Goalstate: ------------------
Cache[1].State:S
Cache[1].Data:Undefined
Cache[2].State:GntS
Cache[2].Data:Undefined
Cache[3].State:I
Cache[3].Data:Undefined
Cache[4].State:I
Cache[4].Data:Undefined
Cache[5].State:I
Cache[5].Data:Undefined
Cache[6].State:I
Cache[6].Data:Undefined
Cache[7].State:I
Cache[7].Data:Undefined
Cache[8].State:I
Cache[8].Data:Undefined
Chan1[1].Cmd:Empty
Chan1[1].Data:Undefined
Chan1[2].Cmd:Empty
Chan1[2].Data:Undefined
Chan1[3].Cmd:Empty
Chan1[3].Data:Undefined
Chan1[4].Cmd:Empty
Chan1[4].Data:Undefined
Chan1[5].Cmd:Empty
Chan1[5].Data:Undefined
Chan1[6].Cmd:Empty
Chan1[6].Data:Undefined
Chan1[7].Cmd:Empty
Chan1[7].Data:Undefined
Chan1[8].Cmd:Empty
Chan1[8].Data:Undefined
Chan2[1].Cmd:Empty
Chan2[1].Data:Undefined
Chan2[2].Cmd:Empty
Chan2[2].Data:Undefined
Chan2[3].Cmd:Empty
Chan2[3].Data:Undefined
Chan2[4].Cmd:Empty
Chan2[4].Data:Undefined
Chan2[5].Cmd:Empty
Chan2[5].Data:Undefined
Chan2[6].Cmd:Empty
Chan2[6].Data:Undefined
Chan2[7].Cmd:Empty
Chan2[7].Data:Undefined
Chan2[8].Cmd:Empty
Chan2[8].Data:Undefined
Chan3[1].Cmd:Empty
Chan3[1].Data:Undefined
Chan3[2].Cmd:Empty
Chan3[2].Data:Undefined
Chan3[3].Cmd:Empty
Chan3[3].Data:Undefined
Chan3[4].Cmd:Empty
Chan3[4].Data:Undefined
Chan3[5].Cmd:Empty
Chan3[5].Data:Undefined
Chan3[6].Cmd:Empty
Chan3[6].Data:Undefined
Chan3[7].Cmd:Empty
Chan3[7].Data:Undefined
Chan3[8].Cmd:Empty
Chan3[8].Data:Undefined
InvSet[1]:false
InvSet[2]:false
InvSet[3]:false
InvSet[4]:false
InvSet[5]:false
InvSet[6]:false
InvSet[7]:false
InvSet[8]:false
ShrSet[1]:false
ShrSet[2]:false
ShrSet[3]:false
ShrSet[4]:false
ShrSet[5]:false
ShrSet[6]:false
ShrSet[7]:false
ShrSet[8]:false
ExGntd:false
CurCmd:Empty
CurPtr:Undefined
MemData:1
AuxData:1

------------- Show a heuristic value: ------------------
11

------------- Show Goalstate: ------------------
Cache[1].State:I
Cache[1].Data:Undefined
Cache[2].State:I
Cache[2].Data:Undefined
Cache[3].State:I
Cache[3].Data:Undefined
Cache[4].State:I
Cache[4].Data:Undefined
Cache[5].State:I
Cache[5].Data:Undefined
Cache[6].State:I
Cache[6].Data:Undefined
Cache[7].State:I
Cache[7].Data:Undefined
Cache[8].State:I
Cache[8].Data:Undefined
Chan1[1].Cmd:Empty
Chan1[1].Data:Undefined
Chan1[2].Cmd:Empty
Chan1[2].Data:Undefined
Chan1[3].Cmd:Empty
Chan1[3].Data:Undefined
Chan1[4].Cmd:Empty
Chan1[4].Data:Undefined
Chan1[5].Cmd:Empty
Chan1[5].Data:Undefined
Chan1[6].Cmd:Empty
Chan1[6].Data:Undefined
Chan1[7].Cmd:Empty
Chan1[7].Data:Undefined
Chan1[8].Cmd:Empty
Chan1[8].Data:Undefined
Chan2[1].Cmd:Empty
Chan2[1].Data:Undefined
Chan2[2].Cmd:Empty
Chan2[2].Data:Undefined
Chan2[3].Cmd:Empty
Chan2[3].Data:Undefined
Chan2[4].Cmd:Empty
Chan2[4].Data:Undefined
Chan2[5].Cmd:Empty
Chan2[5].Data:Undefined
Chan2[6].Cmd:Empty
Chan2[6].Data:Undefined
Chan2[7].Cmd:Empty
Chan2[7].Data:Undefined
Chan2[8].Cmd:Empty
Chan2[8].Data:Undefined
Chan3[1].Cmd:Empty
Chan3[1].Data:Undefined
Chan3[2].Cmd:Empty
Chan3[2].Data:Undefined
Chan3[3].Cmd:Empty
Chan3[3].Data:Undefined
Chan3[4].Cmd:Empty
Chan3[4].Data:Undefined
Chan3[5].Cmd:Empty
Chan3[5].Data:Undefined
Chan3[6].Cmd:Empty
Chan3[6].Data:Undefined
Chan3[7].Cmd:Empty
Chan3[7].Data:Undefined
Chan3[8].Cmd:Empty
Chan3[8].Data:Undefined
InvSet[1]:false
InvSet[2]:false
InvSet[3]:false
InvSet[4]:false
InvSet[5]:false
InvSet[6]:false
InvSet[7]:false
InvSet[8]:false
ShrSet[1]:false
ShrSet[2]:false
ShrSet[3]:false
ShrSet[4]:false
ShrSet[5]:false
ShrSet[6]:false
ShrSet[7]:false
ShrSet[8]:false
ExGntd:false
CurCmd:Empty
CurPtr:Undefined
MemData:1
AuxData:1

===== Startstates generated! =====

Progress Report:

	1000 states explored in 6.57s, with 2232 rules fired and 845 states in the queue.
	2000 states explored in 6.95s, with 3782 rules fired and 1731 states in the queue.
	3000 states explored in 7.67s, with 6204 rules fired and 2553 states in the queue.
	4000 states explored in 7.96s, with 9959 rules fired and 3282 states in the queue.
	5000 states explored in 8.19s, with 13116 rules fired and 4045 states in the queue.
	6000 states explored in 8.34s, with 14840 rules fired and 4908 states in the queue.
	7000 states explored in 8.48s, with 16559 rules fired and 5770 states in the queue.
	8000 states explored in 8.67s, with 18893 rules fired and 6586 states in the queue.
	9000 states explored in 8.88s, with 21512 rules fired and 7380 states in the queue.
	10000 states explored in 9.05s, with 23572 rules fired and 8219 states in the queue.
	11000 states explored in 9.24s, with 26028 rules fired and 9025 states in the queue.
	12000 states explored in 9.45s, with 28830 rules fired and 9803 states in the queue.
	13000 states explored in 9.68s, with 31609 rules fired and 10585 states in the queue.
	14000 states explored in 10.05s, with 36206 rules fired and 11224 states in the queue.
	15000 states explored in 10.49s, with 41754 rules fired and 11794 states in the queue.
	16000 states explored in 11.18s, with 51106 rules fired and 12051 states in the queue.
	17000 states explored in 11.29s, with 52428 rules fired and 12931 states in the queue.
	18000 states explored in 11.41s, with 53963 rules fired and 13792 states in the queue.
	19000 states explored in 11.61s, with 55856 rules fired and 14641 states in the queue.
	20000 states explored in 11.78s, with 58066 rules fired and 15477 states in the queue.
	21000 states explored in 11.99s, with 60767 rules fired and 16267 states in the queue.
	22000 states explored in 12.31s, with 64598 rules fired and 16965 states in the queue.
	23000 states explored in 12.45s, with 66399 rules fired and 17811 states in the queue.
	24000 states explored in 12.88s, with 68573 rules fired and 18626 states in the queue.
	25000 states explored in 13.11s, with 71248 rules fired and 19402 states in the queue.
	26000 states explored in 13.35s, with 74444 rules fired and 20133 states in the queue.
	27000 states explored in 13.60s, with 77737 rules fired and 20859 states in the queue.
	28000 states explored in 13.96s, with 81986 rules fired and 21504 states in the queue.

==========================================================================

Result:

	Invariant "CntrlProp, j:2, i:1" failed.

State Space Explored:

	28974 states, 88113 rules fired in 14.46s.

Analysis of State Space:

	There are rules that are never fired.
	If you are running with symmetry, this may be why.  Otherwise,
	please run this program with "-pr" for the rules information.
