You choose the local search option :-)
This program should be regarded as a DEBUGGING aid, not as a 
certifier of correctness.
Call with the -l flag or read the license file for terms
and conditions of use.
Run this program with "-h" for the list of options.

Bugs, questions, and comments should be directed to
"melatti@di.uniroma1.it".

CMurphi compiler last modified date: Nov 26 2022
Include files last modified date:    Jul 23 2021
==========================================================================

==========================================================================
Caching Murphi Release 5.5.0
Finite-state Concurrent System Verifier.

Caching Murphi Release 5.5.0 is based on various versions of Murphi.
Caching Murphi Release 5.5.0 :
Copyright (C) 2009-2012 by Sapienza University of Rome.
Murphi release 3.1 :
Copyright (C) 1992 - 1999 by the Board of Trustees of
Leland Stanford Junior University.

==========================================================================

Protocol: ./benchmarks/murphi_protocols/n_godsont_node16

Algorithm:
	Verification by our local search.
	with symmetry algorithm 3 -- Heuristic Small Memory Normalization
	with permutation trial limit 10.

Memory usage:

	* The size of each state is 2440 bits (rounded up to 312 bytes).
	* The memory allocated for the hash table and state queue is
	  5242 Mbytes.
	  With two words of overhead per state, the maximum size of
	  the state space is 15945511 states.
	   * Use option "-k" or "-m" to increase this, if necessary.
	* Capacity in queue for breadth-first search: 1594551 states.
	   * Change the constant gPercentActiveStates in mu_prolog.inc
	     to increase this, if necessary.

Warning: No trace will not be printed in the case of protocol errors!
         Check the options if you want to have error traces.
==========================================================================

You are using local search algorithm:

------------- Show Goalstate: ------------------
memory[1].data:0
memory[2].data:1
lock[1].owner:Undefined
lock[1].beUsed:false
lock[1].inProtection[1]:false
lock[1].inProtection[2]:false
lock[2].owner:Undefined
lock[2].beUsed:false
lock[2].inProtection[1]:false
lock[2].inProtection[2]:false
node[1].cache[1].state:INVALID
node[1].cache[1].addr:Undefined
node[1].cache[1].data:Undefined
node[1].cache[2].state:VALID
node[1].cache[2].addr:0
node[1].cache[2].data:0
node[1].hasLock:true
node[1].firstRead[1]:false
node[1].firstRead[2]:true
node[2].cache[1].state:INVALID
node[2].cache[1].addr:Undefined
node[2].cache[1].data:Undefined
node[2].cache[2].state:INVALID
node[2].cache[2].addr:Undefined
node[2].cache[2].data:Undefined
node[2].hasLock:false
node[2].firstRead[1]:true
node[2].firstRead[2]:true
node[3].cache[1].state:INVALID
node[3].cache[1].addr:Undefined
node[3].cache[1].data:Undefined
node[3].cache[2].state:INVALID
node[3].cache[2].addr:Undefined
node[3].cache[2].data:Undefined
node[3].hasLock:false
node[3].firstRead[1]:true
node[3].firstRead[2]:true
node[4].cache[1].state:INVALID
node[4].cache[1].addr:Undefined
node[4].cache[1].data:Undefined
node[4].cache[2].state:INVALID
node[4].cache[2].addr:Undefined
node[4].cache[2].data:Undefined
node[4].hasLock:false
node[4].firstRead[1]:true
node[4].firstRead[2]:true
node[5].cache[1].state:INVALID
node[5].cache[1].addr:Undefined
node[5].cache[1].data:Undefined
node[5].cache[2].state:INVALID
node[5].cache[2].addr:Undefined
node[5].cache[2].data:Undefined
node[5].hasLock:false
node[5].firstRead[1]:true
node[5].firstRead[2]:true
node[6].cache[1].state:INVALID
node[6].cache[1].addr:Undefined
node[6].cache[1].data:Undefined
node[6].cache[2].state:INVALID
node[6].cache[2].addr:Undefined
node[6].cache[2].data:Undefined
node[6].hasLock:false
node[6].firstRead[1]:true
node[6].firstRead[2]:true
node[7].cache[1].state:INVALID
node[7].cache[1].addr:Undefined
node[7].cache[1].data:Undefined
node[7].cache[2].state:INVALID
node[7].cache[2].addr:Undefined
node[7].cache[2].data:Undefined
node[7].hasLock:false
node[7].firstRead[1]:true
node[7].firstRead[2]:true
node[8].cache[1].state:INVALID
node[8].cache[1].addr:Undefined
node[8].cache[1].data:Undefined
node[8].cache[2].state:INVALID
node[8].cache[2].addr:Undefined
node[8].cache[2].data:Undefined
node[8].hasLock:false
node[8].firstRead[1]:true
node[8].firstRead[2]:true
node[9].cache[1].state:INVALID
node[9].cache[1].addr:Undefined
node[9].cache[1].data:Undefined
node[9].cache[2].state:INVALID
node[9].cache[2].addr:Undefined
node[9].cache[2].data:Undefined
node[9].hasLock:false
node[9].firstRead[1]:true
node[9].firstRead[2]:true
node[10].cache[1].state:INVALID
node[10].cache[1].addr:Undefined
node[10].cache[1].data:Undefined
node[10].cache[2].state:INVALID
node[10].cache[2].addr:Undefined
node[10].cache[2].data:Undefined
node[10].hasLock:false
node[10].firstRead[1]:true
node[10].firstRead[2]:true
node[11].cache[1].state:INVALID
node[11].cache[1].addr:Undefined
node[11].cache[1].data:Undefined
node[11].cache[2].state:INVALID
node[11].cache[2].addr:Undefined
node[11].cache[2].data:Undefined
node[11].hasLock:false
node[11].firstRead[1]:true
node[11].firstRead[2]:true
node[12].cache[1].state:INVALID
node[12].cache[1].addr:Undefined
node[12].cache[1].data:Undefined
node[12].cache[2].state:INVALID
node[12].cache[2].addr:Undefined
node[12].cache[2].data:Undefined
node[12].hasLock:false
node[12].firstRead[1]:true
node[12].firstRead[2]:true
node[13].cache[1].state:INVALID
node[13].cache[1].addr:Undefined
node[13].cache[1].data:Undefined
node[13].cache[2].state:INVALID
node[13].cache[2].addr:Undefined
node[13].cache[2].data:Undefined
node[13].hasLock:false
node[13].firstRead[1]:true
node[13].firstRead[2]:true
node[14].cache[1].state:INVALID
node[14].cache[1].addr:Undefined
node[14].cache[1].data:Undefined
node[14].cache[2].state:INVALID
node[14].cache[2].addr:Undefined
node[14].cache[2].data:Undefined
node[14].hasLock:false
node[14].firstRead[1]:true
node[14].firstRead[2]:true
node[15].cache[1].state:INVALID
node[15].cache[1].addr:Undefined
node[15].cache[1].data:Undefined
node[15].cache[2].state:INVALID
node[15].cache[2].addr:Undefined
node[15].cache[2].data:Undefined
node[15].hasLock:false
node[15].firstRead[1]:true
node[15].firstRead[2]:true
node[16].cache[1].state:INVALID
node[16].cache[1].addr:Undefined
node[16].cache[1].data:Undefined
node[16].cache[2].state:INVALID
node[16].cache[2].addr:Undefined
node[16].cache[2].data:Undefined
node[16].hasLock:false
node[16].firstRead[1]:true
node[16].firstRead[2]:true
node[17].cache[1].state:INVALID
node[17].cache[1].addr:Undefined
node[17].cache[1].data:Undefined
node[17].cache[2].state:INVALID
node[17].cache[2].addr:Undefined
node[17].cache[2].data:Undefined
node[17].hasLock:false
node[17].firstRead[1]:true
node[17].firstRead[2]:true
node[18].cache[1].state:INVALID
node[18].cache[1].addr:Undefined
node[18].cache[1].data:Undefined
node[18].cache[2].state:INVALID
node[18].cache[2].addr:Undefined
node[18].cache[2].data:Undefined
node[18].hasLock:false
node[18].firstRead[1]:true
node[18].firstRead[2]:true
node[19].cache[1].state:INVALID
node[19].cache[1].addr:Undefined
node[19].cache[1].data:Undefined
node[19].cache[2].state:INVALID
node[19].cache[2].addr:Undefined
node[19].cache[2].data:Undefined
node[19].hasLock:false
node[19].firstRead[1]:true
node[19].firstRead[2]:true
node[20].cache[1].state:INVALID
node[20].cache[1].addr:Undefined
node[20].cache[1].data:Undefined
node[20].cache[2].state:INVALID
node[20].cache[2].addr:Undefined
node[20].cache[2].data:Undefined
node[20].hasLock:false
node[20].firstRead[1]:true
node[20].firstRead[2]:true
node[21].cache[1].state:INVALID
node[21].cache[1].addr:Undefined
node[21].cache[1].data:Undefined
node[21].cache[2].state:INVALID
node[21].cache[2].addr:Undefined
node[21].cache[2].data:Undefined
node[21].hasLock:false
node[21].firstRead[1]:true
node[21].firstRead[2]:true
node[22].cache[1].state:INVALID
node[22].cache[1].addr:Undefined
node[22].cache[1].data:Undefined
node[22].cache[2].state:INVALID
node[22].cache[2].addr:Undefined
node[22].cache[2].data:Undefined
node[22].hasLock:false
node[22].firstRead[1]:true
node[22].firstRead[2]:true
node[23].cache[1].state:INVALID
node[23].cache[1].addr:Undefined
node[23].cache[1].data:Undefined
node[23].cache[2].state:INVALID
node[23].cache[2].addr:Undefined
node[23].cache[2].data:Undefined
node[23].hasLock:false
node[23].firstRead[1]:true
node[23].firstRead[2]:true
node[24].cache[1].state:INVALID
node[24].cache[1].addr:Undefined
node[24].cache[1].data:Undefined
node[24].cache[2].state:INVALID
node[24].cache[2].addr:Undefined
node[24].cache[2].data:Undefined
node[24].hasLock:false
node[24].firstRead[1]:true
node[24].firstRead[2]:true
node[25].cache[1].state:INVALID
node[25].cache[1].addr:Undefined
node[25].cache[1].data:Undefined
node[25].cache[2].state:INVALID
node[25].cache[2].addr:Undefined
node[25].cache[2].data:Undefined
node[25].hasLock:false
node[25].firstRead[1]:true
node[25].firstRead[2]:true
node[26].cache[1].state:INVALID
node[26].cache[1].addr:Undefined
node[26].cache[1].data:Undefined
node[26].cache[2].state:INVALID
node[26].cache[2].addr:Undefined
node[26].cache[2].data:Undefined
node[26].hasLock:false
node[26].firstRead[1]:true
node[26].firstRead[2]:true
node[27].cache[1].state:INVALID
node[27].cache[1].addr:Undefined
node[27].cache[1].data:Undefined
node[27].cache[2].state:INVALID
node[27].cache[2].addr:Undefined
node[27].cache[2].data:Undefined
node[27].hasLock:false
node[27].firstRead[1]:true
node[27].firstRead[2]:true
node[28].cache[1].state:INVALID
node[28].cache[1].addr:Undefined
node[28].cache[1].data:Undefined
node[28].cache[2].state:INVALID
node[28].cache[2].addr:Undefined
node[28].cache[2].data:Undefined
node[28].hasLock:false
node[28].firstRead[1]:true
node[28].firstRead[2]:true
node[29].cache[1].state:INVALID
node[29].cache[1].addr:Undefined
node[29].cache[1].data:Undefined
node[29].cache[2].state:INVALID
node[29].cache[2].addr:Undefined
node[29].cache[2].data:Undefined
node[29].hasLock:false
node[29].firstRead[1]:true
node[29].firstRead[2]:true
node[30].cache[1].state:INVALID
node[30].cache[1].addr:Undefined
node[30].cache[1].data:Undefined
node[30].cache[2].state:INVALID
node[30].cache[2].addr:Undefined
node[30].cache[2].data:Undefined
node[30].hasLock:false
node[30].firstRead[1]:true
node[30].firstRead[2]:true
node[31].cache[1].state:INVALID
node[31].cache[1].addr:Undefined
node[31].cache[1].data:Undefined
node[31].cache[2].state:INVALID
node[31].cache[2].addr:Undefined
node[31].cache[2].data:Undefined
node[31].hasLock:false
node[31].firstRead[1]:true
node[31].firstRead[2]:true
node[32].cache[1].state:INVALID
node[32].cache[1].addr:Undefined
node[32].cache[1].data:Undefined
node[32].cache[2].state:INVALID
node[32].cache[2].addr:Undefined
node[32].cache[2].data:Undefined
node[32].hasLock:false
node[32].firstRead[1]:true
node[32].firstRead[2]:true
curNode:32
curCache:2
curMemory:2
curData:1
curLock:2
replace:NON
repRule:NONE

------------- Show a heuristic value: ------------------
31

------------- Show Goalstate: ------------------
memory[1].data:1
memory[2].data:1
lock[1].owner:Undefined
lock[1].beUsed:false
lock[1].inProtection[1]:false
lock[1].inProtection[2]:false
lock[2].owner:Undefined
lock[2].beUsed:false
lock[2].inProtection[1]:false
lock[2].inProtection[2]:false
node[1].cache[1].state:INVALID
node[1].cache[1].addr:Undefined
node[1].cache[1].data:Undefined
node[1].cache[2].state:INVALID
node[1].cache[2].addr:Undefined
node[1].cache[2].data:Undefined
node[1].hasLock:false
node[1].firstRead[1]:true
node[1].firstRead[2]:true
node[2].cache[1].state:INVALID
node[2].cache[1].addr:Undefined
node[2].cache[1].data:Undefined
node[2].cache[2].state:INVALID
node[2].cache[2].addr:Undefined
node[2].cache[2].data:Undefined
node[2].hasLock:false
node[2].firstRead[1]:true
node[2].firstRead[2]:true
node[3].cache[1].state:INVALID
node[3].cache[1].addr:Undefined
node[3].cache[1].data:Undefined
node[3].cache[2].state:INVALID
node[3].cache[2].addr:Undefined
node[3].cache[2].data:Undefined
node[3].hasLock:false
node[3].firstRead[1]:true
node[3].firstRead[2]:true
node[4].cache[1].state:INVALID
node[4].cache[1].addr:Undefined
node[4].cache[1].data:Undefined
node[4].cache[2].state:INVALID
node[4].cache[2].addr:Undefined
node[4].cache[2].data:Undefined
node[4].hasLock:false
node[4].firstRead[1]:true
node[4].firstRead[2]:true
node[5].cache[1].state:INVALID
node[5].cache[1].addr:Undefined
node[5].cache[1].data:Undefined
node[5].cache[2].state:INVALID
node[5].cache[2].addr:Undefined
node[5].cache[2].data:Undefined
node[5].hasLock:false
node[5].firstRead[1]:true
node[5].firstRead[2]:true
node[6].cache[1].state:INVALID
node[6].cache[1].addr:Undefined
node[6].cache[1].data:Undefined
node[6].cache[2].state:INVALID
node[6].cache[2].addr:Undefined
node[6].cache[2].data:Undefined
node[6].hasLock:false
node[6].firstRead[1]:true
node[6].firstRead[2]:true
node[7].cache[1].state:INVALID
node[7].cache[1].addr:Undefined
node[7].cache[1].data:Undefined
node[7].cache[2].state:INVALID
node[7].cache[2].addr:Undefined
node[7].cache[2].data:Undefined
node[7].hasLock:false
node[7].firstRead[1]:true
node[7].firstRead[2]:true
node[8].cache[1].state:INVALID
node[8].cache[1].addr:Undefined
node[8].cache[1].data:Undefined
node[8].cache[2].state:INVALID
node[8].cache[2].addr:Undefined
node[8].cache[2].data:Undefined
node[8].hasLock:false
node[8].firstRead[1]:true
node[8].firstRead[2]:true
node[9].cache[1].state:INVALID
node[9].cache[1].addr:Undefined
node[9].cache[1].data:Undefined
node[9].cache[2].state:INVALID
node[9].cache[2].addr:Undefined
node[9].cache[2].data:Undefined
node[9].hasLock:false
node[9].firstRead[1]:true
node[9].firstRead[2]:true
node[10].cache[1].state:INVALID
node[10].cache[1].addr:Undefined
node[10].cache[1].data:Undefined
node[10].cache[2].state:INVALID
node[10].cache[2].addr:Undefined
node[10].cache[2].data:Undefined
node[10].hasLock:false
node[10].firstRead[1]:true
node[10].firstRead[2]:true
node[11].cache[1].state:INVALID
node[11].cache[1].addr:Undefined
node[11].cache[1].data:Undefined
node[11].cache[2].state:INVALID
node[11].cache[2].addr:Undefined
node[11].cache[2].data:Undefined
node[11].hasLock:false
node[11].firstRead[1]:true
node[11].firstRead[2]:true
node[12].cache[1].state:INVALID
node[12].cache[1].addr:Undefined
node[12].cache[1].data:Undefined
node[12].cache[2].state:INVALID
node[12].cache[2].addr:Undefined
node[12].cache[2].data:Undefined
node[12].hasLock:false
node[12].firstRead[1]:true
node[12].firstRead[2]:true
node[13].cache[1].state:INVALID
node[13].cache[1].addr:Undefined
node[13].cache[1].data:Undefined
node[13].cache[2].state:INVALID
node[13].cache[2].addr:Undefined
node[13].cache[2].data:Undefined
node[13].hasLock:false
node[13].firstRead[1]:true
node[13].firstRead[2]:true
node[14].cache[1].state:INVALID
node[14].cache[1].addr:Undefined
node[14].cache[1].data:Undefined
node[14].cache[2].state:INVALID
node[14].cache[2].addr:Undefined
node[14].cache[2].data:Undefined
node[14].hasLock:false
node[14].firstRead[1]:true
node[14].firstRead[2]:true
node[15].cache[1].state:INVALID
node[15].cache[1].addr:Undefined
node[15].cache[1].data:Undefined
node[15].cache[2].state:INVALID
node[15].cache[2].addr:Undefined
node[15].cache[2].data:Undefined
node[15].hasLock:false
node[15].firstRead[1]:true
node[15].firstRead[2]:true
node[16].cache[1].state:INVALID
node[16].cache[1].addr:Undefined
node[16].cache[1].data:Undefined
node[16].cache[2].state:INVALID
node[16].cache[2].addr:Undefined
node[16].cache[2].data:Undefined
node[16].hasLock:false
node[16].firstRead[1]:true
node[16].firstRead[2]:true
node[17].cache[1].state:INVALID
node[17].cache[1].addr:Undefined
node[17].cache[1].data:Undefined
node[17].cache[2].state:INVALID
node[17].cache[2].addr:Undefined
node[17].cache[2].data:Undefined
node[17].hasLock:false
node[17].firstRead[1]:true
node[17].firstRead[2]:true
node[18].cache[1].state:INVALID
node[18].cache[1].addr:Undefined
node[18].cache[1].data:Undefined
node[18].cache[2].state:INVALID
node[18].cache[2].addr:Undefined
node[18].cache[2].data:Undefined
node[18].hasLock:false
node[18].firstRead[1]:true
node[18].firstRead[2]:true
node[19].cache[1].state:INVALID
node[19].cache[1].addr:Undefined
node[19].cache[1].data:Undefined
node[19].cache[2].state:INVALID
node[19].cache[2].addr:Undefined
node[19].cache[2].data:Undefined
node[19].hasLock:false
node[19].firstRead[1]:true
node[19].firstRead[2]:true
node[20].cache[1].state:INVALID
node[20].cache[1].addr:Undefined
node[20].cache[1].data:Undefined
node[20].cache[2].state:INVALID
node[20].cache[2].addr:Undefined
node[20].cache[2].data:Undefined
node[20].hasLock:false
node[20].firstRead[1]:true
node[20].firstRead[2]:true
node[21].cache[1].state:INVALID
node[21].cache[1].addr:Undefined
node[21].cache[1].data:Undefined
node[21].cache[2].state:INVALID
node[21].cache[2].addr:Undefined
node[21].cache[2].data:Undefined
node[21].hasLock:false
node[21].firstRead[1]:true
node[21].firstRead[2]:true
node[22].cache[1].state:INVALID
node[22].cache[1].addr:Undefined
node[22].cache[1].data:Undefined
node[22].cache[2].state:INVALID
node[22].cache[2].addr:Undefined
node[22].cache[2].data:Undefined
node[22].hasLock:false
node[22].firstRead[1]:true
node[22].firstRead[2]:true
node[23].cache[1].state:INVALID
node[23].cache[1].addr:Undefined
node[23].cache[1].data:Undefined
node[23].cache[2].state:INVALID
node[23].cache[2].addr:Undefined
node[23].cache[2].data:Undefined
node[23].hasLock:false
node[23].firstRead[1]:true
node[23].firstRead[2]:true
node[24].cache[1].state:INVALID
node[24].cache[1].addr:Undefined
node[24].cache[1].data:Undefined
node[24].cache[2].state:INVALID
node[24].cache[2].addr:Undefined
node[24].cache[2].data:Undefined
node[24].hasLock:false
node[24].firstRead[1]:true
node[24].firstRead[2]:true
node[25].cache[1].state:INVALID
node[25].cache[1].addr:Undefined
node[25].cache[1].data:Undefined
node[25].cache[2].state:INVALID
node[25].cache[2].addr:Undefined
node[25].cache[2].data:Undefined
node[25].hasLock:false
node[25].firstRead[1]:true
node[25].firstRead[2]:true
node[26].cache[1].state:INVALID
node[26].cache[1].addr:Undefined
node[26].cache[1].data:Undefined
node[26].cache[2].state:INVALID
node[26].cache[2].addr:Undefined
node[26].cache[2].data:Undefined
node[26].hasLock:false
node[26].firstRead[1]:true
node[26].firstRead[2]:true
node[27].cache[1].state:INVALID
node[27].cache[1].addr:Undefined
node[27].cache[1].data:Undefined
node[27].cache[2].state:INVALID
node[27].cache[2].addr:Undefined
node[27].cache[2].data:Undefined
node[27].hasLock:false
node[27].firstRead[1]:true
node[27].firstRead[2]:true
node[28].cache[1].state:INVALID
node[28].cache[1].addr:Undefined
node[28].cache[1].data:Undefined
node[28].cache[2].state:INVALID
node[28].cache[2].addr:Undefined
node[28].cache[2].data:Undefined
node[28].hasLock:false
node[28].firstRead[1]:true
node[28].firstRead[2]:true
node[29].cache[1].state:INVALID
node[29].cache[1].addr:Undefined
node[29].cache[1].data:Undefined
node[29].cache[2].state:INVALID
node[29].cache[2].addr:Undefined
node[29].cache[2].data:Undefined
node[29].hasLock:false
node[29].firstRead[1]:true
node[29].firstRead[2]:true
node[30].cache[1].state:INVALID
node[30].cache[1].addr:Undefined
node[30].cache[1].data:Undefined
node[30].cache[2].state:INVALID
node[30].cache[2].addr:Undefined
node[30].cache[2].data:Undefined
node[30].hasLock:false
node[30].firstRead[1]:true
node[30].firstRead[2]:true
node[31].cache[1].state:INVALID
node[31].cache[1].addr:Undefined
node[31].cache[1].data:Undefined
node[31].cache[2].state:INVALID
node[31].cache[2].addr:Undefined
node[31].cache[2].data:Undefined
node[31].hasLock:false
node[31].firstRead[1]:true
node[31].firstRead[2]:true
node[32].cache[1].state:INVALID
node[32].cache[1].addr:Undefined
node[32].cache[1].data:Undefined
node[32].cache[2].state:INVALID
node[32].cache[2].addr:Undefined
node[32].cache[2].data:Undefined
node[32].hasLock:false
node[32].firstRead[1]:true
node[32].firstRead[2]:true
curNode:32
curCache:2
curMemory:2
curData:1
curLock:2
replace:NON
repRule:NONE

===== Startstates generated! =====

Progress Report:

	1000 states explored in 6.01s, with 1028 rules fired and 995 states in the queue.
	2000 states explored in 6.75s, with 2077 rules fired and 1987 states in the queue.
	3000 states explored in 7.55s, with 3244 rules fired and 2980 states in the queue.
	4000 states explored in 8.36s, with 4439 rules fired and 3973 states in the queue.
	5000 states explored in 9.14s, with 5597 rules fired and 4967 states in the queue.
	6000 states explored in 9.96s, with 6813 rules fired and 5960 states in the queue.
	7000 states explored in 10.82s, with 8044 rules fired and 6954 states in the queue.
	8000 states explored in 11.77s, with 9338 rules fired and 7947 states in the queue.
	9000 states explored in 12.73s, with 10724 rules fired and 8939 states in the queue.
	10000 states explored in 13.80s, with 12260 rules fired and 9931 states in the queue.
	11000 states explored in 15.02s, with 14074 rules fired and 10921 states in the queue.
	12000 states explored in 17.02s, with 17131 rules fired and 11903 states in the queue.
	13000 states explored in 121.09s, with 174798 rules fired and 10500 states in the queue.

==========================================================================

Result:

	Invariant "Coherence, a:2, j:2, i:1" failed.

State Space Explored:

	13092 states, 176387 rules fired in 122.15s.

Analysis of State Space:

	There are rules that are never fired.
	If you are running with symmetry, this may be why.  Otherwise,
	please run this program with "-pr" for the rules information.
