You choose the local search option :-)
This program should be regarded as a DEBUGGING aid, not as a 
certifier of correctness.
Call with the -l flag or read the license file for terms
and conditions of use.
Run this program with "-h" for the list of options.

Bugs, questions, and comments should be directed to
"melatti@di.uniroma1.it".

CMurphi compiler last modified date: Nov 26 2022
Include files last modified date:    Jul 23 2021
==========================================================================

==========================================================================
Caching Murphi Release 5.5.0
Finite-state Concurrent System Verifier.

Caching Murphi Release 5.5.0 is based on various versions of Murphi.
Caching Murphi Release 5.5.0 :
Copyright (C) 2009-2012 by Sapienza University of Rome.
Murphi release 3.1 :
Copyright (C) 1992 - 1999 by the Board of Trustees of
Leland Stanford Junior University.

==========================================================================

Protocol: ./benchmarks/murphi_protocols/n_godsont_node8

Algorithm:
	Verification by our local search.
	with symmetry algorithm 3 -- Heuristic Small Memory Normalization
	with permutation trial limit 10.

Memory usage:

	* The size of each state is 712 bits (rounded up to 96 bytes).
	* The memory allocated for the hash table and state queue is
	  5242 Mbytes.
	  With two words of overhead per state, the maximum size of
	  the state space is 46479439 states.
	   * Use option "-k" or "-m" to increase this, if necessary.
	* Capacity in queue for breadth-first search: 4647943 states.
	   * Change the constant gPercentActiveStates in mu_prolog.inc
	     to increase this, if necessary.

Warning: No trace will not be printed in the case of protocol errors!
         Check the options if you want to have error traces.
==========================================================================

You are using local search algorithm:

------------- Show Goalstate: ------------------
memory[1].data:0
memory[2].data:1
lock[1].owner:Undefined
lock[1].beUsed:false
lock[1].inProtection[1]:false
lock[1].inProtection[2]:false
lock[2].owner:Undefined
lock[2].beUsed:false
lock[2].inProtection[1]:false
lock[2].inProtection[2]:false
node[1].cache[1].state:INVALID
node[1].cache[1].addr:Undefined
node[1].cache[1].data:Undefined
node[1].cache[2].state:VALID
node[1].cache[2].addr:0
node[1].cache[2].data:0
node[1].hasLock:true
node[1].firstRead[1]:false
node[1].firstRead[2]:true
node[2].cache[1].state:INVALID
node[2].cache[1].addr:Undefined
node[2].cache[1].data:Undefined
node[2].cache[2].state:INVALID
node[2].cache[2].addr:Undefined
node[2].cache[2].data:Undefined
node[2].hasLock:false
node[2].firstRead[1]:true
node[2].firstRead[2]:true
node[3].cache[1].state:INVALID
node[3].cache[1].addr:Undefined
node[3].cache[1].data:Undefined
node[3].cache[2].state:INVALID
node[3].cache[2].addr:Undefined
node[3].cache[2].data:Undefined
node[3].hasLock:false
node[3].firstRead[1]:true
node[3].firstRead[2]:true
node[4].cache[1].state:INVALID
node[4].cache[1].addr:Undefined
node[4].cache[1].data:Undefined
node[4].cache[2].state:INVALID
node[4].cache[2].addr:Undefined
node[4].cache[2].data:Undefined
node[4].hasLock:false
node[4].firstRead[1]:true
node[4].firstRead[2]:true
node[5].cache[1].state:INVALID
node[5].cache[1].addr:Undefined
node[5].cache[1].data:Undefined
node[5].cache[2].state:INVALID
node[5].cache[2].addr:Undefined
node[5].cache[2].data:Undefined
node[5].hasLock:false
node[5].firstRead[1]:true
node[5].firstRead[2]:true
node[6].cache[1].state:INVALID
node[6].cache[1].addr:Undefined
node[6].cache[1].data:Undefined
node[6].cache[2].state:INVALID
node[6].cache[2].addr:Undefined
node[6].cache[2].data:Undefined
node[6].hasLock:false
node[6].firstRead[1]:true
node[6].firstRead[2]:true
node[7].cache[1].state:INVALID
node[7].cache[1].addr:Undefined
node[7].cache[1].data:Undefined
node[7].cache[2].state:INVALID
node[7].cache[2].addr:Undefined
node[7].cache[2].data:Undefined
node[7].hasLock:false
node[7].firstRead[1]:true
node[7].firstRead[2]:true
node[8].cache[1].state:INVALID
node[8].cache[1].addr:Undefined
node[8].cache[1].data:Undefined
node[8].cache[2].state:INVALID
node[8].cache[2].addr:Undefined
node[8].cache[2].data:Undefined
node[8].hasLock:false
node[8].firstRead[1]:true
node[8].firstRead[2]:true
curNode:8
curCache:2
curMemory:2
curData:1
curLock:2
replace:NON
repRule:NONE

------------- Show a heuristic value: ------------------
31

------------- Show Goalstate: ------------------
memory[1].data:1
memory[2].data:1
lock[1].owner:Undefined
lock[1].beUsed:false
lock[1].inProtection[1]:false
lock[1].inProtection[2]:false
lock[2].owner:Undefined
lock[2].beUsed:false
lock[2].inProtection[1]:false
lock[2].inProtection[2]:false
node[1].cache[1].state:INVALID
node[1].cache[1].addr:Undefined
node[1].cache[1].data:Undefined
node[1].cache[2].state:INVALID
node[1].cache[2].addr:Undefined
node[1].cache[2].data:Undefined
node[1].hasLock:false
node[1].firstRead[1]:true
node[1].firstRead[2]:true
node[2].cache[1].state:INVALID
node[2].cache[1].addr:Undefined
node[2].cache[1].data:Undefined
node[2].cache[2].state:INVALID
node[2].cache[2].addr:Undefined
node[2].cache[2].data:Undefined
node[2].hasLock:false
node[2].firstRead[1]:true
node[2].firstRead[2]:true
node[3].cache[1].state:INVALID
node[3].cache[1].addr:Undefined
node[3].cache[1].data:Undefined
node[3].cache[2].state:INVALID
node[3].cache[2].addr:Undefined
node[3].cache[2].data:Undefined
node[3].hasLock:false
node[3].firstRead[1]:true
node[3].firstRead[2]:true
node[4].cache[1].state:INVALID
node[4].cache[1].addr:Undefined
node[4].cache[1].data:Undefined
node[4].cache[2].state:INVALID
node[4].cache[2].addr:Undefined
node[4].cache[2].data:Undefined
node[4].hasLock:false
node[4].firstRead[1]:true
node[4].firstRead[2]:true
node[5].cache[1].state:INVALID
node[5].cache[1].addr:Undefined
node[5].cache[1].data:Undefined
node[5].cache[2].state:INVALID
node[5].cache[2].addr:Undefined
node[5].cache[2].data:Undefined
node[5].hasLock:false
node[5].firstRead[1]:true
node[5].firstRead[2]:true
node[6].cache[1].state:INVALID
node[6].cache[1].addr:Undefined
node[6].cache[1].data:Undefined
node[6].cache[2].state:INVALID
node[6].cache[2].addr:Undefined
node[6].cache[2].data:Undefined
node[6].hasLock:false
node[6].firstRead[1]:true
node[6].firstRead[2]:true
node[7].cache[1].state:INVALID
node[7].cache[1].addr:Undefined
node[7].cache[1].data:Undefined
node[7].cache[2].state:INVALID
node[7].cache[2].addr:Undefined
node[7].cache[2].data:Undefined
node[7].hasLock:false
node[7].firstRead[1]:true
node[7].firstRead[2]:true
node[8].cache[1].state:INVALID
node[8].cache[1].addr:Undefined
node[8].cache[1].data:Undefined
node[8].cache[2].state:INVALID
node[8].cache[2].addr:Undefined
node[8].cache[2].data:Undefined
node[8].hasLock:false
node[8].firstRead[1]:true
node[8].firstRead[2]:true
curNode:8
curCache:2
curMemory:2
curData:1
curLock:2
replace:NON
repRule:NONE

===== Startstates generated! =====

Progress Report:

	1000 states explored in 6.44s, with 1134 rules fired and 974 states in the queue.
	2000 states explored in 6.71s, with 2459 rules fired and 1940 states in the queue.
	3000 states explored in 6.96s, with 3706 rules fired and 2911 states in the queue.
	4000 states explored in 7.24s, with 5037 rules fired and 3878 states in the queue.
	5000 states explored in 7.50s, with 6318 rules fired and 4847 states in the queue.
	6000 states explored in 7.74s, with 7543 rules fired and 5816 states in the queue.
	7000 states explored in 8.01s, with 8783 rules fired and 6790 states in the queue.
	8000 states explored in 8.34s, with 10073 rules fired and 7754 states in the queue.
	9000 states explored in 8.62s, with 11338 rules fired and 8721 states in the queue.
	10000 states explored in 8.91s, with 12632 rules fired and 9686 states in the queue.
	11000 states explored in 9.16s, with 13898 rules fired and 10652 states in the queue.
	12000 states explored in 9.46s, with 15199 rules fired and 11618 states in the queue.
	13000 states explored in 9.74s, with 16470 rules fired and 12582 states in the queue.
	14000 states explored in 10.00s, with 17715 rules fired and 13556 states in the queue.
	15000 states explored in 10.25s, with 18992 rules fired and 14517 states in the queue.
	16000 states explored in 10.53s, with 20239 rules fired and 15490 states in the queue.
	17000 states explored in 10.82s, with 21507 rules fired and 16453 states in the queue.
	18000 states explored in 11.06s, with 22737 rules fired and 17425 states in the queue.
	19000 states explored in 11.31s, with 23993 rules fired and 18391 states in the queue.
	20000 states explored in 11.57s, with 25271 rules fired and 19355 states in the queue.
	21000 states explored in 11.82s, with 26505 rules fired and 20321 states in the queue.
	22000 states explored in 12.09s, with 27763 rules fired and 21286 states in the queue.
	23000 states explored in 12.39s, with 28971 rules fired and 22258 states in the queue.
	24000 states explored in 12.63s, with 30181 rules fired and 23233 states in the queue.
	25000 states explored in 12.86s, with 31397 rules fired and 24205 states in the queue.
	26000 states explored in 13.14s, with 32664 rules fired and 25165 states in the queue.
	27000 states explored in 13.39s, with 33926 rules fired and 26128 states in the queue.
	28000 states explored in 13.64s, with 35220 rules fired and 27096 states in the queue.
	29000 states explored in 13.97s, with 36690 rules fired and 28058 states in the queue.
	30000 states explored in 14.45s, with 38896 rules fired and 29005 states in the queue.
	31000 states explored in 14.90s, with 41204 rules fired and 29950 states in the queue.
	32000 states explored in 15.33s, with 43465 rules fired and 30894 states in the queue.
	33000 states explored in 15.76s, with 45693 rules fired and 31840 states in the queue.
	34000 states explored in 16.16s, with 47615 rules fired and 32783 states in the queue.
	35000 states explored in 16.61s, with 49955 rules fired and 33724 states in the queue.
	36000 states explored in 17.14s, with 52644 rules fired and 34666 states in the queue.
	37000 states explored in 17.46s, with 54211 rules fired and 35605 states in the queue.
	38000 states explored in 17.81s, with 56075 rules fired and 36546 states in the queue.
	39000 states explored in 18.31s, with 58245 rules fired and 37506 states in the queue.
	40000 states explored in 18.62s, with 59822 rules fired and 38477 states in the queue.
	41000 states explored in 18.92s, with 61422 rules fired and 39447 states in the queue.
	42000 states explored in 19.21s, with 62884 rules fired and 40401 states in the queue.
	43000 states explored in 19.63s, with 64947 rules fired and 41354 states in the queue.
	44000 states explored in 19.87s, with 66163 rules fired and 42333 states in the queue.
	45000 states explored in 20.11s, with 67346 rules fired and 43306 states in the queue.
	46000 states explored in 20.35s, with 68584 rules fired and 44285 states in the queue.
	47000 states explored in 20.58s, with 69781 rules fired and 45259 states in the queue.
	48000 states explored in 20.81s, with 70919 rules fired and 46230 states in the queue.
	49000 states explored in 21.07s, with 72249 rules fired and 47196 states in the queue.
	50000 states explored in 21.33s, with 73627 rules fired and 48161 states in the queue.
	51000 states explored in 21.60s, with 74939 rules fired and 49131 states in the queue.
	52000 states explored in 21.87s, with 76360 rules fired and 50092 states in the queue.
	53000 states explored in 22.13s, with 77675 rules fired and 51061 states in the queue.
	54000 states explored in 22.38s, with 78950 rules fired and 52032 states in the queue.
	55000 states explored in 22.64s, with 80253 rules fired and 53003 states in the queue.
	56000 states explored in 22.87s, with 81460 rules fired and 53976 states in the queue.
	57000 states explored in 23.11s, with 82692 rules fired and 54945 states in the queue.
	58000 states explored in 23.36s, with 83949 rules fired and 55908 states in the queue.
	59000 states explored in 23.63s, with 85350 rules fired and 56864 states in the queue.
	60000 states explored in 23.90s, with 86736 rules fired and 57822 states in the queue.
	61000 states explored in 24.15s, with 87964 rules fired and 58795 states in the queue.
	62000 states explored in 24.42s, with 89341 rules fired and 59757 states in the queue.
	63000 states explored in 24.68s, with 90667 rules fired and 60726 states in the queue.
	64000 states explored in 24.96s, with 92047 rules fired and 61690 states in the queue.
	65000 states explored in 25.20s, with 93295 rules fired and 62664 states in the queue.
	66000 states explored in 25.45s, with 94595 rules fired and 63635 states in the queue.
	67000 states explored in 25.69s, with 95792 rules fired and 64607 states in the queue.
	68000 states explored in 25.96s, with 97164 rules fired and 65571 states in the queue.
	69000 states explored in 26.21s, with 98429 rules fired and 66542 states in the queue.
	70000 states explored in 26.47s, with 99730 rules fired and 67504 states in the queue.
	71000 states explored in 26.72s, with 100977 rules fired and 68468 states in the queue.
	72000 states explored in 27.01s, with 102312 rules fired and 69427 states in the queue.
	73000 states explored in 27.29s, with 103702 rules fired and 70384 states in the queue.
	74000 states explored in 27.56s, with 105045 rules fired and 71345 states in the queue.
	75000 states explored in 27.81s, with 106366 rules fired and 72311 states in the queue.
	76000 states explored in 28.08s, with 107682 rules fired and 73278 states in the queue.
	77000 states explored in 28.31s, with 108884 rules fired and 74253 states in the queue.
	78000 states explored in 28.57s, with 110208 rules fired and 75231 states in the queue.
	79000 states explored in 28.81s, with 111452 rules fired and 76208 states in the queue.
	80000 states explored in 29.07s, with 112680 rules fired and 77187 states in the queue.
	81000 states explored in 29.32s, with 113928 rules fired and 78165 states in the queue.
	82000 states explored in 29.56s, with 115174 rules fired and 79144 states in the queue.
	83000 states explored in 29.81s, with 116456 rules fired and 80121 states in the queue.
	84000 states explored in 30.07s, with 117695 rules fired and 81098 states in the queue.
	85000 states explored in 30.32s, with 118944 rules fired and 82076 states in the queue.
	86000 states explored in 30.58s, with 120223 rules fired and 83053 states in the queue.
	87000 states explored in 30.85s, with 121600 rules fired and 84018 states in the queue.
	88000 states explored in 31.13s, with 123009 rules fired and 84983 states in the queue.
	89000 states explored in 31.38s, with 124299 rules fired and 85956 states in the queue.
	90000 states explored in 31.64s, with 125655 rules fired and 86920 states in the queue.
	91000 states explored in 31.96s, with 127244 rules fired and 87884 states in the queue.
	92000 states explored in 32.22s, with 128550 rules fired and 88860 states in the queue.
	93000 states explored in 32.48s, with 129854 rules fired and 89829 states in the queue.
	94000 states explored in 32.74s, with 131164 rules fired and 90800 states in the queue.
	95000 states explored in 33.01s, with 132519 rules fired and 91771 states in the queue.
	96000 states explored in 33.31s, with 133815 rules fired and 92743 states in the queue.
	97000 states explored in 33.57s, with 135110 rules fired and 93696 states in the queue.
	98000 states explored in 33.84s, with 136468 rules fired and 94644 states in the queue.
	99000 states explored in 34.10s, with 137794 rules fired and 95604 states in the queue.
	100000 states explored in 34.37s, with 139186 rules fired and 96567 states in the queue.
	101000 states explored in 34.63s, with 140505 rules fired and 97537 states in the queue.
	102000 states explored in 34.90s, with 141790 rules fired and 98507 states in the queue.
	103000 states explored in 35.14s, with 143062 rules fired and 99474 states in the queue.
	104000 states explored in 35.40s, with 144370 rules fired and 100438 states in the queue.
	105000 states explored in 35.67s, with 145782 rules fired and 101401 states in the queue.
	106000 states explored in 35.96s, with 147221 rules fired and 102373 states in the queue.
	107000 states explored in 36.23s, with 148514 rules fired and 103349 states in the queue.
	108000 states explored in 36.51s, with 149985 rules fired and 104316 states in the queue.
	109000 states explored in 36.77s, with 151301 rules fired and 105271 states in the queue.
	110000 states explored in 37.09s, with 152900 rules fired and 106235 states in the queue.
	111000 states explored in 37.36s, with 154313 rules fired and 107184 states in the queue.
	112000 states explored in 37.62s, with 155643 rules fired and 108136 states in the queue.
	113000 states explored in 37.87s, with 156902 rules fired and 109092 states in the queue.
	114000 states explored in 38.16s, with 158280 rules fired and 110062 states in the queue.
	115000 states explored in 38.42s, with 159631 rules fired and 111033 states in the queue.
	116000 states explored in 38.69s, with 160899 rules fired and 112007 states in the queue.
	117000 states explored in 38.95s, with 162197 rules fired and 112978 states in the queue.
	118000 states explored in 39.22s, with 163492 rules fired and 113947 states in the queue.
	119000 states explored in 39.49s, with 164871 rules fired and 114908 states in the queue.
	120000 states explored in 39.74s, with 166186 rules fired and 115857 states in the queue.
	121000 states explored in 40.03s, with 167672 rules fired and 116800 states in the queue.
	122000 states explored in 40.28s, with 168943 rules fired and 117771 states in the queue.
	123000 states explored in 40.55s, with 170335 rules fired and 118734 states in the queue.
	124000 states explored in 40.80s, with 171630 rules fired and 119703 states in the queue.
	125000 states explored in 41.06s, with 172908 rules fired and 120667 states in the queue.
	126000 states explored in 41.32s, with 174236 rules fired and 121630 states in the queue.
	127000 states explored in 41.58s, with 175563 rules fired and 122581 states in the queue.
	128000 states explored in 41.84s, with 176889 rules fired and 123552 states in the queue.
	129000 states explored in 42.10s, with 178221 rules fired and 124519 states in the queue.
	130000 states explored in 42.37s, with 179572 rules fired and 125478 states in the queue.
	131000 states explored in 42.61s, with 180822 rules fired and 126451 states in the queue.
	132000 states explored in 42.87s, with 182126 rules fired and 127413 states in the queue.
	133000 states explored in 43.12s, with 183392 rules fired and 128378 states in the queue.
	134000 states explored in 43.38s, with 184713 rules fired and 129346 states in the queue.
	135000 states explored in 43.64s, with 185973 rules fired and 130318 states in the queue.
	136000 states explored in 43.90s, with 187231 rules fired and 131296 states in the queue.
	137000 states explored in 44.16s, with 188555 rules fired and 132272 states in the queue.
	138000 states explored in 44.41s, with 189848 rules fired and 133244 states in the queue.
	139000 states explored in 44.69s, with 191278 rules fired and 134201 states in the queue.
	140000 states explored in 44.95s, with 192619 rules fired and 135165 states in the queue.
	141000 states explored in 45.20s, with 193897 rules fired and 136134 states in the queue.
	142000 states explored in 45.46s, with 195218 rules fired and 137096 states in the queue.
	143000 states explored in 45.70s, with 196468 rules fired and 138071 states in the queue.
	144000 states explored in 45.95s, with 197742 rules fired and 139047 states in the queue.
	145000 states explored in 46.20s, with 199044 rules fired and 140021 states in the queue.
	146000 states explored in 46.46s, with 200349 rules fired and 140996 states in the queue.
	147000 states explored in 46.71s, with 201659 rules fired and 141952 states in the queue.
	148000 states explored in 46.97s, with 202954 rules fired and 142920 states in the queue.
	149000 states explored in 47.22s, with 204239 rules fired and 143890 states in the queue.
	150000 states explored in 47.47s, with 205526 rules fired and 144859 states in the queue.
	151000 states explored in 47.73s, with 206813 rules fired and 145831 states in the queue.
	152000 states explored in 48.00s, with 208188 rules fired and 146793 states in the queue.
	153000 states explored in 48.26s, with 209480 rules fired and 147765 states in the queue.
	154000 states explored in 48.51s, with 210765 rules fired and 148741 states in the queue.
	155000 states explored in 48.76s, with 212044 rules fired and 149716 states in the queue.
	156000 states explored in 49.01s, with 213341 rules fired and 150686 states in the queue.
	157000 states explored in 49.27s, with 214680 rules fired and 151656 states in the queue.
	158000 states explored in 49.53s, with 215968 rules fired and 152627 states in the queue.
	159000 states explored in 49.78s, with 217274 rules fired and 153588 states in the queue.
	160000 states explored in 50.04s, with 218575 rules fired and 154560 states in the queue.
	161000 states explored in 50.30s, with 219888 rules fired and 155529 states in the queue.
	162000 states explored in 50.55s, with 221213 rules fired and 156496 states in the queue.
	163000 states explored in 50.81s, with 222529 rules fired and 157461 states in the queue.
	164000 states explored in 51.08s, with 223890 rules fired and 158416 states in the queue.
	165000 states explored in 51.34s, with 225231 rules fired and 159370 states in the queue.
	166000 states explored in 51.61s, with 226608 rules fired and 160334 states in the queue.
	167000 states explored in 51.87s, with 227954 rules fired and 161290 states in the queue.
	168000 states explored in 52.14s, with 229316 rules fired and 162255 states in the queue.
	169000 states explored in 52.40s, with 230679 rules fired and 163223 states in the queue.
	170000 states explored in 52.67s, with 232016 rules fired and 164188 states in the queue.
	171000 states explored in 52.91s, with 233266 rules fired and 165160 states in the queue.
	172000 states explored in 53.17s, with 234594 rules fired and 166118 states in the queue.
	173000 states explored in 53.47s, with 235927 rules fired and 167059 states in the queue.
	174000 states explored in 53.77s, with 237467 rules fired and 168020 states in the queue.
	175000 states explored in 54.07s, with 238948 rules fired and 168951 states in the queue.
	176000 states explored in 54.43s, with 240764 rules fired and 169899 states in the queue.
	177000 states explored in 54.76s, with 242456 rules fired and 170839 states in the queue.
	178000 states explored in 55.07s, with 243901 rules fired and 171796 states in the queue.
	179000 states explored in 55.35s, with 245340 rules fired and 172756 states in the queue.
	180000 states explored in 55.62s, with 246765 rules fired and 173722 states in the queue.
	181000 states explored in 55.90s, with 248220 rules fired and 174690 states in the queue.
	182000 states explored in 56.20s, with 249750 rules fired and 175654 states in the queue.
	183000 states explored in 56.47s, with 251146 rules fired and 176601 states in the queue.
	184000 states explored in 56.72s, with 252405 rules fired and 177565 states in the queue.
	185000 states explored in 56.99s, with 253795 rules fired and 178526 states in the queue.
	186000 states explored in 57.26s, with 255227 rules fired and 179472 states in the queue.
	187000 states explored in 57.55s, with 256679 rules fired and 180406 states in the queue.
	188000 states explored in 57.95s, with 258805 rules fired and 181354 states in the queue.
	189000 states explored in 58.21s, with 260081 rules fired and 182318 states in the queue.
	190000 states explored in 58.45s, with 261349 rules fired and 183271 states in the queue.
	191000 states explored in 58.73s, with 262734 rules fired and 184223 states in the queue.
	192000 states explored in 59.02s, with 264249 rules fired and 185164 states in the queue.
	193000 states explored in 59.46s, with 266536 rules fired and 186106 states in the queue.
	194000 states explored in 59.90s, with 268855 rules fired and 187049 states in the queue.
	195000 states explored in 60.42s, with 271446 rules fired and 187992 states in the queue.
	196000 states explored in 60.84s, with 273636 rules fired and 188938 states in the queue.
	197000 states explored in 61.28s, with 275939 rules fired and 189881 states in the queue.
	198000 states explored in 61.67s, with 277976 rules fired and 190821 states in the queue.
	199000 states explored in 62.05s, with 279950 rules fired and 191760 states in the queue.
	200000 states explored in 62.48s, with 282167 rules fired and 192705 states in the queue.
	201000 states explored in 62.90s, with 284364 rules fired and 193648 states in the queue.
	202000 states explored in 63.35s, with 286712 rules fired and 194590 states in the queue.
	203000 states explored in 63.84s, with 289224 rules fired and 195534 states in the queue.
	204000 states explored in 64.28s, with 291459 rules fired and 196478 states in the queue.
	205000 states explored in 64.72s, with 293721 rules fired and 197421 states in the queue.
	206000 states explored in 65.12s, with 295773 rules fired and 198361 states in the queue.
	207000 states explored in 65.48s, with 297649 rules fired and 199301 states in the queue.
	208000 states explored in 65.90s, with 299834 rules fired and 200238 states in the queue.
	209000 states explored in 66.24s, with 301566 rules fired and 201180 states in the queue.
	210000 states explored in 66.49s, with 302859 rules fired and 202150 states in the queue.
	211000 states explored in 66.76s, with 304251 rules fired and 203113 states in the queue.
	212000 states explored in 67.04s, with 305660 rules fired and 204076 states in the queue.
	213000 states explored in 67.28s, with 306897 rules fired and 205048 states in the queue.
	214000 states explored in 67.53s, with 308201 rules fired and 206019 states in the queue.
	215000 states explored in 67.77s, with 309430 rules fired and 206992 states in the queue.
	216000 states explored in 68.03s, with 310766 rules fired and 207959 states in the queue.
	217000 states explored in 68.28s, with 312074 rules fired and 208927 states in the queue.
	218000 states explored in 68.53s, with 313340 rules fired and 209894 states in the queue.
	219000 states explored in 68.79s, with 314672 rules fired and 210854 states in the queue.
	220000 states explored in 69.04s, with 315873 rules fired and 211820 states in the queue.
	221000 states explored in 69.32s, with 317272 rules fired and 212776 states in the queue.
	222000 states explored in 69.56s, with 318548 rules fired and 213743 states in the queue.
	223000 states explored in 69.82s, with 319837 rules fired and 214715 states in the queue.
	224000 states explored in 70.09s, with 321236 rules fired and 215675 states in the queue.
	225000 states explored in 70.35s, with 322535 rules fired and 216646 states in the queue.
	226000 states explored in 70.61s, with 323882 rules fired and 217612 states in the queue.
	227000 states explored in 70.85s, with 325159 rules fired and 218585 states in the queue.
	228000 states explored in 71.09s, with 326364 rules fired and 219556 states in the queue.
	229000 states explored in 71.35s, with 327650 rules fired and 220527 states in the queue.
	230000 states explored in 71.61s, with 329025 rules fired and 221489 states in the queue.
	231000 states explored in 71.86s, with 330264 rules fired and 222459 states in the queue.
	232000 states explored in 72.11s, with 331607 rules fired and 223419 states in the queue.
	233000 states explored in 72.36s, with 332843 rules fired and 224383 states in the queue.
	234000 states explored in 72.63s, with 334247 rules fired and 225338 states in the queue.
	235000 states explored in 72.89s, with 335596 rules fired and 226298 states in the queue.
	236000 states explored in 73.15s, with 336925 rules fired and 227260 states in the queue.
	237000 states explored in 73.41s, with 338252 rules fired and 228225 states in the queue.
	238000 states explored in 73.65s, with 339439 rules fired and 229190 states in the queue.
	239000 states explored in 73.92s, with 340833 rules fired and 230152 states in the queue.
	240000 states explored in 74.17s, with 342118 rules fired and 231124 states in the queue.
	241000 states explored in 74.45s, with 343542 rules fired and 232085 states in the queue.
	242000 states explored in 74.70s, with 344802 rules fired and 233057 states in the queue.
	243000 states explored in 74.95s, with 346100 rules fired and 234028 states in the queue.
	244000 states explored in 75.18s, with 347285 rules fired and 235000 states in the queue.
	245000 states explored in 75.44s, with 348643 rules fired and 235965 states in the queue.
	246000 states explored in 75.71s, with 349922 rules fired and 236937 states in the queue.
	247000 states explored in 75.95s, with 351186 rules fired and 237901 states in the queue.
	248000 states explored in 76.22s, with 352530 rules fired and 238861 states in the queue.
	249000 states explored in 76.47s, with 353825 rules fired and 239822 states in the queue.
	250000 states explored in 76.75s, with 355209 rules fired and 240779 states in the queue.
	251000 states explored in 77.00s, with 356444 rules fired and 241751 states in the queue.
	252000 states explored in 77.26s, with 357781 rules fired and 242716 states in the queue.
	253000 states explored in 77.52s, with 359135 rules fired and 243683 states in the queue.
	254000 states explored in 77.79s, with 360485 rules fired and 244649 states in the queue.
	255000 states explored in 78.04s, with 361766 rules fired and 245620 states in the queue.
	256000 states explored in 78.29s, with 363075 rules fired and 246591 states in the queue.
	257000 states explored in 78.53s, with 364299 rules fired and 247564 states in the queue.
	258000 states explored in 78.80s, with 365680 rules fired and 248528 states in the queue.
	259000 states explored in 79.05s, with 366945 rules fired and 249499 states in the queue.
	260000 states explored in 79.30s, with 368227 rules fired and 250462 states in the queue.
	261000 states explored in 79.55s, with 369513 rules fired and 251424 states in the queue.
	262000 states explored in 79.79s, with 370734 rules fired and 252388 states in the queue.
	263000 states explored in 80.08s, with 372149 rules fired and 253343 states in the queue.
	264000 states explored in 80.34s, with 373489 rules fired and 254304 states in the queue.
	265000 states explored in 80.60s, with 374817 rules fired and 255267 states in the queue.
	266000 states explored in 80.87s, with 376234 rules fired and 256220 states in the queue.
	267000 states explored in 81.12s, with 377469 rules fired and 257191 states in the queue.
	268000 states explored in 81.40s, with 378859 rules fired and 258153 states in the queue.
	269000 states explored in 81.65s, with 380169 rules fired and 259123 states in the queue.
	270000 states explored in 81.92s, with 381543 rules fired and 260086 states in the queue.
	271000 states explored in 82.20s, with 382846 rules fired and 261059 states in the queue.
	272000 states explored in 82.54s, with 384161 rules fired and 262028 states in the queue.
	273000 states explored in 82.80s, with 385398 rules fired and 262993 states in the queue.
	274000 states explored in 83.06s, with 386652 rules fired and 263962 states in the queue.
	275000 states explored in 83.34s, with 388073 rules fired and 264923 states in the queue.
	276000 states explored in 83.61s, with 389480 rules fired and 265879 states in the queue.
	277000 states explored in 83.85s, with 390705 rules fired and 266851 states in the queue.
	278000 states explored in 84.12s, with 392094 rules fired and 267814 states in the queue.
	279000 states explored in 84.37s, with 393369 rules fired and 268786 states in the queue.
	280000 states explored in 84.66s, with 394767 rules fired and 269750 states in the queue.
	281000 states explored in 84.91s, with 396079 rules fired and 270712 states in the queue.
	282000 states explored in 85.16s, with 397349 rules fired and 271686 states in the queue.
	283000 states explored in 85.42s, with 398686 rules fired and 272657 states in the queue.
	284000 states explored in 85.69s, with 399868 rules fired and 273621 states in the queue.
	285000 states explored in 85.94s, with 401140 rules fired and 274589 states in the queue.
	286000 states explored in 86.21s, with 402496 rules fired and 275556 states in the queue.
	287000 states explored in 86.48s, with 403917 rules fired and 276517 states in the queue.
	288000 states explored in 86.74s, with 405234 rules fired and 277487 states in the queue.
	289000 states explored in 87.01s, with 406630 rules fired and 278450 states in the queue.
	290000 states explored in 87.26s, with 407935 rules fired and 279403 states in the queue.
	291000 states explored in 87.49s, with 409095 rules fired and 280368 states in the queue.
	292000 states explored in 87.76s, with 410406 rules fired and 281334 states in the queue.
	293000 states explored in 88.04s, with 411811 rules fired and 282298 states in the queue.
	294000 states explored in 88.29s, with 413106 rules fired and 283269 states in the queue.
	295000 states explored in 88.57s, with 414559 rules fired and 284229 states in the queue.
	296000 states explored in 88.84s, with 415847 rules fired and 285197 states in the queue.
	297000 states explored in 89.10s, with 417036 rules fired and 286168 states in the queue.
	298000 states explored in 89.36s, with 418372 rules fired and 287133 states in the queue.
	299000 states explored in 89.61s, with 419685 rules fired and 288103 states in the queue.
	300000 states explored in 89.89s, with 421132 rules fired and 289063 states in the queue.
	301000 states explored in 90.17s, with 422475 rules fired and 290030 states in the queue.
	302000 states explored in 90.46s, with 423818 rules fired and 290991 states in the queue.
	303000 states explored in 90.73s, with 425136 rules fired and 291931 states in the queue.
	304000 states explored in 90.99s, with 426440 rules fired and 292887 states in the queue.
	305000 states explored in 91.21s, with 427582 rules fired and 293856 states in the queue.
	306000 states explored in 91.48s, with 428935 rules fired and 294823 states in the queue.
	307000 states explored in 91.74s, with 430279 rules fired and 295791 states in the queue.
	308000 states explored in 92.02s, with 431742 rules fired and 296750 states in the queue.
	309000 states explored in 92.28s, with 433061 rules fired and 297719 states in the queue.
	310000 states explored in 92.56s, with 434492 rules fired and 298685 states in the queue.
	311000 states explored in 92.83s, with 435897 rules fired and 299656 states in the queue.
	312000 states explored in 93.08s, with 437187 rules fired and 300629 states in the queue.
	313000 states explored in 93.34s, with 438510 rules fired and 301599 states in the queue.
	314000 states explored in 93.70s, with 440382 rules fired and 302564 states in the queue.
	315000 states explored in 93.95s, with 441656 rules fired and 303537 states in the queue.
	316000 states explored in 94.21s, with 443004 rules fired and 304505 states in the queue.
	317000 states explored in 94.45s, with 444244 rules fired and 305481 states in the queue.
	318000 states explored in 94.72s, with 445588 rules fired and 306443 states in the queue.
	319000 states explored in 94.97s, with 446903 rules fired and 307416 states in the queue.
	320000 states explored in 95.25s, with 448328 rules fired and 308385 states in the queue.
	321000 states explored in 95.50s, with 449590 rules fired and 309354 states in the queue.
	322000 states explored in 95.74s, with 450821 rules fired and 310326 states in the queue.
	323000 states explored in 95.99s, with 452122 rules fired and 311299 states in the queue.
	324000 states explored in 96.25s, with 453433 rules fired and 312270 states in the queue.
	325000 states explored in 96.50s, with 454731 rules fired and 313236 states in the queue.
	326000 states explored in 96.91s, with 456837 rules fired and 314189 states in the queue.
	327000 states explored in 97.25s, with 458455 rules fired and 315151 states in the queue.
	328000 states explored in 97.55s, with 460031 rules fired and 316102 states in the queue.
	329000 states explored in 97.87s, with 461667 rules fired and 317060 states in the queue.
	330000 states explored in 98.16s, with 463068 rules fired and 318024 states in the queue.
	331000 states explored in 98.47s, with 464662 rules fired and 318984 states in the queue.
	332000 states explored in 98.92s, with 466895 rules fired and 319926 states in the queue.
	333000 states explored in 99.20s, with 468334 rules fired and 320883 states in the queue.
	334000 states explored in 99.46s, with 469690 rules fired and 321848 states in the queue.
	335000 states explored in 99.74s, with 471088 rules fired and 322813 states in the queue.
	336000 states explored in 99.99s, with 472374 rules fired and 323779 states in the queue.
	337000 states explored in 100.32s, with 474096 rules fired and 324736 states in the queue.
	338000 states explored in 100.59s, with 475446 rules fired and 325695 states in the queue.
	339000 states explored in 100.83s, with 476723 rules fired and 326663 states in the queue.
	340000 states explored in 101.09s, with 478030 rules fired and 327634 states in the queue.
	341000 states explored in 101.38s, with 479528 rules fired and 328590 states in the queue.
	342000 states explored in 101.64s, with 480845 rules fired and 329559 states in the queue.
	343000 states explored in 101.90s, with 482241 rules fired and 330522 states in the queue.
	344000 states explored in 102.17s, with 483455 rules fired and 331497 states in the queue.
	345000 states explored in 102.43s, with 484746 rules fired and 332469 states in the queue.
	346000 states explored in 102.71s, with 485940 rules fired and 333439 states in the queue.
	347000 states explored in 103.07s, with 487202 rules fired and 334410 states in the queue.
	348000 states explored in 103.38s, with 488455 rules fired and 335373 states in the queue.
	349000 states explored in 103.65s, with 489799 rules fired and 336332 states in the queue.
	350000 states explored in 103.94s, with 491256 rules fired and 337286 states in the queue.
	351000 states explored in 104.18s, with 492479 rules fired and 338259 states in the queue.
	352000 states explored in 104.44s, with 493822 rules fired and 339225 states in the queue.
	353000 states explored in 104.71s, with 495169 rules fired and 340191 states in the queue.
	354000 states explored in 104.98s, with 496574 rules fired and 341154 states in the queue.
	355000 states explored in 105.23s, with 497820 rules fired and 342127 states in the queue.
	356000 states explored in 105.48s, with 499112 rules fired and 343099 states in the queue.
	357000 states explored in 105.71s, with 500266 rules fired and 344071 states in the queue.
	358000 states explored in 105.97s, with 501600 rules fired and 345038 states in the queue.
	359000 states explored in 106.24s, with 502944 rules fired and 346003 states in the queue.
	360000 states explored in 106.49s, with 504204 rules fired and 346970 states in the queue.
	361000 states explored in 106.75s, with 505525 rules fired and 347931 states in the queue.
	362000 states explored in 107.01s, with 506842 rules fired and 348891 states in the queue.
	363000 states explored in 107.28s, with 508216 rules fired and 349848 states in the queue.
	364000 states explored in 107.54s, with 509550 rules fired and 350810 states in the queue.
	365000 states explored in 107.81s, with 510871 rules fired and 351774 states in the queue.
	366000 states explored in 108.07s, with 512223 rules fired and 352736 states in the queue.
	367000 states explored in 108.32s, with 513508 rules fired and 353705 states in the queue.
	368000 states explored in 108.58s, with 514810 rules fired and 354674 states in the queue.
	369000 states explored in 108.87s, with 516253 rules fired and 355635 states in the queue.
	370000 states explored in 109.14s, with 517609 rules fired and 356601 states in the queue.
	371000 states explored in 109.39s, with 518856 rules fired and 357573 states in the queue.
	372000 states explored in 109.65s, with 520134 rules fired and 358546 states in the queue.
	373000 states explored in 109.90s, with 521332 rules fired and 359516 states in the queue.
	374000 states explored in 110.15s, with 522594 rules fired and 360489 states in the queue.
	375000 states explored in 110.43s, with 523974 rules fired and 361451 states in the queue.
	376000 states explored in 110.67s, with 525235 rules fired and 362420 states in the queue.
	377000 states explored in 110.93s, with 526565 rules fired and 363380 states in the queue.
	378000 states explored in 111.19s, with 527823 rules fired and 364344 states in the queue.
	379000 states explored in 111.46s, with 529241 rules fired and 365299 states in the queue.
	380000 states explored in 111.74s, with 530647 rules fired and 366261 states in the queue.
	381000 states explored in 112.00s, with 531965 rules fired and 367224 states in the queue.
	382000 states explored in 112.27s, with 533296 rules fired and 368196 states in the queue.
	383000 states explored in 112.52s, with 534590 rules fired and 369168 states in the queue.
	384000 states explored in 112.76s, with 535800 rules fired and 370139 states in the queue.
	385000 states explored in 113.00s, with 537069 rules fired and 371111 states in the queue.
	386000 states explored in 113.26s, with 538349 rules fired and 372078 states in the queue.
	387000 states explored in 113.67s, with 540460 rules fired and 373029 states in the queue.
	388000 states explored in 113.94s, with 541834 rules fired and 373997 states in the queue.
	389000 states explored in 114.42s, with 544371 rules fired and 374937 states in the queue.
	390000 states explored in 114.66s, with 545589 rules fired and 375904 states in the queue.
	391000 states explored in 114.92s, with 546913 rules fired and 376873 states in the queue.
	392000 states explored in 115.20s, with 548344 rules fired and 377834 states in the queue.
	393000 states explored in 115.46s, with 549644 rules fired and 378805 states in the queue.
	394000 states explored in 115.74s, with 551042 rules fired and 379768 states in the queue.
	395000 states explored in 115.99s, with 552319 rules fired and 380737 states in the queue.
	396000 states explored in 116.25s, with 553613 rules fired and 381710 states in the queue.
	397000 states explored in 116.50s, with 554859 rules fired and 382680 states in the queue.
	398000 states explored in 116.74s, with 556085 rules fired and 383653 states in the queue.
	399000 states explored in 116.98s, with 557310 rules fired and 384619 states in the queue.
	400000 states explored in 117.25s, with 558636 rules fired and 385579 states in the queue.
	401000 states explored in 117.53s, with 560088 rules fired and 386532 states in the queue.
	402000 states explored in 117.80s, with 561431 rules fired and 387497 states in the queue.
	403000 states explored in 118.09s, with 562806 rules fired and 388457 states in the queue.
	404000 states explored in 118.35s, with 564152 rules fired and 389421 states in the queue.
	405000 states explored in 118.60s, with 565398 rules fired and 390395 states in the queue.
	406000 states explored in 118.85s, with 566706 rules fired and 391366 states in the queue.
	407000 states explored in 119.09s, with 567902 rules fired and 392337 states in the queue.
	408000 states explored in 119.33s, with 569158 rules fired and 393308 states in the queue.
	409000 states explored in 119.59s, with 570451 rules fired and 394273 states in the queue.
	410000 states explored in 119.83s, with 571615 rules fired and 395234 states in the queue.
	411000 states explored in 120.08s, with 572909 rules fired and 396204 states in the queue.
	412000 states explored in 120.35s, with 574270 rules fired and 397171 states in the queue.
	413000 states explored in 120.63s, with 575698 rules fired and 398132 states in the queue.
	414000 states explored in 120.91s, with 577022 rules fired and 399101 states in the queue.
	415000 states explored in 121.18s, with 578381 rules fired and 400066 states in the queue.
	416000 states explored in 121.44s, with 579642 rules fired and 401038 states in the queue.
	417000 states explored in 121.70s, with 580949 rules fired and 402009 states in the queue.
	418000 states explored in 121.93s, with 582128 rules fired and 402981 states in the queue.
	419000 states explored in 122.17s, with 583377 rules fired and 403950 states in the queue.
	420000 states explored in 122.42s, with 584616 rules fired and 404915 states in the queue.
	421000 states explored in 122.69s, with 585990 rules fired and 405872 states in the queue.
	422000 states explored in 122.97s, with 587417 rules fired and 406829 states in the queue.
	423000 states explored in 123.22s, with 588665 rules fired and 407801 states in the queue.
	424000 states explored in 123.47s, with 589956 rules fired and 408770 states in the queue.
	425000 states explored in 123.75s, with 591394 rules fired and 409730 states in the queue.
	426000 states explored in 124.02s, with 592739 rules fired and 410694 states in the queue.
	427000 states explored in 124.27s, with 594007 rules fired and 411668 states in the queue.
	428000 states explored in 124.52s, with 595298 rules fired and 412639 states in the queue.
	429000 states explored in 124.76s, with 596481 rules fired and 413611 states in the queue.
	430000 states explored in 125.03s, with 597871 rules fired and 414574 states in the queue.
	431000 states explored in 125.28s, with 599139 rules fired and 415545 states in the queue.
	432000 states explored in 125.53s, with 600423 rules fired and 416508 states in the queue.
	433000 states explored in 125.78s, with 601718 rules fired and 417470 states in the queue.
	434000 states explored in 126.03s, with 602985 rules fired and 418433 states in the queue.
	435000 states explored in 126.31s, with 604396 rules fired and 419389 states in the queue.
	436000 states explored in 126.58s, with 605751 rules fired and 420349 states in the queue.
	437000 states explored in 126.83s, with 607060 rules fired and 421313 states in the queue.
	438000 states explored in 127.10s, with 608413 rules fired and 422276 states in the queue.
	439000 states explored in 127.45s, with 610230 rules fired and 423238 states in the queue.
	440000 states explored in 127.87s, with 612399 rules fired and 424180 states in the queue.
	441000 states explored in 128.21s, with 614169 rules fired and 425122 states in the queue.
	442000 states explored in 128.57s, with 616018 rules fired and 426074 states in the queue.
	443000 states explored in 128.89s, with 617633 rules fired and 427034 states in the queue.
	444000 states explored in 129.15s, with 618904 rules fired and 427993 states in the queue.
	445000 states explored in 129.47s, with 620559 rules fired and 428950 states in the queue.
	446000 states explored in 129.81s, with 622276 rules fired and 429901 states in the queue.
	447000 states explored in 130.26s, with 624484 rules fired and 430853 states in the queue.
	448000 states explored in 130.63s, with 626443 rules fired and 431799 states in the queue.
	449000 states explored in 130.98s, with 628240 rules fired and 432750 states in the queue.
	450000 states explored in 131.32s, with 629951 rules fired and 433710 states in the queue.
	451000 states explored in 131.58s, with 631268 rules fired and 434673 states in the queue.
	452000 states explored in 131.84s, with 632612 rules fired and 435638 states in the queue.
	453000 states explored in 132.15s, with 634210 rules fired and 436591 states in the queue.
	454000 states explored in 132.42s, with 635570 rules fired and 437556 states in the queue.
	455000 states explored in 132.68s, with 636876 rules fired and 438522 states in the queue.
	456000 states explored in 132.95s, with 638147 rules fired and 439493 states in the queue.
	457000 states explored in 133.25s, with 639545 rules fired and 440455 states in the queue.
	458000 states explored in 133.51s, with 640850 rules fired and 441424 states in the queue.
	459000 states explored in 133.77s, with 642190 rules fired and 442383 states in the queue.
	460000 states explored in 134.03s, with 643479 rules fired and 443355 states in the queue.
	461000 states explored in 134.30s, with 644820 rules fired and 444321 states in the queue.
	462000 states explored in 134.57s, with 646201 rules fired and 445277 states in the queue.
	463000 states explored in 134.84s, with 647565 rules fired and 446245 states in the queue.
	464000 states explored in 135.16s, with 649115 rules fired and 447168 states in the queue.
	465000 states explored in 135.44s, with 650507 rules fired and 448129 states in the queue.
	466000 states explored in 135.70s, with 651856 rules fired and 449099 states in the queue.
	467000 states explored in 136.00s, with 653414 rules fired and 450054 states in the queue.
	468000 states explored in 136.36s, with 655133 rules fired and 451006 states in the queue.
	469000 states explored in 136.65s, with 656593 rules fired and 451967 states in the queue.
	470000 states explored in 136.95s, with 658071 rules fired and 452920 states in the queue.
	471000 states explored in 137.23s, with 659484 rules fired and 453878 states in the queue.
	472000 states explored in 137.48s, with 660759 rules fired and 454838 states in the queue.
	473000 states explored in 137.73s, with 662020 rules fired and 455811 states in the queue.
	474000 states explored in 138.02s, with 663474 rules fired and 456770 states in the queue.
	475000 states explored in 138.28s, with 664774 rules fired and 457738 states in the queue.
	476000 states explored in 138.56s, with 666133 rules fired and 458702 states in the queue.
	477000 states explored in 138.83s, with 667467 rules fired and 459668 states in the queue.
	478000 states explored in 139.08s, with 668726 rules fired and 460640 states in the queue.
	479000 states explored in 139.36s, with 670146 rules fired and 461599 states in the queue.
	480000 states explored in 139.62s, with 671453 rules fired and 462568 states in the queue.
	481000 states explored in 139.89s, with 672799 rules fired and 463528 states in the queue.
	482000 states explored in 140.14s, with 674100 rules fired and 464493 states in the queue.
	483000 states explored in 140.41s, with 675459 rules fired and 465437 states in the queue.
	484000 states explored in 140.69s, with 676842 rules fired and 466399 states in the queue.
	485000 states explored in 140.95s, with 678152 rules fired and 467365 states in the queue.
	486000 states explored in 141.22s, with 679536 rules fired and 468325 states in the queue.
	487000 states explored in 141.49s, with 680894 rules fired and 469277 states in the queue.

==========================================================================

Result:

	Invariant "Coherence, a:2, j:2, i:1" failed.

State Space Explored:

	487068 states, 680977 rules fired in 141.51s.

Analysis of State Space:

	There are rules that are never fired.
	If you are running with symmetry, this may be why.  Otherwise,
	please run this program with "-pr" for the rules information.
