You choose the local search option :-)
This program should be regarded as a DEBUGGING aid, not as a 
certifier of correctness.
Call with the -l flag or read the license file for terms
and conditions of use.
Run this program with "-h" for the list of options.

Bugs, questions, and comments should be directed to
"melatti@di.uniroma1.it".

CMurphi compiler last modified date: Nov 20 2022
Include files last modified date:    Jul 23 2021
==========================================================================

==========================================================================
Caching Murphi Release 5.5.0
Finite-state Concurrent System Verifier.

Caching Murphi Release 5.5.0 is based on various versions of Murphi.
Caching Murphi Release 5.5.0 :
Copyright (C) 2009-2012 by Sapienza University of Rome.
Murphi release 3.1 :
Copyright (C) 1992 - 1999 by the Board of Trustees of
Leland Stanford Junior University.

==========================================================================

Protocol: ./benchmarks/murphi_protocols/n_godsont

Algorithm:
	Verification by our local search.
	with symmetry algorithm 3 -- Heuristic Small Memory Normalization
	with permutation trial limit 10.

Memory usage:

	* The size of each state is 424 bits (rounded up to 56 bytes).
	* The memory allocated for the hash table and state queue is
	  5242 Mbytes.
	  With two words of overhead per state, the maximum size of
	  the state space is 72017587 states.
	   * Use option "-k" or "-m" to increase this, if necessary.
	* Capacity in queue for breadth-first search: 7201758 states.
	   * Change the constant gPercentActiveStates in mu_prolog.inc
	     to increase this, if necessary.

Warning: No trace will not be printed in the case of protocol errors!
         Check the options if you want to have error traces.
==========================================================================

You are using local search algorithm:

------------- Show Goalstate: ------------------
memory[1].data:0
memory[2].data:1
lock[1].owner:Undefined
lock[1].beUsed:false
lock[1].inProtection[1]:false
lock[1].inProtection[2]:false
lock[2].owner:Undefined
lock[2].beUsed:false
lock[2].inProtection[1]:false
lock[2].inProtection[2]:false
node[1].cache[1].state:INVALID
node[1].cache[1].addr:Undefined
node[1].cache[1].data:Undefined
node[1].cache[2].state:VALID
node[1].cache[2].addr:0
node[1].cache[2].data:0
node[1].hasLock:true
node[1].firstRead[1]:false
node[1].firstRead[2]:true
node[2].cache[1].state:INVALID
node[2].cache[1].addr:Undefined
node[2].cache[1].data:Undefined
node[2].cache[2].state:INVALID
node[2].cache[2].addr:Undefined
node[2].cache[2].data:Undefined
node[2].hasLock:false
node[2].firstRead[1]:true
node[2].firstRead[2]:true
node[3].cache[1].state:INVALID
node[3].cache[1].addr:Undefined
node[3].cache[1].data:Undefined
node[3].cache[2].state:INVALID
node[3].cache[2].addr:Undefined
node[3].cache[2].data:Undefined
node[3].hasLock:false
node[3].firstRead[1]:true
node[3].firstRead[2]:true
node[4].cache[1].state:INVALID
node[4].cache[1].addr:Undefined
node[4].cache[1].data:Undefined
node[4].cache[2].state:INVALID
node[4].cache[2].addr:Undefined
node[4].cache[2].data:Undefined
node[4].hasLock:false
node[4].firstRead[1]:true
node[4].firstRead[2]:true
curNode:4
curCache:2
curMemory:2
curData:1
curLock:2
replace:NON
repRule:NONE

------------- Show a heuristic value: ------------------
31

------------- Show Goalstate: ------------------
memory[1].data:1
memory[2].data:1
lock[1].owner:Undefined
lock[1].beUsed:false
lock[1].inProtection[1]:false
lock[1].inProtection[2]:false
lock[2].owner:Undefined
lock[2].beUsed:false
lock[2].inProtection[1]:false
lock[2].inProtection[2]:false
node[1].cache[1].state:INVALID
node[1].cache[1].addr:Undefined
node[1].cache[1].data:Undefined
node[1].cache[2].state:INVALID
node[1].cache[2].addr:Undefined
node[1].cache[2].data:Undefined
node[1].hasLock:false
node[1].firstRead[1]:true
node[1].firstRead[2]:true
node[2].cache[1].state:INVALID
node[2].cache[1].addr:Undefined
node[2].cache[1].data:Undefined
node[2].cache[2].state:INVALID
node[2].cache[2].addr:Undefined
node[2].cache[2].data:Undefined
node[2].hasLock:false
node[2].firstRead[1]:true
node[2].firstRead[2]:true
node[3].cache[1].state:INVALID
node[3].cache[1].addr:Undefined
node[3].cache[1].data:Undefined
node[3].cache[2].state:INVALID
node[3].cache[2].addr:Undefined
node[3].cache[2].data:Undefined
node[3].hasLock:false
node[3].firstRead[1]:true
node[3].firstRead[2]:true
node[4].cache[1].state:INVALID
node[4].cache[1].addr:Undefined
node[4].cache[1].data:Undefined
node[4].cache[2].state:INVALID
node[4].cache[2].addr:Undefined
node[4].cache[2].data:Undefined
node[4].hasLock:false
node[4].firstRead[1]:true
node[4].firstRead[2]:true
curNode:4
curCache:2
curMemory:2
curData:1
curLock:2
replace:NON
repRule:NONE

===== Startstates generated! =====

Progress Report:

	1000 states explored in 7.46s, with 1378 rules fired and 936 states in the queue.

==========================================================================

Status:

	No error found.

State Space Explored:

	1800 states, 10114 rules fired in 8.48s.

Analysis of State Space:

	There are rules that are never fired.
	If you are running with symmetry, this may be why.  Otherwise,
	please run this program with "-pr" for the rules information.
